2018-12-21 12:09:03.9464|DEBUG|Caching|Cache|Initializing Cache|dbc618ca-0514-11e9-835f-e04f435b3b32
2018-12-21 12:09:03.9863|DEBUG|Caching|Cache|Initializing Cache|dbc618ca-0514-11e9-835f-e04f435b3b32
2018-12-21 12:09:04.1660|DEBUG|Caching|Cache|Initializing Cache|dbc618ca-0514-11e9-835f-e04f435b3b32
2018-12-21 12:09:04.3014|DEBUG|Caching|Cache|Initializing Cache|dbc618ca-0514-11e9-835f-e04f435b3b32
2018-12-21 12:09:04.3187|DEBUG|Caching|CachingOrchestrator|Starting cached execution|extraData cannot be serialized: Error getting value from 'AsBoolean' on 'Microsoft.DPrep.Lariat.DataModel.Value'.|dbc618ca-0514-11e9-835f-e04f435b3b32
2018-12-21 12:09:04.3348|DEBUG|Caching|CachingOrchestrator|Resolving activity reference|extraData cannot be serialized: Error getting value from 'AsBoolean' on 'Microsoft.DPrep.Lariat.DataModel.Value'.|dbc618ca-0514-11e9-835f-e04f435b3b32
2018-12-21 12:09:04.3348|DEBUG|Caching|CachingOrchestrator|No cache block found|extraData cannot be serialized: Error getting value from 'AsBoolean' on 'Microsoft.DPrep.Lariat.DataModel.Value'.|dbc618ca-0514-11e9-835f-e04f435b3b32
2018-12-21 12:09:04.3948|DEBUG|Caching|CachingOrchestrator|Resolving activity reference|extraData cannot be serialized: Error getting value from 'AsBoolean' on 'Microsoft.DPrep.Lariat.DataModel.Value'.|dbc618ca-0514-11e9-835f-e04f435b3b32
2018-12-21 12:09:04.3948|DEBUG|Caching|CachingOrchestrator|No cache block found|extraData cannot be serialized: Error getting value from 'AsBoolean' on 'Microsoft.DPrep.Lariat.DataModel.Value'.|dbc618ca-0514-11e9-835f-e04f435b3b32
2018-12-21 12:09:04.4073|DEBUG|Caching|CachingOrchestrator|Resolving activity reference|extraData cannot be serialized: Error getting value from 'AsBoolean' on 'Microsoft.DPrep.Lariat.DataModel.Value'.|dbc618ca-0514-11e9-835f-e04f435b3b32
2018-12-21 12:09:04.4073|DEBUG|Caching|CachingOrchestrator|No cache block found|extraData cannot be serialized: Error getting value from 'AsBoolean' on 'Microsoft.DPrep.Lariat.DataModel.Value'.|dbc618ca-0514-11e9-835f-e04f435b3b32
2018-12-21 12:09:06.8546|DEBUG|Caching|CachingOrchestrator|Cached execution completed|extraData cannot be serialized: Error getting value from 'AsBoolean' on 'Microsoft.DPrep.Lariat.DataModel.Value'.|dbc618ca-0514-11e9-835f-e04f435b3b32
2018-12-21 12:09:07.7703|DEBUG|Caching|Cache|Initializing Cache|dbc618ca-0514-11e9-835f-e04f435b3b32
2018-12-21 12:09:07.9238|DEBUG|Caching|Cache|Initializing Cache|dbc618ca-0514-11e9-835f-e04f435b3b32
2018-12-21 12:09:08.1340|DEBUG|Caching|Cache|Initializing Cache|dbc618ca-0514-11e9-835f-e04f435b3b32
2018-12-21 12:09:08.1401|DEBUG|Caching|CachingOrchestrator|Starting cached execution|extraData cannot be serialized: Error getting value from 'AsBoolean' on 'Microsoft.DPrep.Lariat.DataModel.Value'.|dbc618ca-0514-11e9-835f-e04f435b3b32
2018-12-21 12:09:08.1401|DEBUG|Caching|CachingOrchestrator|Resolving activity reference|extraData cannot be serialized: Error getting value from 'AsBoolean' on 'Microsoft.DPrep.Lariat.DataModel.Value'.|dbc618ca-0514-11e9-835f-e04f435b3b32
2018-12-21 12:09:08.1401|DEBUG|Caching|CachingOrchestrator|No cache block found|extraData cannot be serialized: Error getting value from 'AsBoolean' on 'Microsoft.DPrep.Lariat.DataModel.Value'.|dbc618ca-0514-11e9-835f-e04f435b3b32
2018-12-21 12:09:08.2019|DEBUG|Caching|CachingOrchestrator|Resolving activity reference|extraData cannot be serialized: Error getting value from 'AsBoolean' on 'Microsoft.DPrep.Lariat.DataModel.Value'.|dbc618ca-0514-11e9-835f-e04f435b3b32
2018-12-21 12:09:08.2051|DEBUG|Caching|CachingOrchestrator|No cache block found|extraData cannot be serialized: Error getting value from 'AsBoolean' on 'Microsoft.DPrep.Lariat.DataModel.Value'.|dbc618ca-0514-11e9-835f-e04f435b3b32
2018-12-21 12:09:08.2214|DEBUG|Caching|CachingOrchestrator|Resolving activity reference|extraData cannot be serialized: Error getting value from 'AsBoolean' on 'Microsoft.DPrep.Lariat.DataModel.Value'.|dbc618ca-0514-11e9-835f-e04f435b3b32
2018-12-21 12:09:08.2214|DEBUG|Caching|CachingOrchestrator|No cache block found|extraData cannot be serialized: Error getting value from 'AsBoolean' on 'Microsoft.DPrep.Lariat.DataModel.Value'.|dbc618ca-0514-11e9-835f-e04f435b3b32
2018-12-21 12:09:10.6579|DEBUG|Caching|CachingOrchestrator|Cached execution completed|extraData cannot be serialized: Error getting value from 'AsBoolean' on 'Microsoft.DPrep.Lariat.DataModel.Value'.|dbc618ca-0514-11e9-835f-e04f435b3b32
2018-12-21 12:10:28.0171|DEBUG|Caching|CachingOrchestrator|Starting cached execution|extraData cannot be serialized: Error getting value from 'AsBoolean' on 'Microsoft.DPrep.Lariat.DataModel.Value'.|dbc618ca-0514-11e9-835f-e04f435b3b32
2018-12-21 12:10:28.0171|DEBUG|Caching|CachingOrchestrator|Resolving activity reference|extraData cannot be serialized: Error getting value from 'AsBoolean' on 'Microsoft.DPrep.Lariat.DataModel.Value'.|dbc618ca-0514-11e9-835f-e04f435b3b32
2018-12-21 12:10:28.0171|DEBUG|Caching|CachingOrchestrator|No cache block found|extraData cannot be serialized: Error getting value from 'AsBoolean' on 'Microsoft.DPrep.Lariat.DataModel.Value'.|dbc618ca-0514-11e9-835f-e04f435b3b32
2018-12-21 12:10:28.0915|DEBUG|Caching|CachingOrchestrator|Resolving activity reference|extraData cannot be serialized: Error getting value from 'AsBoolean' on 'Microsoft.DPrep.Lariat.DataModel.Value'.|dbc618ca-0514-11e9-835f-e04f435b3b32
2018-12-21 12:10:28.0935|DEBUG|Caching|CachingOrchestrator|No cache block found|extraData cannot be serialized: Error getting value from 'AsBoolean' on 'Microsoft.DPrep.Lariat.DataModel.Value'.|dbc618ca-0514-11e9-835f-e04f435b3b32
2018-12-21 12:10:28.0935|DEBUG|Caching|CachingOrchestrator|Resolving activity reference|extraData cannot be serialized: Error getting value from 'AsBoolean' on 'Microsoft.DPrep.Lariat.DataModel.Value'.|dbc618ca-0514-11e9-835f-e04f435b3b32
2018-12-21 12:10:28.0935|DEBUG|Caching|CachingOrchestrator|No cache block found|extraData cannot be serialized: Error getting value from 'AsBoolean' on 'Microsoft.DPrep.Lariat.DataModel.Value'.|dbc618ca-0514-11e9-835f-e04f435b3b32
2018-12-21 12:10:32.0476|DEBUG|Caching|CachingOrchestrator|Cached execution completed|extraData cannot be serialized: Error getting value from 'AsBoolean' on 'Microsoft.DPrep.Lariat.DataModel.Value'.|dbc618ca-0514-11e9-835f-e04f435b3b32
2018-12-21 12:10:32.4656|DEBUG|Caching|Cache|Initializing Cache|dbc618ca-0514-11e9-835f-e04f435b3b32
2018-12-21 12:10:32.6112|DEBUG|Caching|Cache|Initializing Cache|dbc618ca-0514-11e9-835f-e04f435b3b32
2018-12-21 12:10:32.6317|DEBUG|Caching|CachingOrchestrator|Starting cached execution|extraData cannot be serialized: Error getting value from 'AsBoolean' on 'Microsoft.DPrep.Lariat.DataModel.Value'.|dbc618ca-0514-11e9-835f-e04f435b3b32
2018-12-21 12:10:32.6423|DEBUG|Caching|CachingOrchestrator|Resolving activity reference|extraData cannot be serialized: Error getting value from 'AsBoolean' on 'Microsoft.DPrep.Lariat.DataModel.Value'.|dbc618ca-0514-11e9-835f-e04f435b3b32
2018-12-21 12:10:32.6423|DEBUG|Caching|CachingOrchestrator|No cache block found|extraData cannot be serialized: Error getting value from 'AsBoolean' on 'Microsoft.DPrep.Lariat.DataModel.Value'.|dbc618ca-0514-11e9-835f-e04f435b3b32
2018-12-21 12:10:32.7182|DEBUG|Caching|CachingOrchestrator|Resolving activity reference|extraData cannot be serialized: Error getting value from 'AsBoolean' on 'Microsoft.DPrep.Lariat.DataModel.Value'.|dbc618ca-0514-11e9-835f-e04f435b3b32
2018-12-21 12:10:32.7182|DEBUG|Caching|CachingOrchestrator|No cache block found|extraData cannot be serialized: Error getting value from 'AsBoolean' on 'Microsoft.DPrep.Lariat.DataModel.Value'.|dbc618ca-0514-11e9-835f-e04f435b3b32
2018-12-21 12:10:32.7334|DEBUG|Caching|CachingOrchestrator|Resolving activity reference|extraData cannot be serialized: Error getting value from 'AsBoolean' on 'Microsoft.DPrep.Lariat.DataModel.Value'.|dbc618ca-0514-11e9-835f-e04f435b3b32
2018-12-21 12:10:32.7334|DEBUG|Caching|CachingOrchestrator|No cache block found|extraData cannot be serialized: Error getting value from 'AsBoolean' on 'Microsoft.DPrep.Lariat.DataModel.Value'.|dbc618ca-0514-11e9-835f-e04f435b3b32
2018-12-21 12:10:32.9682|DEBUG|Caching|CachingOrchestrator|Cached execution completed|extraData cannot be serialized: Error getting value from 'AsBoolean' on 'Microsoft.DPrep.Lariat.DataModel.Value'.|dbc618ca-0514-11e9-835f-e04f435b3b32
