2018-12-20 15:43:28.4341|DEBUG|CLexExecutor|ExecuteLariatScriptAsync|Start Execution|{"Id":"8a5b24bf-610c-4ab7-8462-cd51ac71d09f"}|fde2f6dc-046d-11e9-89a2-e982204aa8d5
2018-12-20 15:43:28.4341|DEBUG|CLexExecutor|ExecuteLariatScriptAsync|End Execution (Success)|{"Id":"8a5b24bf-610c-4ab7-8462-cd51ac71d09f"}|fde2f6dc-046d-11e9-89a2-e982204aa8d5
2018-12-20 19:21:01.7164|DEBUG|CLexExecutor|ExecuteLariatScriptAsync|Start Execution|{"Id":"237e720f-da97-48df-8f42-c27096dfeb4e"}|fde2f6dc-046d-11e9-89a2-e982204aa8d5
2018-12-20 19:21:01.7164|DEBUG|CLexExecutor|ExecuteLariatScriptAsync|End Execution (Success)|{"Id":"237e720f-da97-48df-8f42-c27096dfeb4e"}|fde2f6dc-046d-11e9-89a2-e982204aa8d5
2018-12-20 19:21:06.8234|DEBUG|CLexExecutor|ExecuteLariatScriptAsync|Start Execution|{"Id":"026d4e70-1555-438e-bfe2-afc251b01c5d"}|fde2f6dc-046d-11e9-89a2-e982204aa8d5
2018-12-20 19:21:06.8234|DEBUG|CLexExecutor|ExecuteLariatScriptAsync|End Execution (Success)|{"Id":"026d4e70-1555-438e-bfe2-afc251b01c5d"}|fde2f6dc-046d-11e9-89a2-e982204aa8d5
2018-12-20 19:21:52.6083|DEBUG|CLexExecutor|ExecuteLariatScriptAsync|Start Execution|{"Id":"4f26ee56-4bd8-44c2-8c73-b5c38496a4c2"}|fde2f6dc-046d-11e9-89a2-e982204aa8d5
2018-12-20 19:21:52.6083|DEBUG|CLexExecutor|ExecuteLariatScriptAsync|End Execution (Success)|{"Id":"4f26ee56-4bd8-44c2-8c73-b5c38496a4c2"}|fde2f6dc-046d-11e9-89a2-e982204aa8d5
2018-12-20 19:21:52.7332|DEBUG|CLexExecutor|ExecuteLariatScriptAsync|Start Execution|{"Id":"0870d73a-44c1-499b-a7d3-26240c0d272f"}|fde2f6dc-046d-11e9-89a2-e982204aa8d5
2018-12-20 19:21:52.7332|DEBUG|CLexExecutor|ExecuteLariatScriptAsync|End Execution (Success)|{"Id":"0870d73a-44c1-499b-a7d3-26240c0d272f"}|fde2f6dc-046d-11e9-89a2-e982204aa8d5
2018-12-20 19:21:52.7909|DEBUG|CLexExecutor|ExecuteLariatScriptAsync|Start Execution|{"Id":"8b5e7445-7025-4aec-9858-3b4be82b281a"}|fde2f6dc-046d-11e9-89a2-e982204aa8d5
2018-12-20 19:21:52.7909|DEBUG|CLexExecutor|ExecuteLariatScriptAsync|End Execution (Success)|{"Id":"8b5e7445-7025-4aec-9858-3b4be82b281a"}|fde2f6dc-046d-11e9-89a2-e982204aa8d5
2018-12-20 19:21:52.8249|DEBUG|CLexExecutor|ExecuteLariatScriptAsync|Start Execution|{"Id":"192d20ad-7b84-40c2-875e-460ddc1bcd61"}|fde2f6dc-046d-11e9-89a2-e982204aa8d5
2018-12-20 19:21:52.8249|DEBUG|CLexExecutor|ExecuteLariatScriptAsync|End Execution (Success)|{"Id":"192d20ad-7b84-40c2-875e-460ddc1bcd61"}|fde2f6dc-046d-11e9-89a2-e982204aa8d5
2018-12-20 19:21:56.9310|DEBUG|CLexExecutor|ExecuteLariatScriptAsync|Start Execution|{"Id":"1c92341c-05c0-4779-b8d5-ed6e322c2c58"}|fde2f6dc-046d-11e9-89a2-e982204aa8d5
2018-12-20 19:21:56.9310|DEBUG|CLexExecutor|ExecuteLariatScriptAsync|End Execution (Success)|{"Id":"1c92341c-05c0-4779-b8d5-ed6e322c2c58"}|fde2f6dc-046d-11e9-89a2-e982204aa8d5
2018-12-20 19:21:57.8272|DEBUG|CLexExecutor|ExecuteLariatScriptAsync|Start Execution|{"Id":"2f2ff445-72f9-4ec0-806d-c86fc762f54b"}|fde2f6dc-046d-11e9-89a2-e982204aa8d5
2018-12-20 19:21:57.8272|DEBUG|CLexExecutor|ExecuteLariatScriptAsync|End Execution (Success)|{"Id":"2f2ff445-72f9-4ec0-806d-c86fc762f54b"}|fde2f6dc-046d-11e9-89a2-e982204aa8d5
2018-12-20 19:23:32.5921|DEBUG|CLexExecutor|ExecuteLariatScriptAsync|Start Execution|{"Id":"163de189-3353-46e1-a39c-0b228d1c90d4"}|fde2f6dc-046d-11e9-89a2-e982204aa8d5
2018-12-20 19:23:32.5921|DEBUG|CLexExecutor|ExecuteLariatScriptAsync|End Execution (Success)|{"Id":"163de189-3353-46e1-a39c-0b228d1c90d4"}|fde2f6dc-046d-11e9-89a2-e982204aa8d5
2018-12-20 19:23:37.7684|DEBUG|CLexExecutor|ExecuteLariatScriptAsync|Start Execution|{"Id":"5090fdcf-70f6-45de-86b5-f76cd835bc53"}|fde2f6dc-046d-11e9-89a2-e982204aa8d5
2018-12-20 19:23:37.7684|DEBUG|CLexExecutor|ExecuteLariatScriptAsync|End Execution (Success)|{"Id":"5090fdcf-70f6-45de-86b5-f76cd835bc53"}|fde2f6dc-046d-11e9-89a2-e982204aa8d5
2018-12-20 19:27:13.2776|DEBUG|CLexExecutor|ExecuteLariatScriptAsync|Start Execution|{"Id":"df517c3e-958f-433d-bcf6-f77d916fcb2c"}|fde2f6dc-046d-11e9-89a2-e982204aa8d5
2018-12-20 19:27:13.2776|DEBUG|CLexExecutor|ExecuteLariatScriptAsync|End Execution (Success)|{"Id":"df517c3e-958f-433d-bcf6-f77d916fcb2c"}|fde2f6dc-046d-11e9-89a2-e982204aa8d5
2018-12-20 19:27:36.4332|DEBUG|CLexExecutor|ExecuteLariatScriptAsync|Start Execution|{"Id":"434e9ef2-59af-44f7-ab58-0e5d83cc1290"}|fde2f6dc-046d-11e9-89a2-e982204aa8d5
2018-12-20 19:27:36.4332|DEBUG|CLexExecutor|ExecuteLariatScriptAsync|End Execution (Success)|{"Id":"434e9ef2-59af-44f7-ab58-0e5d83cc1290"}|fde2f6dc-046d-11e9-89a2-e982204aa8d5
2018-12-20 19:31:46.0599|DEBUG|CLexExecutor|ExecuteLariatScriptAsync|Start Execution|{"Id":"f9fd11dd-753f-411d-9447-0d0af78dea9c"}|fde2f6dc-046d-11e9-89a2-e982204aa8d5
2018-12-20 19:31:46.0599|DEBUG|CLexExecutor|ExecuteLariatScriptAsync|End Execution (Success)|{"Id":"f9fd11dd-753f-411d-9447-0d0af78dea9c"}|fde2f6dc-046d-11e9-89a2-e982204aa8d5
2018-12-20 19:32:15.6979|DEBUG|CLexExecutor|ExecuteLariatScriptAsync|Start Execution|{"Id":"55665345-2e26-4772-b4a3-f83057237236"}|fde2f6dc-046d-11e9-89a2-e982204aa8d5
2018-12-20 19:32:15.6979|DEBUG|CLexExecutor|ExecuteLariatScriptAsync|End Execution (Success)|{"Id":"55665345-2e26-4772-b4a3-f83057237236"}|fde2f6dc-046d-11e9-89a2-e982204aa8d5
2018-12-20 19:33:29.4780|DEBUG|CLexExecutor|ExecuteLariatScriptAsync|Start Execution|{"Id":"7cd3d5d2-19ab-496d-b620-f282fa9e9e67"}|fde2f6dc-046d-11e9-89a2-e982204aa8d5
2018-12-20 19:33:29.4780|DEBUG|CLexExecutor|ExecuteLariatScriptAsync|End Execution (Success)|{"Id":"7cd3d5d2-19ab-496d-b620-f282fa9e9e67"}|fde2f6dc-046d-11e9-89a2-e982204aa8d5
2018-12-20 19:33:54.0566|DEBUG|CLexExecutor|ExecuteLariatScriptAsync|Start Execution|{"Id":"70addfbe-e976-4751-bf82-e00d31321374"}|fde2f6dc-046d-11e9-89a2-e982204aa8d5
2018-12-20 19:33:54.0566|DEBUG|CLexExecutor|ExecuteLariatScriptAsync|End Execution (Success)|{"Id":"70addfbe-e976-4751-bf82-e00d31321374"}|fde2f6dc-046d-11e9-89a2-e982204aa8d5
2018-12-20 19:34:08.7473|DEBUG|CLexExecutor|ExecuteLariatScriptAsync|Start Execution|{"Id":"6ecebddb-20c4-4e97-9e1f-ae08304bcd6c"}|fde2f6dc-046d-11e9-89a2-e982204aa8d5
2018-12-20 19:34:08.7473|DEBUG|CLexExecutor|ExecuteLariatScriptAsync|End Execution (Success)|{"Id":"6ecebddb-20c4-4e97-9e1f-ae08304bcd6c"}|fde2f6dc-046d-11e9-89a2-e982204aa8d5
2018-12-20 19:34:54.4815|DEBUG|CLexExecutor|ExecuteLariatScriptAsync|Start Execution|{"Id":"80a3379c-30ee-4276-ad52-af318d65cf34"}|fde2f6dc-046d-11e9-89a2-e982204aa8d5
2018-12-20 19:34:54.4815|DEBUG|CLexExecutor|ExecuteLariatScriptAsync|End Execution (Success)|{"Id":"80a3379c-30ee-4276-ad52-af318d65cf34"}|fde2f6dc-046d-11e9-89a2-e982204aa8d5
2018-12-20 19:37:28.2459|DEBUG|CLexExecutor|ExecuteLariatScriptAsync|Start Execution|{"Id":"6b79aac1-724b-403f-8839-4d5c76ad8fb0"}|fde2f6dc-046d-11e9-89a2-e982204aa8d5
2018-12-20 19:37:28.2459|DEBUG|CLexExecutor|ExecuteLariatScriptAsync|End Execution (Success)|{"Id":"6b79aac1-724b-403f-8839-4d5c76ad8fb0"}|fde2f6dc-046d-11e9-89a2-e982204aa8d5
2018-12-20 19:37:35.4630|DEBUG|CLexExecutor|ExecuteLariatScriptAsync|Start Execution|{"Id":"9619af94-b32d-40f5-80fb-b604bd9e9d9a"}|fde2f6dc-046d-11e9-89a2-e982204aa8d5
2018-12-20 19:37:35.4630|DEBUG|CLexExecutor|ExecuteLariatScriptAsync|End Execution (Success)|{"Id":"9619af94-b32d-40f5-80fb-b604bd9e9d9a"}|fde2f6dc-046d-11e9-89a2-e982204aa8d5
2018-12-20 19:37:51.3697|DEBUG|CLexExecutor|ExecuteLariatScriptAsync|Start Execution|{"Id":"53eb2495-7dc7-41ca-ba1c-9678e9528e3a"}|fde2f6dc-046d-11e9-89a2-e982204aa8d5
2018-12-20 19:37:51.3697|DEBUG|CLexExecutor|ExecuteLariatScriptAsync|End Execution (Success)|{"Id":"53eb2495-7dc7-41ca-ba1c-9678e9528e3a"}|fde2f6dc-046d-11e9-89a2-e982204aa8d5
2018-12-20 19:38:00.0135|DEBUG|CLexExecutor|ExecuteLariatScriptAsync|Start Execution|{"Id":"19b2e224-48ac-4933-821d-8a8e5f25ffa6"}|fde2f6dc-046d-11e9-89a2-e982204aa8d5
2018-12-20 19:38:00.0135|DEBUG|CLexExecutor|ExecuteLariatScriptAsync|End Execution (Success)|{"Id":"19b2e224-48ac-4933-821d-8a8e5f25ffa6"}|fde2f6dc-046d-11e9-89a2-e982204aa8d5
2018-12-20 19:38:05.2825|DEBUG|CLexExecutor|ExecuteLariatScriptAsync|Start Execution|{"Id":"c891e288-55d9-4c0e-a272-15bb27696037"}|fde2f6dc-046d-11e9-89a2-e982204aa8d5
2018-12-20 19:38:05.2825|DEBUG|CLexExecutor|ExecuteLariatScriptAsync|End Execution (Success)|{"Id":"c891e288-55d9-4c0e-a272-15bb27696037"}|fde2f6dc-046d-11e9-89a2-e982204aa8d5
2018-12-20 19:38:06.1670|DEBUG|CLexExecutor|ExecuteLariatScriptAsync|Start Execution|{"Id":"c00a535c-55a3-4b4c-a8d9-df59174e7bce"}|fde2f6dc-046d-11e9-89a2-e982204aa8d5
2018-12-20 19:38:06.1670|DEBUG|CLexExecutor|ExecuteLariatScriptAsync|End Execution (Success)|{"Id":"c00a535c-55a3-4b4c-a8d9-df59174e7bce"}|fde2f6dc-046d-11e9-89a2-e982204aa8d5
2018-12-20 19:38:09.6610|DEBUG|CLexExecutor|ExecuteLariatScriptAsync|Start Execution|{"Id":"8dd44ea9-e5fe-41a0-8618-1c2fee394bce"}|fde2f6dc-046d-11e9-89a2-e982204aa8d5
2018-12-20 19:38:09.6610|DEBUG|CLexExecutor|ExecuteLariatScriptAsync|End Execution (Success)|{"Id":"8dd44ea9-e5fe-41a0-8618-1c2fee394bce"}|fde2f6dc-046d-11e9-89a2-e982204aa8d5
2018-12-20 19:38:10.4480|DEBUG|CLexExecutor|ExecuteLariatScriptAsync|Start Execution|{"Id":"e8538063-a646-4995-a8be-03a73f61b5f8"}|fde2f6dc-046d-11e9-89a2-e982204aa8d5
2018-12-20 19:38:10.4480|DEBUG|CLexExecutor|ExecuteLariatScriptAsync|End Execution (Success)|{"Id":"e8538063-a646-4995-a8be-03a73f61b5f8"}|fde2f6dc-046d-11e9-89a2-e982204aa8d5
2018-12-20 19:38:15.5202|DEBUG|CLexExecutor|ExecuteLariatScriptAsync|Start Execution|{"Id":"161d2b53-dbbe-4b10-8fc4-df595c8d49d9"}|fde2f6dc-046d-11e9-89a2-e982204aa8d5
2018-12-20 19:38:15.5202|DEBUG|CLexExecutor|ExecuteLariatScriptAsync|End Execution (Success)|{"Id":"161d2b53-dbbe-4b10-8fc4-df595c8d49d9"}|fde2f6dc-046d-11e9-89a2-e982204aa8d5
2018-12-20 20:11:42.3252|DEBUG|CLexExecutor|ExecuteLariatScriptAsync|Start Execution|{"Id":"738fd870-9aa0-4f4f-80ae-cc9b03e59056"}|fde2f6dc-046d-11e9-89a2-e982204aa8d5
2018-12-20 20:11:42.3252|DEBUG|CLexExecutor|ExecuteLariatScriptAsync|End Execution (Success)|{"Id":"738fd870-9aa0-4f4f-80ae-cc9b03e59056"}|fde2f6dc-046d-11e9-89a2-e982204aa8d5
2018-12-20 20:11:42.3419|DEBUG|CLexExecutor|ExecuteLariatScriptAsync|Start Execution|{"Id":"fc867411-18d4-43d5-bff8-c792752611bf"}|fde2f6dc-046d-11e9-89a2-e982204aa8d5
2018-12-20 20:11:42.3419|DEBUG|CLexExecutor|ExecuteLariatScriptAsync|End Execution (Success)|{"Id":"fc867411-18d4-43d5-bff8-c792752611bf"}|fde2f6dc-046d-11e9-89a2-e982204aa8d5
2018-12-20 20:11:42.3419|DEBUG|CLexExecutor|ExecuteLariatScriptAsync|Start Execution|{"Id":"d8d998d0-65b6-473f-a49e-d7df03f4c067"}|fde2f6dc-046d-11e9-89a2-e982204aa8d5
2018-12-20 20:11:42.3419|DEBUG|CLexExecutor|ExecuteLariatScriptAsync|End Execution (Success)|{"Id":"d8d998d0-65b6-473f-a49e-d7df03f4c067"}|fde2f6dc-046d-11e9-89a2-e982204aa8d5
2018-12-20 20:11:42.3419|DEBUG|CLexExecutor|ExecuteLariatScriptAsync|Start Execution|{"Id":"70e09af8-7c26-410b-9220-d5197445bcab"}|fde2f6dc-046d-11e9-89a2-e982204aa8d5
2018-12-20 20:11:42.3419|DEBUG|CLexExecutor|ExecuteLariatScriptAsync|End Execution (Success)|{"Id":"70e09af8-7c26-410b-9220-d5197445bcab"}|fde2f6dc-046d-11e9-89a2-e982204aa8d5
2018-12-20 20:11:43.1837|DEBUG|CLexExecutor|ExecuteLariatScriptAsync|Start Execution|{"Id":"a4686207-213b-4839-bcfb-4c71d5d09abc"}|fde2f6dc-046d-11e9-89a2-e982204aa8d5
2018-12-20 20:11:43.1837|DEBUG|CLexExecutor|ExecuteLariatScriptAsync|End Execution (Success)|{"Id":"a4686207-213b-4839-bcfb-4c71d5d09abc"}|fde2f6dc-046d-11e9-89a2-e982204aa8d5
2018-12-20 20:11:43.7756|DEBUG|CLexExecutor|ExecuteLariatScriptAsync|Start Execution|{"Id":"de1fa79a-e182-470d-be06-8317b28c0348"}|fde2f6dc-046d-11e9-89a2-e982204aa8d5
2018-12-20 20:11:43.7756|DEBUG|CLexExecutor|ExecuteLariatScriptAsync|End Execution (Success)|{"Id":"de1fa79a-e182-470d-be06-8317b28c0348"}|fde2f6dc-046d-11e9-89a2-e982204aa8d5
2018-12-20 20:11:43.9011|DEBUG|CLexExecutor|ExecuteLariatScriptAsync|Start Execution|{"Id":"07065e18-ec20-4b6f-a992-85a2781fab1d"}|fde2f6dc-046d-11e9-89a2-e982204aa8d5
2018-12-20 20:11:43.9011|DEBUG|CLexExecutor|ExecuteLariatScriptAsync|End Execution (Success)|{"Id":"07065e18-ec20-4b6f-a992-85a2781fab1d"}|fde2f6dc-046d-11e9-89a2-e982204aa8d5
2018-12-20 20:11:51.2520|DEBUG|CLexExecutor|ExecuteLariatScriptAsync|Start Execution|{"Id":"bfdbeb8d-26fc-4c61-b91b-3bba7be849d7"}|fde2f6dc-046d-11e9-89a2-e982204aa8d5
2018-12-20 20:11:51.2520|DEBUG|CLexExecutor|ExecuteLariatScriptAsync|End Execution (Success)|{"Id":"bfdbeb8d-26fc-4c61-b91b-3bba7be849d7"}|fde2f6dc-046d-11e9-89a2-e982204aa8d5
2018-12-20 20:11:52.2768|DEBUG|CLexExecutor|ExecuteLariatScriptAsync|Start Execution|{"Id":"a0eb8428-6b08-4e8d-875f-47f81edbc994"}|fde2f6dc-046d-11e9-89a2-e982204aa8d5
2018-12-20 20:11:52.2768|DEBUG|CLexExecutor|ExecuteLariatScriptAsync|End Execution (Success)|{"Id":"a0eb8428-6b08-4e8d-875f-47f81edbc994"}|fde2f6dc-046d-11e9-89a2-e982204aa8d5
2018-12-20 20:11:52.9656|DEBUG|CLexExecutor|ExecuteLariatScriptAsync|Start Execution|{"Id":"f71bd997-5e78-4de9-8e5e-4b063678320e"}|fde2f6dc-046d-11e9-89a2-e982204aa8d5
2018-12-20 20:11:52.9656|DEBUG|CLexExecutor|ExecuteLariatScriptAsync|End Execution (Success)|{"Id":"f71bd997-5e78-4de9-8e5e-4b063678320e"}|fde2f6dc-046d-11e9-89a2-e982204aa8d5
2018-12-20 20:11:53.1342|DEBUG|CLexExecutor|ExecuteLariatScriptAsync|Start Execution|{"Id":"7aae095b-e3c2-46ad-8e03-cb79e3fceb13"}|fde2f6dc-046d-11e9-89a2-e982204aa8d5
2018-12-20 20:11:53.1342|DEBUG|CLexExecutor|ExecuteLariatScriptAsync|End Execution (Success)|{"Id":"7aae095b-e3c2-46ad-8e03-cb79e3fceb13"}|fde2f6dc-046d-11e9-89a2-e982204aa8d5
2018-12-20 20:11:53.2926|DEBUG|CLexExecutor|ExecuteLariatScriptAsync|Start Execution|{"Id":"137790bd-16f5-4736-a728-e802eaee1400"}|fde2f6dc-046d-11e9-89a2-e982204aa8d5
2018-12-20 20:11:53.2926|DEBUG|CLexExecutor|ExecuteLariatScriptAsync|End Execution (Success)|{"Id":"137790bd-16f5-4736-a728-e802eaee1400"}|fde2f6dc-046d-11e9-89a2-e982204aa8d5
2018-12-20 20:11:53.6079|DEBUG|CLexExecutor|ExecuteLariatScriptAsync|Start Execution|{"Id":"824de150-1849-4c9b-9a83-695aab535b40"}|fde2f6dc-046d-11e9-89a2-e982204aa8d5
2018-12-20 20:11:53.6079|DEBUG|CLexExecutor|ExecuteLariatScriptAsync|End Execution (Success)|{"Id":"824de150-1849-4c9b-9a83-695aab535b40"}|fde2f6dc-046d-11e9-89a2-e982204aa8d5
2018-12-20 20:11:53.8572|DEBUG|CLexExecutor|ExecuteLariatScriptAsync|Start Execution|{"Id":"574900f2-51d3-4e8d-b06d-69dafc35e714"}|fde2f6dc-046d-11e9-89a2-e982204aa8d5
2018-12-20 20:11:53.8572|DEBUG|CLexExecutor|ExecuteLariatScriptAsync|End Execution (Success)|{"Id":"574900f2-51d3-4e8d-b06d-69dafc35e714"}|fde2f6dc-046d-11e9-89a2-e982204aa8d5
2018-12-20 20:11:59.2569|DEBUG|CLexExecutor|ExecuteLariatScriptAsync|Start Execution|{"Id":"c2f76743-7f80-48dc-8082-16af205e0d94"}|fde2f6dc-046d-11e9-89a2-e982204aa8d5
2018-12-20 20:11:59.2569|DEBUG|CLexExecutor|ExecuteLariatScriptAsync|End Execution (Success)|{"Id":"c2f76743-7f80-48dc-8082-16af205e0d94"}|fde2f6dc-046d-11e9-89a2-e982204aa8d5
2018-12-20 20:12:00.4479|DEBUG|CLexExecutor|ExecuteLariatScriptAsync|Start Execution|{"Id":"254c5ebb-7820-4377-8ddb-b46cc2ddecbb"}|fde2f6dc-046d-11e9-89a2-e982204aa8d5
2018-12-20 20:12:00.4479|DEBUG|CLexExecutor|ExecuteLariatScriptAsync|End Execution (Success)|{"Id":"254c5ebb-7820-4377-8ddb-b46cc2ddecbb"}|fde2f6dc-046d-11e9-89a2-e982204aa8d5
2018-12-20 20:12:08.7973|DEBUG|CLexExecutor|ExecuteLariatScriptAsync|Start Execution|{"Id":"ed6a3601-5582-44e5-bd46-ed0f36d9f3b5"}|fde2f6dc-046d-11e9-89a2-e982204aa8d5
2018-12-20 20:12:08.7973|DEBUG|CLexExecutor|ExecuteLariatScriptAsync|End Execution (Success)|{"Id":"ed6a3601-5582-44e5-bd46-ed0f36d9f3b5"}|fde2f6dc-046d-11e9-89a2-e982204aa8d5
2018-12-20 20:12:10.9808|DEBUG|CLexExecutor|ExecuteLariatScriptAsync|Start Execution|{"Id":"3a37a40c-53dc-48d7-b79b-74ae2a3202be"}|fde2f6dc-046d-11e9-89a2-e982204aa8d5
2018-12-20 20:12:10.9808|DEBUG|CLexExecutor|ExecuteLariatScriptAsync|End Execution (Success)|{"Id":"3a37a40c-53dc-48d7-b79b-74ae2a3202be"}|fde2f6dc-046d-11e9-89a2-e982204aa8d5
2018-12-20 20:12:20.3734|DEBUG|CLexExecutor|ExecuteLariatScriptAsync|Start Execution|{"Id":"cf251205-95aa-417e-88ba-3dd86e0e731e"}|fde2f6dc-046d-11e9-89a2-e982204aa8d5
2018-12-20 20:12:20.3734|DEBUG|CLexExecutor|ExecuteLariatScriptAsync|End Execution (Success)|{"Id":"cf251205-95aa-417e-88ba-3dd86e0e731e"}|fde2f6dc-046d-11e9-89a2-e982204aa8d5
2018-12-20 20:12:21.5304|DEBUG|CLexExecutor|ExecuteLariatScriptAsync|Start Execution|{"Id":"5374cb27-bd5d-4f2d-9d10-608d3fc94aa2"}|fde2f6dc-046d-11e9-89a2-e982204aa8d5
2018-12-20 20:12:21.5304|DEBUG|CLexExecutor|ExecuteLariatScriptAsync|End Execution (Success)|{"Id":"5374cb27-bd5d-4f2d-9d10-608d3fc94aa2"}|fde2f6dc-046d-11e9-89a2-e982204aa8d5
2018-12-20 20:12:21.8541|DEBUG|CLexExecutor|ExecuteLariatScriptAsync|Start Execution|{"Id":"519650a5-9946-469d-8de2-244dd273b8ad"}|fde2f6dc-046d-11e9-89a2-e982204aa8d5
2018-12-20 20:12:21.8541|DEBUG|CLexExecutor|ExecuteLariatScriptAsync|End Execution (Success)|{"Id":"519650a5-9946-469d-8de2-244dd273b8ad"}|fde2f6dc-046d-11e9-89a2-e982204aa8d5
2018-12-20 20:12:22.0724|DEBUG|CLexExecutor|ExecuteLariatScriptAsync|Start Execution|{"Id":"cac28c0b-93e9-4c9e-8a99-35794a9bf841"}|fde2f6dc-046d-11e9-89a2-e982204aa8d5
2018-12-20 20:12:22.0724|DEBUG|CLexExecutor|ExecuteLariatScriptAsync|End Execution (Success)|{"Id":"cac28c0b-93e9-4c9e-8a99-35794a9bf841"}|fde2f6dc-046d-11e9-89a2-e982204aa8d5
2018-12-20 20:12:22.3083|DEBUG|CLexExecutor|ExecuteLariatScriptAsync|Start Execution|{"Id":"a9a96b0e-efd4-40ae-bfdc-b84ef58473bf"}|fde2f6dc-046d-11e9-89a2-e982204aa8d5
2018-12-20 20:12:22.3083|DEBUG|CLexExecutor|ExecuteLariatScriptAsync|End Execution (Success)|{"Id":"a9a96b0e-efd4-40ae-bfdc-b84ef58473bf"}|fde2f6dc-046d-11e9-89a2-e982204aa8d5
2018-12-20 20:12:22.5904|DEBUG|CLexExecutor|ExecuteLariatScriptAsync|Start Execution|{"Id":"af7963c8-d669-422a-91bc-09a0e8a006b6"}|fde2f6dc-046d-11e9-89a2-e982204aa8d5
2018-12-20 20:12:22.5904|DEBUG|CLexExecutor|ExecuteLariatScriptAsync|End Execution (Success)|{"Id":"af7963c8-d669-422a-91bc-09a0e8a006b6"}|fde2f6dc-046d-11e9-89a2-e982204aa8d5
2018-12-20 20:12:30.1346|DEBUG|CLexExecutor|ExecuteLariatScriptAsync|Start Execution|{"Id":"70a1e872-b3ca-4603-add6-a86911e669ac"}|fde2f6dc-046d-11e9-89a2-e982204aa8d5
2018-12-20 20:12:30.1346|DEBUG|CLexExecutor|ExecuteLariatScriptAsync|End Execution (Success)|{"Id":"70a1e872-b3ca-4603-add6-a86911e669ac"}|fde2f6dc-046d-11e9-89a2-e982204aa8d5
2018-12-20 20:12:33.0437|DEBUG|CLexExecutor|ExecuteLariatScriptAsync|Start Execution|{"Id":"6276df13-3e34-48e6-b0f1-bf8ee6406bbb"}|fde2f6dc-046d-11e9-89a2-e982204aa8d5
2018-12-20 20:12:33.0437|DEBUG|CLexExecutor|ExecuteLariatScriptAsync|End Execution (Success)|{"Id":"6276df13-3e34-48e6-b0f1-bf8ee6406bbb"}|fde2f6dc-046d-11e9-89a2-e982204aa8d5
2018-12-20 20:12:35.9501|DEBUG|CLexExecutor|ExecuteLariatScriptAsync|Start Execution|{"Id":"80fada40-4079-49e4-9014-ac60c710d785"}|fde2f6dc-046d-11e9-89a2-e982204aa8d5
2018-12-20 20:12:35.9501|DEBUG|CLexExecutor|ExecuteLariatScriptAsync|End Execution (Success)|{"Id":"80fada40-4079-49e4-9014-ac60c710d785"}|fde2f6dc-046d-11e9-89a2-e982204aa8d5
2018-12-20 20:12:36.2603|DEBUG|CLexExecutor|ExecuteLariatScriptAsync|Start Execution|{"Id":"e67e24d6-f08f-4a7b-b7e3-fc4cfd58c0cf"}|fde2f6dc-046d-11e9-89a2-e982204aa8d5
2018-12-20 20:12:36.2603|DEBUG|CLexExecutor|ExecuteLariatScriptAsync|End Execution (Success)|{"Id":"e67e24d6-f08f-4a7b-b7e3-fc4cfd58c0cf"}|fde2f6dc-046d-11e9-89a2-e982204aa8d5
2018-12-20 20:12:44.4600|DEBUG|CLexExecutor|ExecuteLariatScriptAsync|Start Execution|{"Id":"f02b8b2f-e436-4299-8fbb-59a3bc9ed54b"}|fde2f6dc-046d-11e9-89a2-e982204aa8d5
2018-12-20 20:12:44.4600|DEBUG|CLexExecutor|ExecuteLariatScriptAsync|End Execution (Success)|{"Id":"f02b8b2f-e436-4299-8fbb-59a3bc9ed54b"}|fde2f6dc-046d-11e9-89a2-e982204aa8d5
2018-12-20 20:12:47.5456|DEBUG|CLexExecutor|ExecuteLariatScriptAsync|Start Execution|{"Id":"8b1a0a35-1fe6-419b-8c72-223c78e1cde0"}|fde2f6dc-046d-11e9-89a2-e982204aa8d5
2018-12-20 20:12:47.5456|DEBUG|CLexExecutor|ExecuteLariatScriptAsync|End Execution (Success)|{"Id":"8b1a0a35-1fe6-419b-8c72-223c78e1cde0"}|fde2f6dc-046d-11e9-89a2-e982204aa8d5
2018-12-20 20:12:47.9819|DEBUG|CLexExecutor|ExecuteLariatScriptAsync|Start Execution|{"Id":"71aae6b1-c5f6-43f0-b248-0dcf207cda72"}|fde2f6dc-046d-11e9-89a2-e982204aa8d5
2018-12-20 20:12:47.9944|DEBUG|CLexExecutor|ExecuteLariatScriptAsync|End Execution (Success)|{"Id":"71aae6b1-c5f6-43f0-b248-0dcf207cda72"}|fde2f6dc-046d-11e9-89a2-e982204aa8d5
2018-12-20 20:12:58.1149|DEBUG|CLexExecutor|ExecuteLariatScriptAsync|Start Execution|{"Id":"f52c0ca9-21e3-46a5-a7d6-b9c363f44001"}|fde2f6dc-046d-11e9-89a2-e982204aa8d5
2018-12-20 20:12:58.1149|DEBUG|CLexExecutor|ExecuteLariatScriptAsync|End Execution (Success)|{"Id":"f52c0ca9-21e3-46a5-a7d6-b9c363f44001"}|fde2f6dc-046d-11e9-89a2-e982204aa8d5
2018-12-20 20:13:00.7485|DEBUG|CLexExecutor|ExecuteLariatScriptAsync|Start Execution|{"Id":"563e5f1e-f81e-4c7f-b3b8-49164078b2a0"}|fde2f6dc-046d-11e9-89a2-e982204aa8d5
2018-12-20 20:13:00.7485|DEBUG|CLexExecutor|ExecuteLariatScriptAsync|End Execution (Success)|{"Id":"563e5f1e-f81e-4c7f-b3b8-49164078b2a0"}|fde2f6dc-046d-11e9-89a2-e982204aa8d5
2018-12-20 20:13:00.7629|DEBUG|CLexExecutor|ExecuteLariatScriptAsync|Start Execution|{"Id":"beb7591c-c271-4304-b9c1-a59e37cb6d6c"}|fde2f6dc-046d-11e9-89a2-e982204aa8d5
2018-12-20 20:13:00.7629|DEBUG|CLexExecutor|ExecuteLariatScriptAsync|End Execution (Success)|{"Id":"beb7591c-c271-4304-b9c1-a59e37cb6d6c"}|fde2f6dc-046d-11e9-89a2-e982204aa8d5
2018-12-20 20:13:00.7629|DEBUG|CLexExecutor|ExecuteLariatScriptAsync|Start Execution|{"Id":"8d0f66e4-8820-4dc3-961d-4122b363fc7f"}|fde2f6dc-046d-11e9-89a2-e982204aa8d5
2018-12-20 20:13:00.7629|DEBUG|CLexExecutor|ExecuteLariatScriptAsync|End Execution (Success)|{"Id":"8d0f66e4-8820-4dc3-961d-4122b363fc7f"}|fde2f6dc-046d-11e9-89a2-e982204aa8d5
2018-12-20 20:13:00.7629|DEBUG|CLexExecutor|ExecuteLariatScriptAsync|Start Execution|{"Id":"4e49bfff-f223-4bce-aca4-3d915a6edbd4"}|fde2f6dc-046d-11e9-89a2-e982204aa8d5
2018-12-20 20:13:00.7629|DEBUG|CLexExecutor|ExecuteLariatScriptAsync|End Execution (Success)|{"Id":"4e49bfff-f223-4bce-aca4-3d915a6edbd4"}|fde2f6dc-046d-11e9-89a2-e982204aa8d5
2018-12-20 20:13:02.6980|DEBUG|CLexExecutor|ExecuteLariatScriptAsync|Start Execution|{"Id":"83e3a5c8-8686-41d2-b7b7-20fb9ccda594"}|fde2f6dc-046d-11e9-89a2-e982204aa8d5
2018-12-20 20:13:02.6980|DEBUG|CLexExecutor|ExecuteLariatScriptAsync|End Execution (Success)|{"Id":"83e3a5c8-8686-41d2-b7b7-20fb9ccda594"}|fde2f6dc-046d-11e9-89a2-e982204aa8d5
2018-12-20 20:13:04.1515|DEBUG|CLexExecutor|ExecuteLariatScriptAsync|Start Execution|{"Id":"a0cb6f1d-7acf-44c9-936e-b4fa0653a9d1"}|fde2f6dc-046d-11e9-89a2-e982204aa8d5
2018-12-20 20:13:04.1515|DEBUG|CLexExecutor|ExecuteLariatScriptAsync|End Execution (Success)|{"Id":"a0cb6f1d-7acf-44c9-936e-b4fa0653a9d1"}|fde2f6dc-046d-11e9-89a2-e982204aa8d5
2018-12-20 20:13:04.8230|DEBUG|CLexExecutor|ExecuteLariatScriptAsync|Start Execution|{"Id":"b75575df-9dde-4598-943b-29bbf9a644eb"}|fde2f6dc-046d-11e9-89a2-e982204aa8d5
2018-12-20 20:13:04.8230|DEBUG|CLexExecutor|ExecuteLariatScriptAsync|End Execution (Success)|{"Id":"b75575df-9dde-4598-943b-29bbf9a644eb"}|fde2f6dc-046d-11e9-89a2-e982204aa8d5
2018-12-20 20:13:36.4851|DEBUG|CLexExecutor|ExecuteLariatScriptAsync|Start Execution|{"Id":"559c9596-f701-4bc5-bb68-de1e033a4adc"}|fde2f6dc-046d-11e9-89a2-e982204aa8d5
2018-12-20 20:13:36.4851|DEBUG|CLexExecutor|ExecuteLariatScriptAsync|End Execution (Success)|{"Id":"559c9596-f701-4bc5-bb68-de1e033a4adc"}|fde2f6dc-046d-11e9-89a2-e982204aa8d5
2018-12-20 20:13:38.7614|DEBUG|CLexExecutor|ExecuteLariatScriptAsync|Start Execution|{"Id":"5dbb4624-de42-4a1d-9dce-04b4116e3f87"}|fde2f6dc-046d-11e9-89a2-e982204aa8d5
2018-12-20 20:13:38.7614|DEBUG|CLexExecutor|ExecuteLariatScriptAsync|End Execution (Success)|{"Id":"5dbb4624-de42-4a1d-9dce-04b4116e3f87"}|fde2f6dc-046d-11e9-89a2-e982204aa8d5
2018-12-20 20:13:38.9202|DEBUG|CLexExecutor|ExecuteLariatScriptAsync|Start Execution|{"Id":"17867067-50ef-49f8-bcd2-811f7c6aabae"}|fde2f6dc-046d-11e9-89a2-e982204aa8d5
2018-12-20 20:13:38.9202|DEBUG|CLexExecutor|ExecuteLariatScriptAsync|End Execution (Success)|{"Id":"17867067-50ef-49f8-bcd2-811f7c6aabae"}|fde2f6dc-046d-11e9-89a2-e982204aa8d5
2018-12-20 20:14:00.8874|DEBUG|CLexExecutor|ExecuteLariatScriptAsync|Start Execution|{"Id":"3b1246c6-b9f8-468b-b327-b451e3407ad8"}|fde2f6dc-046d-11e9-89a2-e982204aa8d5
2018-12-20 20:14:00.8874|DEBUG|CLexExecutor|ExecuteLariatScriptAsync|End Execution (Success)|{"Id":"3b1246c6-b9f8-468b-b327-b451e3407ad8"}|fde2f6dc-046d-11e9-89a2-e982204aa8d5
2018-12-20 20:14:02.9807|DEBUG|CLexExecutor|ExecuteLariatScriptAsync|Start Execution|{"Id":"6b5c1921-d166-472f-9b6e-45b7f88281cc"}|fde2f6dc-046d-11e9-89a2-e982204aa8d5
2018-12-20 20:14:02.9807|DEBUG|CLexExecutor|ExecuteLariatScriptAsync|End Execution (Success)|{"Id":"6b5c1921-d166-472f-9b6e-45b7f88281cc"}|fde2f6dc-046d-11e9-89a2-e982204aa8d5
2018-12-20 20:14:04.1212|DEBUG|CLexExecutor|ExecuteLariatScriptAsync|Start Execution|{"Id":"b05150dc-4084-4d80-a06f-137c58112d2f"}|fde2f6dc-046d-11e9-89a2-e982204aa8d5
2018-12-20 20:14:04.1212|DEBUG|CLexExecutor|ExecuteLariatScriptAsync|End Execution (Success)|{"Id":"b05150dc-4084-4d80-a06f-137c58112d2f"}|fde2f6dc-046d-11e9-89a2-e982204aa8d5
2018-12-20 20:14:04.2452|DEBUG|CLexExecutor|ExecuteLariatScriptAsync|Start Execution|{"Id":"271a4388-4b19-46bc-bc38-4e50a7f5c4c8"}|fde2f6dc-046d-11e9-89a2-e982204aa8d5
2018-12-20 20:14:04.2452|DEBUG|CLexExecutor|ExecuteLariatScriptAsync|End Execution (Success)|{"Id":"271a4388-4b19-46bc-bc38-4e50a7f5c4c8"}|fde2f6dc-046d-11e9-89a2-e982204aa8d5
2018-12-20 20:14:05.3060|DEBUG|CLexExecutor|ExecuteLariatScriptAsync|Start Execution|{"Id":"73426d66-db6c-44e4-947f-7ad8d04b5633"}|fde2f6dc-046d-11e9-89a2-e982204aa8d5
2018-12-20 20:14:05.3060|DEBUG|CLexExecutor|ExecuteLariatScriptAsync|End Execution (Success)|{"Id":"73426d66-db6c-44e4-947f-7ad8d04b5633"}|fde2f6dc-046d-11e9-89a2-e982204aa8d5
2018-12-20 20:14:05.4645|DEBUG|CLexExecutor|ExecuteLariatScriptAsync|Start Execution|{"Id":"4f83e987-65ea-424a-a99a-1aa5653f8dfa"}|fde2f6dc-046d-11e9-89a2-e982204aa8d5
2018-12-20 20:14:05.4645|DEBUG|CLexExecutor|ExecuteLariatScriptAsync|End Execution (Success)|{"Id":"4f83e987-65ea-424a-a99a-1aa5653f8dfa"}|fde2f6dc-046d-11e9-89a2-e982204aa8d5
2018-12-20 20:14:05.7137|DEBUG|CLexExecutor|ExecuteLariatScriptAsync|Start Execution|{"Id":"1614721d-0bfd-46c7-b3d3-fa66246b4fa5"}|fde2f6dc-046d-11e9-89a2-e982204aa8d5
2018-12-20 20:14:05.7137|DEBUG|CLexExecutor|ExecuteLariatScriptAsync|End Execution (Success)|{"Id":"1614721d-0bfd-46c7-b3d3-fa66246b4fa5"}|fde2f6dc-046d-11e9-89a2-e982204aa8d5
2018-12-20 20:14:35.4782|DEBUG|CLexExecutor|ExecuteLariatScriptAsync|Start Execution|{"Id":"38b43aa9-9e7b-421f-a7fd-2f881185b974"}|fde2f6dc-046d-11e9-89a2-e982204aa8d5
2018-12-20 20:14:35.4782|DEBUG|CLexExecutor|ExecuteLariatScriptAsync|End Execution (Success)|{"Id":"38b43aa9-9e7b-421f-a7fd-2f881185b974"}|fde2f6dc-046d-11e9-89a2-e982204aa8d5
2018-12-20 20:14:38.6249|DEBUG|CLexExecutor|ExecuteLariatScriptAsync|Start Execution|{"Id":"b4b68083-a029-44b2-b995-67a16509d2b0"}|fde2f6dc-046d-11e9-89a2-e982204aa8d5
2018-12-20 20:14:38.6249|DEBUG|CLexExecutor|ExecuteLariatScriptAsync|End Execution (Success)|{"Id":"b4b68083-a029-44b2-b995-67a16509d2b0"}|fde2f6dc-046d-11e9-89a2-e982204aa8d5
2018-12-20 20:14:38.8859|DEBUG|CLexExecutor|ExecuteLariatScriptAsync|Start Execution|{"Id":"2cb69523-fb67-435a-899b-eaadc8017432"}|fde2f6dc-046d-11e9-89a2-e982204aa8d5
2018-12-20 20:14:38.8859|DEBUG|CLexExecutor|ExecuteLariatScriptAsync|End Execution (Success)|{"Id":"2cb69523-fb67-435a-899b-eaadc8017432"}|fde2f6dc-046d-11e9-89a2-e982204aa8d5
2018-12-20 20:15:21.4570|DEBUG|CLexExecutor|ExecuteLariatScriptAsync|Start Execution|{"Id":"f1282966-ad2d-465a-a860-5166cafc2f84"}|fde2f6dc-046d-11e9-89a2-e982204aa8d5
2018-12-20 20:15:21.4570|DEBUG|CLexExecutor|ExecuteLariatScriptAsync|End Execution (Success)|{"Id":"f1282966-ad2d-465a-a860-5166cafc2f84"}|fde2f6dc-046d-11e9-89a2-e982204aa8d5
2018-12-20 20:15:25.9697|DEBUG|CLexExecutor|ExecuteLariatScriptAsync|Start Execution|{"Id":"b70f890e-d068-4299-8399-213b3bcc8e28"}|fde2f6dc-046d-11e9-89a2-e982204aa8d5
2018-12-20 20:15:25.9697|DEBUG|CLexExecutor|ExecuteLariatScriptAsync|End Execution (Success)|{"Id":"b70f890e-d068-4299-8399-213b3bcc8e28"}|fde2f6dc-046d-11e9-89a2-e982204aa8d5
2018-12-20 20:15:26.0140|DEBUG|CLexExecutor|ExecuteLariatScriptAsync|Start Execution|{"Id":"76147c7c-fcd0-4f96-9f92-89369348b72a"}|fde2f6dc-046d-11e9-89a2-e982204aa8d5
2018-12-20 20:15:26.0140|DEBUG|CLexExecutor|ExecuteLariatScriptAsync|End Execution (Success)|{"Id":"76147c7c-fcd0-4f96-9f92-89369348b72a"}|fde2f6dc-046d-11e9-89a2-e982204aa8d5
2018-12-20 20:15:26.0740|DEBUG|CLexExecutor|ExecuteLariatScriptAsync|Start Execution|{"Id":"447ce6ab-93e6-43b7-886d-519a6e90bcd4"}|fde2f6dc-046d-11e9-89a2-e982204aa8d5
2018-12-20 20:15:26.0903|DEBUG|CLexExecutor|ExecuteLariatScriptAsync|End Execution (Success)|{"Id":"447ce6ab-93e6-43b7-886d-519a6e90bcd4"}|fde2f6dc-046d-11e9-89a2-e982204aa8d5
2018-12-20 20:15:26.1200|DEBUG|CLexExecutor|ExecuteLariatScriptAsync|Start Execution|{"Id":"fcf48695-441c-4115-9ec6-eaa22bc5e5fc"}|fde2f6dc-046d-11e9-89a2-e982204aa8d5
2018-12-20 20:15:26.1200|DEBUG|CLexExecutor|ExecuteLariatScriptAsync|End Execution (Success)|{"Id":"fcf48695-441c-4115-9ec6-eaa22bc5e5fc"}|fde2f6dc-046d-11e9-89a2-e982204aa8d5
2018-12-20 20:15:26.3906|DEBUG|CLexExecutor|ExecuteLariatScriptAsync|Start Execution|{"Id":"0d47682d-e5fd-4bbf-aac0-13ca2a3da453"}|fde2f6dc-046d-11e9-89a2-e982204aa8d5
2018-12-20 20:15:26.3906|DEBUG|CLexExecutor|ExecuteLariatScriptAsync|End Execution (Success)|{"Id":"0d47682d-e5fd-4bbf-aac0-13ca2a3da453"}|fde2f6dc-046d-11e9-89a2-e982204aa8d5
2018-12-20 20:15:26.4074|DEBUG|CLexExecutor|ExecuteLariatScriptAsync|Start Execution|{"Id":"9d7312e9-ff37-4a49-897e-cc2236807441"}|fde2f6dc-046d-11e9-89a2-e982204aa8d5
2018-12-20 20:15:26.4074|DEBUG|CLexExecutor|ExecuteLariatScriptAsync|End Execution (Success)|{"Id":"9d7312e9-ff37-4a49-897e-cc2236807441"}|fde2f6dc-046d-11e9-89a2-e982204aa8d5
2018-12-20 20:15:26.4493|DEBUG|CLexExecutor|ExecuteLariatScriptAsync|Start Execution|{"Id":"3ccafe7c-3207-4486-83b6-55e317b51c36"}|fde2f6dc-046d-11e9-89a2-e982204aa8d5
2018-12-20 20:15:26.4493|DEBUG|CLexExecutor|ExecuteLariatScriptAsync|End Execution (Success)|{"Id":"3ccafe7c-3207-4486-83b6-55e317b51c36"}|fde2f6dc-046d-11e9-89a2-e982204aa8d5
2018-12-20 20:15:26.4662|DEBUG|CLexExecutor|ExecuteLariatScriptAsync|Start Execution|{"Id":"0703b4b9-43a5-47c2-ac0a-8b88f13b0ad1"}|fde2f6dc-046d-11e9-89a2-e982204aa8d5
2018-12-20 20:15:26.4822|DEBUG|CLexExecutor|ExecuteLariatScriptAsync|End Execution (Success)|{"Id":"0703b4b9-43a5-47c2-ac0a-8b88f13b0ad1"}|fde2f6dc-046d-11e9-89a2-e982204aa8d5
2018-12-20 20:15:27.9236|DEBUG|CLexExecutor|ExecuteLariatScriptAsync|Start Execution|{"Id":"f4223f5b-4d44-47dd-9095-fb9847b91596"}|fde2f6dc-046d-11e9-89a2-e982204aa8d5
2018-12-20 20:15:27.9236|DEBUG|CLexExecutor|ExecuteLariatScriptAsync|End Execution (Success)|{"Id":"f4223f5b-4d44-47dd-9095-fb9847b91596"}|fde2f6dc-046d-11e9-89a2-e982204aa8d5
2018-12-20 20:15:33.6844|DEBUG|CLexExecutor|ExecuteLariatScriptAsync|Start Execution|{"Id":"2d2a4de0-6291-4c9f-ae38-82d16179c8fe"}|fde2f6dc-046d-11e9-89a2-e982204aa8d5
2018-12-20 20:15:33.6844|DEBUG|CLexExecutor|ExecuteLariatScriptAsync|End Execution (Success)|{"Id":"2d2a4de0-6291-4c9f-ae38-82d16179c8fe"}|fde2f6dc-046d-11e9-89a2-e982204aa8d5
2018-12-20 20:18:06.1116|DEBUG|CLexExecutor|ExecuteLariatScriptAsync|Start Execution|{"Id":"7cdba3f7-325d-4c67-8d54-a1167ce280cd"}|fde2f6dc-046d-11e9-89a2-e982204aa8d5
2018-12-20 20:18:06.1116|DEBUG|CLexExecutor|ExecuteLariatScriptAsync|End Execution (Success)|{"Id":"7cdba3f7-325d-4c67-8d54-a1167ce280cd"}|fde2f6dc-046d-11e9-89a2-e982204aa8d5
2018-12-20 20:18:12.8723|DEBUG|CLexExecutor|ExecuteLariatScriptAsync|Start Execution|{"Id":"f1b07148-7c69-41e0-884a-d7c34ef991e8"}|fde2f6dc-046d-11e9-89a2-e982204aa8d5
2018-12-20 20:18:12.8723|DEBUG|CLexExecutor|ExecuteLariatScriptAsync|End Execution (Success)|{"Id":"f1b07148-7c69-41e0-884a-d7c34ef991e8"}|fde2f6dc-046d-11e9-89a2-e982204aa8d5
2018-12-20 20:19:11.6435|DEBUG|CLexExecutor|ExecuteLariatScriptAsync|Start Execution|{"Id":"f96c6f93-be85-42ef-a9c1-943092b1d1c5"}|82432424-0494-11e9-805c-e982204aa8d5
2018-12-20 20:19:11.6563|DEBUG|CLexExecutor|ExecuteLariatScriptAsync|End Execution (Success)|{"Id":"f96c6f93-be85-42ef-a9c1-943092b1d1c5"}|82432424-0494-11e9-805c-e982204aa8d5
2018-12-20 20:19:11.8782|DEBUG|CLexExecutor|ExecuteLariatScriptAsync|Start Execution|{"Id":"e26b91e9-bb21-4790-a33e-9c89f76259ee"}|82432424-0494-11e9-805c-e982204aa8d5
2018-12-20 20:19:11.8782|DEBUG|CLexExecutor|ExecuteLariatScriptAsync|End Execution (Success)|{"Id":"e26b91e9-bb21-4790-a33e-9c89f76259ee"}|82432424-0494-11e9-805c-e982204aa8d5
2018-12-20 20:19:11.9249|DEBUG|CLexExecutor|ExecuteLariatScriptAsync|Start Execution|{"Id":"eb7cb895-106a-4de9-a476-bce3de71c4b8"}|82432424-0494-11e9-805c-e982204aa8d5
2018-12-20 20:19:11.9249|DEBUG|CLexExecutor|ExecuteLariatScriptAsync|End Execution (Success)|{"Id":"eb7cb895-106a-4de9-a476-bce3de71c4b8"}|82432424-0494-11e9-805c-e982204aa8d5
2018-12-20 20:19:11.9503|DEBUG|CLexExecutor|ExecuteLariatScriptAsync|Start Execution|{"Id":"a3c09ac1-ac1a-46ed-806c-62369dae24cb"}|82432424-0494-11e9-805c-e982204aa8d5
2018-12-20 20:19:11.9503|DEBUG|CLexExecutor|ExecuteLariatScriptAsync|End Execution (Success)|{"Id":"a3c09ac1-ac1a-46ed-806c-62369dae24cb"}|82432424-0494-11e9-805c-e982204aa8d5
2018-12-20 20:19:16.8039|DEBUG|CLexExecutor|ExecuteLariatScriptAsync|Start Execution|{"Id":"9eb07d2e-f094-4954-ae68-c66974599ba5"}|82432424-0494-11e9-805c-e982204aa8d5
2018-12-20 20:19:16.8039|DEBUG|CLexExecutor|ExecuteLariatScriptAsync|End Execution (Success)|{"Id":"9eb07d2e-f094-4954-ae68-c66974599ba5"}|82432424-0494-11e9-805c-e982204aa8d5
2018-12-20 20:19:17.7148|DEBUG|CLexExecutor|ExecuteLariatScriptAsync|Start Execution|{"Id":"12deab5c-f4d6-405e-a3c5-e380e8156a70"}|82432424-0494-11e9-805c-e982204aa8d5
2018-12-20 20:19:17.7148|DEBUG|CLexExecutor|ExecuteLariatScriptAsync|End Execution (Success)|{"Id":"12deab5c-f4d6-405e-a3c5-e380e8156a70"}|82432424-0494-11e9-805c-e982204aa8d5
2018-12-20 20:19:17.9624|DEBUG|CLexExecutor|ExecuteLariatScriptAsync|Start Execution|{"Id":"a8278367-43e7-45f3-ba4f-11be6977822f"}|82432424-0494-11e9-805c-e982204aa8d5
2018-12-20 20:19:17.9624|DEBUG|CLexExecutor|ExecuteLariatScriptAsync|End Execution (Success)|{"Id":"a8278367-43e7-45f3-ba4f-11be6977822f"}|82432424-0494-11e9-805c-e982204aa8d5
2018-12-20 20:19:23.0818|DEBUG|CLexExecutor|ExecuteLariatScriptAsync|Start Execution|{"Id":"23aa487e-3204-4882-8c50-b7ae4a6aae6d"}|82432424-0494-11e9-805c-e982204aa8d5
2018-12-20 20:19:23.0818|DEBUG|CLexExecutor|ExecuteLariatScriptAsync|End Execution (Success)|{"Id":"23aa487e-3204-4882-8c50-b7ae4a6aae6d"}|82432424-0494-11e9-805c-e982204aa8d5
2018-12-20 20:19:24.3073|DEBUG|CLexExecutor|ExecuteLariatScriptAsync|Start Execution|{"Id":"c8ae5607-da8b-4556-ad31-7bafbcbcc30d"}|82432424-0494-11e9-805c-e982204aa8d5
2018-12-20 20:19:24.3073|DEBUG|CLexExecutor|ExecuteLariatScriptAsync|End Execution (Success)|{"Id":"c8ae5607-da8b-4556-ad31-7bafbcbcc30d"}|82432424-0494-11e9-805c-e982204aa8d5
2018-12-20 20:19:24.8069|DEBUG|CLexExecutor|ExecuteLariatScriptAsync|Start Execution|{"Id":"8034e153-44f7-4fc4-9084-c955e40332e8"}|82432424-0494-11e9-805c-e982204aa8d5
2018-12-20 20:19:24.8069|DEBUG|CLexExecutor|ExecuteLariatScriptAsync|End Execution (Success)|{"Id":"8034e153-44f7-4fc4-9084-c955e40332e8"}|82432424-0494-11e9-805c-e982204aa8d5
2018-12-20 20:19:24.9483|DEBUG|CLexExecutor|ExecuteLariatScriptAsync|Start Execution|{"Id":"25dc42bc-8559-4a2a-b221-81b8a2d7aab1"}|82432424-0494-11e9-805c-e982204aa8d5
2018-12-20 20:19:24.9483|DEBUG|CLexExecutor|ExecuteLariatScriptAsync|End Execution (Success)|{"Id":"25dc42bc-8559-4a2a-b221-81b8a2d7aab1"}|82432424-0494-11e9-805c-e982204aa8d5
2018-12-20 20:19:25.0745|DEBUG|CLexExecutor|ExecuteLariatScriptAsync|Start Execution|{"Id":"b65e11e4-d80d-4fcc-ab22-273a01e50e65"}|82432424-0494-11e9-805c-e982204aa8d5
2018-12-20 20:19:25.0745|DEBUG|CLexExecutor|ExecuteLariatScriptAsync|End Execution (Success)|{"Id":"b65e11e4-d80d-4fcc-ab22-273a01e50e65"}|82432424-0494-11e9-805c-e982204aa8d5
2018-12-20 20:19:25.1674|DEBUG|CLexExecutor|ExecuteLariatScriptAsync|Start Execution|{"Id":"5b94f48a-173b-4235-8134-777c14891eff"}|82432424-0494-11e9-805c-e982204aa8d5
2018-12-20 20:19:25.1674|DEBUG|CLexExecutor|ExecuteLariatScriptAsync|End Execution (Success)|{"Id":"5b94f48a-173b-4235-8134-777c14891eff"}|82432424-0494-11e9-805c-e982204aa8d5
2018-12-20 20:19:25.2304|DEBUG|CLexExecutor|ExecuteLariatScriptAsync|Start Execution|{"Id":"4001685a-acfa-4a7e-b1b6-03e90e9184c1"}|82432424-0494-11e9-805c-e982204aa8d5
2018-12-20 20:19:25.2304|DEBUG|CLexExecutor|ExecuteLariatScriptAsync|End Execution (Success)|{"Id":"4001685a-acfa-4a7e-b1b6-03e90e9184c1"}|82432424-0494-11e9-805c-e982204aa8d5
2018-12-20 20:19:34.8391|DEBUG|CLexExecutor|ExecuteLariatScriptAsync|Start Execution|{"Id":"ba6c6f2c-5b4f-4e2e-9ccb-50b99352b514"}|82432424-0494-11e9-805c-e982204aa8d5
2018-12-20 20:19:34.8391|DEBUG|CLexExecutor|ExecuteLariatScriptAsync|End Execution (Success)|{"Id":"ba6c6f2c-5b4f-4e2e-9ccb-50b99352b514"}|82432424-0494-11e9-805c-e982204aa8d5
2018-12-20 20:19:36.7316|DEBUG|CLexExecutor|ExecuteLariatScriptAsync|Start Execution|{"Id":"6512fb97-51fa-4c59-a3d9-680e22cce90a"}|82432424-0494-11e9-805c-e982204aa8d5
2018-12-20 20:19:36.7316|DEBUG|CLexExecutor|ExecuteLariatScriptAsync|End Execution (Success)|{"Id":"6512fb97-51fa-4c59-a3d9-680e22cce90a"}|82432424-0494-11e9-805c-e982204aa8d5
2018-12-20 20:19:43.3066|DEBUG|CLexExecutor|ExecuteLariatScriptAsync|Start Execution|{"Id":"c0d00b82-5f9d-4bf4-bf7b-a64952c60a1f"}|82432424-0494-11e9-805c-e982204aa8d5
2018-12-20 20:19:43.3066|DEBUG|CLexExecutor|ExecuteLariatScriptAsync|End Execution (Success)|{"Id":"c0d00b82-5f9d-4bf4-bf7b-a64952c60a1f"}|82432424-0494-11e9-805c-e982204aa8d5
2018-12-20 20:19:44.9041|DEBUG|CLexExecutor|ExecuteLariatScriptAsync|Start Execution|{"Id":"cf4c9bfb-53bc-416a-9ff6-3e1e1a36aee4"}|82432424-0494-11e9-805c-e982204aa8d5
2018-12-20 20:19:44.9041|DEBUG|CLexExecutor|ExecuteLariatScriptAsync|End Execution (Success)|{"Id":"cf4c9bfb-53bc-416a-9ff6-3e1e1a36aee4"}|82432424-0494-11e9-805c-e982204aa8d5
2018-12-20 20:19:54.5684|DEBUG|CLexExecutor|ExecuteLariatScriptAsync|Start Execution|{"Id":"fdc2d6f6-6643-4ad9-a052-b7c3efc1b816"}|82432424-0494-11e9-805c-e982204aa8d5
2018-12-20 20:19:54.5684|DEBUG|CLexExecutor|ExecuteLariatScriptAsync|End Execution (Success)|{"Id":"fdc2d6f6-6643-4ad9-a052-b7c3efc1b816"}|82432424-0494-11e9-805c-e982204aa8d5
2018-12-20 20:19:55.2919|DEBUG|CLexExecutor|ExecuteLariatScriptAsync|Start Execution|{"Id":"265ad49c-a604-47d1-be0f-413b55c18017"}|82432424-0494-11e9-805c-e982204aa8d5
2018-12-20 20:19:55.2919|DEBUG|CLexExecutor|ExecuteLariatScriptAsync|End Execution (Success)|{"Id":"265ad49c-a604-47d1-be0f-413b55c18017"}|82432424-0494-11e9-805c-e982204aa8d5
2018-12-20 20:19:55.4335|DEBUG|CLexExecutor|ExecuteLariatScriptAsync|Start Execution|{"Id":"80776ed9-5ae3-46fe-81bb-e69a4469cf12"}|82432424-0494-11e9-805c-e982204aa8d5
2018-12-20 20:19:55.4335|DEBUG|CLexExecutor|ExecuteLariatScriptAsync|End Execution (Success)|{"Id":"80776ed9-5ae3-46fe-81bb-e69a4469cf12"}|82432424-0494-11e9-805c-e982204aa8d5
2018-12-20 20:19:55.6691|DEBUG|CLexExecutor|ExecuteLariatScriptAsync|Start Execution|{"Id":"9205f606-fe0e-489d-8d07-0abbccd6025d"}|82432424-0494-11e9-805c-e982204aa8d5
2018-12-20 20:19:55.6691|DEBUG|CLexExecutor|ExecuteLariatScriptAsync|End Execution (Success)|{"Id":"9205f606-fe0e-489d-8d07-0abbccd6025d"}|82432424-0494-11e9-805c-e982204aa8d5
2018-12-20 20:19:55.8243|DEBUG|CLexExecutor|ExecuteLariatScriptAsync|Start Execution|{"Id":"9814492d-8ab7-4f5f-8f9f-26f9c7acb100"}|82432424-0494-11e9-805c-e982204aa8d5
2018-12-20 20:19:55.8243|DEBUG|CLexExecutor|ExecuteLariatScriptAsync|End Execution (Success)|{"Id":"9814492d-8ab7-4f5f-8f9f-26f9c7acb100"}|82432424-0494-11e9-805c-e982204aa8d5
2018-12-20 20:19:56.1058|DEBUG|CLexExecutor|ExecuteLariatScriptAsync|Start Execution|{"Id":"496a7804-784f-4f27-8497-a7a033a1d2dc"}|82432424-0494-11e9-805c-e982204aa8d5
2018-12-20 20:19:56.1058|DEBUG|CLexExecutor|ExecuteLariatScriptAsync|End Execution (Success)|{"Id":"496a7804-784f-4f27-8497-a7a033a1d2dc"}|82432424-0494-11e9-805c-e982204aa8d5
2018-12-20 20:20:00.6234|DEBUG|CLexExecutor|ExecuteLariatScriptAsync|Start Execution|{"Id":"90b538f9-43a7-4a22-82e5-b5cc8dfd80e6"}|82432424-0494-11e9-805c-e982204aa8d5
2018-12-20 20:20:00.6234|DEBUG|CLexExecutor|ExecuteLariatScriptAsync|End Execution (Success)|{"Id":"90b538f9-43a7-4a22-82e5-b5cc8dfd80e6"}|82432424-0494-11e9-805c-e982204aa8d5
2018-12-20 20:20:01.9627|DEBUG|CLexExecutor|ExecuteLariatScriptAsync|Start Execution|{"Id":"eb9c7d21-35f9-43e1-a234-eeefe7fcfb68"}|82432424-0494-11e9-805c-e982204aa8d5
2018-12-20 20:20:01.9627|DEBUG|CLexExecutor|ExecuteLariatScriptAsync|End Execution (Success)|{"Id":"eb9c7d21-35f9-43e1-a234-eeefe7fcfb68"}|82432424-0494-11e9-805c-e982204aa8d5
2018-12-20 20:20:03.9322|DEBUG|CLexExecutor|ExecuteLariatScriptAsync|Start Execution|{"Id":"ced674ea-37ce-4c0c-9fda-4c81d32e3073"}|82432424-0494-11e9-805c-e982204aa8d5
2018-12-20 20:20:03.9322|DEBUG|CLexExecutor|ExecuteLariatScriptAsync|End Execution (Success)|{"Id":"ced674ea-37ce-4c0c-9fda-4c81d32e3073"}|82432424-0494-11e9-805c-e982204aa8d5
2018-12-20 20:20:04.0749|DEBUG|CLexExecutor|ExecuteLariatScriptAsync|Start Execution|{"Id":"3e2c2be7-4aea-41e2-a85d-146676306f7c"}|82432424-0494-11e9-805c-e982204aa8d5
2018-12-20 20:20:04.0749|DEBUG|CLexExecutor|ExecuteLariatScriptAsync|End Execution (Success)|{"Id":"3e2c2be7-4aea-41e2-a85d-146676306f7c"}|82432424-0494-11e9-805c-e982204aa8d5
2018-12-20 20:20:09.1410|DEBUG|CLexExecutor|ExecuteLariatScriptAsync|Start Execution|{"Id":"eb84cb3b-89f7-4e6f-b4b7-165e0d66bd2d"}|82432424-0494-11e9-805c-e982204aa8d5
2018-12-20 20:20:09.1410|DEBUG|CLexExecutor|ExecuteLariatScriptAsync|End Execution (Success)|{"Id":"eb84cb3b-89f7-4e6f-b4b7-165e0d66bd2d"}|82432424-0494-11e9-805c-e982204aa8d5
2018-12-20 20:20:10.5447|DEBUG|CLexExecutor|ExecuteLariatScriptAsync|Start Execution|{"Id":"c508e523-238a-453a-84ef-3e5d4c8dc09d"}|82432424-0494-11e9-805c-e982204aa8d5
2018-12-20 20:20:10.5447|DEBUG|CLexExecutor|ExecuteLariatScriptAsync|End Execution (Success)|{"Id":"c508e523-238a-453a-84ef-3e5d4c8dc09d"}|82432424-0494-11e9-805c-e982204aa8d5
2018-12-20 20:20:10.6656|DEBUG|CLexExecutor|ExecuteLariatScriptAsync|Start Execution|{"Id":"f31571a8-c259-44a7-bf78-ad6a4fea4dbf"}|82432424-0494-11e9-805c-e982204aa8d5
2018-12-20 20:20:10.6656|DEBUG|CLexExecutor|ExecuteLariatScriptAsync|End Execution (Success)|{"Id":"f31571a8-c259-44a7-bf78-ad6a4fea4dbf"}|82432424-0494-11e9-805c-e982204aa8d5
2018-12-20 20:20:16.2129|DEBUG|CLexExecutor|ExecuteLariatScriptAsync|Start Execution|{"Id":"5b69e96c-941e-4e58-a983-a39b7401a65c"}|82432424-0494-11e9-805c-e982204aa8d5
2018-12-20 20:20:16.2129|DEBUG|CLexExecutor|ExecuteLariatScriptAsync|End Execution (Success)|{"Id":"5b69e96c-941e-4e58-a983-a39b7401a65c"}|82432424-0494-11e9-805c-e982204aa8d5
2018-12-20 20:20:17.4156|DEBUG|CLexExecutor|ExecuteLariatScriptAsync|Start Execution|{"Id":"fb4ced57-32f5-4bd5-bc6b-420e00aa6d2d"}|82432424-0494-11e9-805c-e982204aa8d5
2018-12-20 20:20:17.4156|DEBUG|CLexExecutor|ExecuteLariatScriptAsync|End Execution (Success)|{"Id":"fb4ced57-32f5-4bd5-bc6b-420e00aa6d2d"}|82432424-0494-11e9-805c-e982204aa8d5
2018-12-20 20:20:17.4156|DEBUG|CLexExecutor|ExecuteLariatScriptAsync|Start Execution|{"Id":"2ede4c95-799d-4e3e-a7e5-770a27f34327"}|82432424-0494-11e9-805c-e982204aa8d5
2018-12-20 20:20:17.4156|DEBUG|CLexExecutor|ExecuteLariatScriptAsync|End Execution (Success)|{"Id":"2ede4c95-799d-4e3e-a7e5-770a27f34327"}|82432424-0494-11e9-805c-e982204aa8d5
2018-12-20 20:20:17.4156|DEBUG|CLexExecutor|ExecuteLariatScriptAsync|Start Execution|{"Id":"5d2210aa-d90a-475a-b95b-2b299165f61d"}|82432424-0494-11e9-805c-e982204aa8d5
2018-12-20 20:20:17.4156|DEBUG|CLexExecutor|ExecuteLariatScriptAsync|End Execution (Success)|{"Id":"5d2210aa-d90a-475a-b95b-2b299165f61d"}|82432424-0494-11e9-805c-e982204aa8d5
2018-12-20 20:20:17.4156|DEBUG|CLexExecutor|ExecuteLariatScriptAsync|Start Execution|{"Id":"f2d4845b-7668-4e63-9f3c-573f0491786e"}|82432424-0494-11e9-805c-e982204aa8d5
2018-12-20 20:20:17.4156|DEBUG|CLexExecutor|ExecuteLariatScriptAsync|End Execution (Success)|{"Id":"f2d4845b-7668-4e63-9f3c-573f0491786e"}|82432424-0494-11e9-805c-e982204aa8d5
2018-12-20 20:20:18.8127|DEBUG|CLexExecutor|ExecuteLariatScriptAsync|Start Execution|{"Id":"6780ae48-4073-4ea7-a14a-0b2b80eab2e5"}|82432424-0494-11e9-805c-e982204aa8d5
2018-12-20 20:20:18.8127|DEBUG|CLexExecutor|ExecuteLariatScriptAsync|End Execution (Success)|{"Id":"6780ae48-4073-4ea7-a14a-0b2b80eab2e5"}|82432424-0494-11e9-805c-e982204aa8d5
2018-12-20 20:20:19.8267|DEBUG|CLexExecutor|ExecuteLariatScriptAsync|Start Execution|{"Id":"24900385-8b0d-4c1f-b03b-56eba87239c5"}|82432424-0494-11e9-805c-e982204aa8d5
2018-12-20 20:20:19.8267|DEBUG|CLexExecutor|ExecuteLariatScriptAsync|End Execution (Success)|{"Id":"24900385-8b0d-4c1f-b03b-56eba87239c5"}|82432424-0494-11e9-805c-e982204aa8d5
2018-12-20 20:20:20.4164|DEBUG|CLexExecutor|ExecuteLariatScriptAsync|Start Execution|{"Id":"25a786f5-d0de-4b42-b4ad-2a508e8ce84f"}|82432424-0494-11e9-805c-e982204aa8d5
2018-12-20 20:20:20.4164|DEBUG|CLexExecutor|ExecuteLariatScriptAsync|End Execution (Success)|{"Id":"25a786f5-d0de-4b42-b4ad-2a508e8ce84f"}|82432424-0494-11e9-805c-e982204aa8d5
2018-12-20 20:20:43.2617|DEBUG|CLexExecutor|ExecuteLariatScriptAsync|Start Execution|{"Id":"0f677a56-60a6-4eab-ab96-9df57166f724"}|82432424-0494-11e9-805c-e982204aa8d5
2018-12-20 20:20:43.2617|DEBUG|CLexExecutor|ExecuteLariatScriptAsync|End Execution (Success)|{"Id":"0f677a56-60a6-4eab-ab96-9df57166f724"}|82432424-0494-11e9-805c-e982204aa8d5
2018-12-20 20:20:45.4329|DEBUG|CLexExecutor|ExecuteLariatScriptAsync|Start Execution|{"Id":"2d3cbaa7-25fa-40e9-b0ca-e5f6e3c5d1a5"}|82432424-0494-11e9-805c-e982204aa8d5
2018-12-20 20:20:45.4329|DEBUG|CLexExecutor|ExecuteLariatScriptAsync|End Execution (Success)|{"Id":"2d3cbaa7-25fa-40e9-b0ca-e5f6e3c5d1a5"}|82432424-0494-11e9-805c-e982204aa8d5
2018-12-20 20:20:45.4943|DEBUG|CLexExecutor|ExecuteLariatScriptAsync|Start Execution|{"Id":"bdd7919b-bd7e-4b12-8cfc-4720936173ed"}|82432424-0494-11e9-805c-e982204aa8d5
2018-12-20 20:20:45.4943|DEBUG|CLexExecutor|ExecuteLariatScriptAsync|End Execution (Success)|{"Id":"bdd7919b-bd7e-4b12-8cfc-4720936173ed"}|82432424-0494-11e9-805c-e982204aa8d5
2018-12-20 20:21:14.9494|DEBUG|CLexExecutor|ExecuteLariatScriptAsync|Start Execution|{"Id":"5e90b322-f8d9-44cd-a265-77dab3101dde"}|82432424-0494-11e9-805c-e982204aa8d5
2018-12-20 20:21:14.9494|DEBUG|CLexExecutor|ExecuteLariatScriptAsync|End Execution (Success)|{"Id":"5e90b322-f8d9-44cd-a265-77dab3101dde"}|82432424-0494-11e9-805c-e982204aa8d5
2018-12-20 20:21:16.9705|DEBUG|CLexExecutor|ExecuteLariatScriptAsync|Start Execution|{"Id":"52b47d06-b15a-45ac-a15f-75e639bdf7ce"}|82432424-0494-11e9-805c-e982204aa8d5
2018-12-20 20:21:16.9705|DEBUG|CLexExecutor|ExecuteLariatScriptAsync|End Execution (Success)|{"Id":"52b47d06-b15a-45ac-a15f-75e639bdf7ce"}|82432424-0494-11e9-805c-e982204aa8d5
2018-12-20 20:21:17.6500|DEBUG|CLexExecutor|ExecuteLariatScriptAsync|Start Execution|{"Id":"893e631e-9113-49fc-b0f5-188769a4500e"}|82432424-0494-11e9-805c-e982204aa8d5
2018-12-20 20:21:17.6500|DEBUG|CLexExecutor|ExecuteLariatScriptAsync|End Execution (Success)|{"Id":"893e631e-9113-49fc-b0f5-188769a4500e"}|82432424-0494-11e9-805c-e982204aa8d5
2018-12-20 20:21:17.6981|DEBUG|CLexExecutor|ExecuteLariatScriptAsync|Start Execution|{"Id":"35626b47-d217-4d63-bccd-63268c01c4df"}|82432424-0494-11e9-805c-e982204aa8d5
2018-12-20 20:21:17.6981|DEBUG|CLexExecutor|ExecuteLariatScriptAsync|End Execution (Success)|{"Id":"35626b47-d217-4d63-bccd-63268c01c4df"}|82432424-0494-11e9-805c-e982204aa8d5
2018-12-20 20:21:18.4175|DEBUG|CLexExecutor|ExecuteLariatScriptAsync|Start Execution|{"Id":"c33abfe6-223b-448f-95bc-1117ada0bd61"}|82432424-0494-11e9-805c-e982204aa8d5
2018-12-20 20:21:18.4175|DEBUG|CLexExecutor|ExecuteLariatScriptAsync|End Execution (Success)|{"Id":"c33abfe6-223b-448f-95bc-1117ada0bd61"}|82432424-0494-11e9-805c-e982204aa8d5
2018-12-20 20:21:18.4936|DEBUG|CLexExecutor|ExecuteLariatScriptAsync|Start Execution|{"Id":"f6f77911-848c-4d32-a6cd-d6a6c6d08124"}|82432424-0494-11e9-805c-e982204aa8d5
2018-12-20 20:21:18.4936|DEBUG|CLexExecutor|ExecuteLariatScriptAsync|End Execution (Success)|{"Id":"f6f77911-848c-4d32-a6cd-d6a6c6d08124"}|82432424-0494-11e9-805c-e982204aa8d5
2018-12-20 20:21:18.5879|DEBUG|CLexExecutor|ExecuteLariatScriptAsync|Start Execution|{"Id":"75cf08cf-1b71-49e6-9884-4673f15a6334"}|82432424-0494-11e9-805c-e982204aa8d5
2018-12-20 20:21:18.5879|DEBUG|CLexExecutor|ExecuteLariatScriptAsync|End Execution (Success)|{"Id":"75cf08cf-1b71-49e6-9884-4673f15a6334"}|82432424-0494-11e9-805c-e982204aa8d5
2018-12-20 20:21:39.5970|DEBUG|CLexExecutor|ExecuteLariatScriptAsync|Start Execution|{"Id":"dd89a51f-47a5-444f-a361-d79a20727931"}|82432424-0494-11e9-805c-e982204aa8d5
2018-12-20 20:21:39.5970|DEBUG|CLexExecutor|ExecuteLariatScriptAsync|End Execution (Success)|{"Id":"dd89a51f-47a5-444f-a361-d79a20727931"}|82432424-0494-11e9-805c-e982204aa8d5
2018-12-20 20:21:43.5253|DEBUG|CLexExecutor|ExecuteLariatScriptAsync|Start Execution|{"Id":"a3cac67a-ae71-4f76-b95e-386ca799a154"}|82432424-0494-11e9-805c-e982204aa8d5
2018-12-20 20:21:43.5253|DEBUG|CLexExecutor|ExecuteLariatScriptAsync|End Execution (Success)|{"Id":"a3cac67a-ae71-4f76-b95e-386ca799a154"}|82432424-0494-11e9-805c-e982204aa8d5
2018-12-20 20:21:43.6984|DEBUG|CLexExecutor|ExecuteLariatScriptAsync|Start Execution|{"Id":"12b434ec-3fc0-44b9-ab54-4196b3d8feca"}|82432424-0494-11e9-805c-e982204aa8d5
2018-12-20 20:21:43.6984|DEBUG|CLexExecutor|ExecuteLariatScriptAsync|End Execution (Success)|{"Id":"12b434ec-3fc0-44b9-ab54-4196b3d8feca"}|82432424-0494-11e9-805c-e982204aa8d5
2018-12-20 20:22:26.5190|DEBUG|CLexExecutor|ExecuteLariatScriptAsync|Start Execution|{"Id":"c8f22ca5-62db-47fc-abf5-5216ae27ed63"}|82432424-0494-11e9-805c-e982204aa8d5
2018-12-20 20:22:26.5190|DEBUG|CLexExecutor|ExecuteLariatScriptAsync|End Execution (Success)|{"Id":"c8f22ca5-62db-47fc-abf5-5216ae27ed63"}|82432424-0494-11e9-805c-e982204aa8d5
2018-12-20 20:22:30.7981|DEBUG|CLexExecutor|ExecuteLariatScriptAsync|Start Execution|{"Id":"4c299902-48ea-474c-97a0-073cc7a0f137"}|82432424-0494-11e9-805c-e982204aa8d5
2018-12-20 20:22:30.7981|DEBUG|CLexExecutor|ExecuteLariatScriptAsync|End Execution (Success)|{"Id":"4c299902-48ea-474c-97a0-073cc7a0f137"}|82432424-0494-11e9-805c-e982204aa8d5
2018-12-20 20:22:30.8352|DEBUG|CLexExecutor|ExecuteLariatScriptAsync|Start Execution|{"Id":"34a2794a-8121-4bbe-9216-bd94fe038739"}|82432424-0494-11e9-805c-e982204aa8d5
2018-12-20 20:22:30.8352|DEBUG|CLexExecutor|ExecuteLariatScriptAsync|End Execution (Success)|{"Id":"34a2794a-8121-4bbe-9216-bd94fe038739"}|82432424-0494-11e9-805c-e982204aa8d5
2018-12-20 20:22:30.8888|DEBUG|CLexExecutor|ExecuteLariatScriptAsync|Start Execution|{"Id":"5ed7f025-f8c0-4aca-9704-f07531ffd5da"}|82432424-0494-11e9-805c-e982204aa8d5
2018-12-20 20:22:30.8888|DEBUG|CLexExecutor|ExecuteLariatScriptAsync|End Execution (Success)|{"Id":"5ed7f025-f8c0-4aca-9704-f07531ffd5da"}|82432424-0494-11e9-805c-e982204aa8d5
2018-12-20 20:22:30.9175|DEBUG|CLexExecutor|ExecuteLariatScriptAsync|Start Execution|{"Id":"783a9f82-1187-4fa6-afb2-4cd3a87bb350"}|82432424-0494-11e9-805c-e982204aa8d5
2018-12-20 20:22:30.9175|DEBUG|CLexExecutor|ExecuteLariatScriptAsync|End Execution (Success)|{"Id":"783a9f82-1187-4fa6-afb2-4cd3a87bb350"}|82432424-0494-11e9-805c-e982204aa8d5
2018-12-20 20:22:31.2184|DEBUG|CLexExecutor|ExecuteLariatScriptAsync|Start Execution|{"Id":"bf46eda4-fc5d-4d0f-bf5d-b65c841422c1"}|82432424-0494-11e9-805c-e982204aa8d5
2018-12-20 20:22:31.2184|DEBUG|CLexExecutor|ExecuteLariatScriptAsync|End Execution (Success)|{"Id":"bf46eda4-fc5d-4d0f-bf5d-b65c841422c1"}|82432424-0494-11e9-805c-e982204aa8d5
2018-12-20 20:22:31.2471|DEBUG|CLexExecutor|ExecuteLariatScriptAsync|Start Execution|{"Id":"2bfec8a6-a2ef-4b3c-a74c-54acec78d442"}|82432424-0494-11e9-805c-e982204aa8d5
2018-12-20 20:22:31.2471|DEBUG|CLexExecutor|ExecuteLariatScriptAsync|End Execution (Success)|{"Id":"2bfec8a6-a2ef-4b3c-a74c-54acec78d442"}|82432424-0494-11e9-805c-e982204aa8d5
2018-12-20 20:22:31.2942|DEBUG|CLexExecutor|ExecuteLariatScriptAsync|Start Execution|{"Id":"99d5bafe-9cae-4b4f-8b2b-d3ac40d9594c"}|82432424-0494-11e9-805c-e982204aa8d5
2018-12-20 20:22:31.2942|DEBUG|CLexExecutor|ExecuteLariatScriptAsync|End Execution (Success)|{"Id":"99d5bafe-9cae-4b4f-8b2b-d3ac40d9594c"}|82432424-0494-11e9-805c-e982204aa8d5
2018-12-20 20:22:31.2942|DEBUG|CLexExecutor|ExecuteLariatScriptAsync|Start Execution|{"Id":"b5aedd9d-0176-4ffa-921c-39109cde4a2d"}|82432424-0494-11e9-805c-e982204aa8d5
2018-12-20 20:22:31.2942|DEBUG|CLexExecutor|ExecuteLariatScriptAsync|End Execution (Success)|{"Id":"b5aedd9d-0176-4ffa-921c-39109cde4a2d"}|82432424-0494-11e9-805c-e982204aa8d5
2018-12-20 20:22:32.5811|DEBUG|CLexExecutor|ExecuteLariatScriptAsync|Start Execution|{"Id":"00eb23f6-6f9b-49ca-b666-bc2a299f70d4"}|82432424-0494-11e9-805c-e982204aa8d5
2018-12-20 20:22:32.5811|DEBUG|CLexExecutor|ExecuteLariatScriptAsync|End Execution (Success)|{"Id":"00eb23f6-6f9b-49ca-b666-bc2a299f70d4"}|82432424-0494-11e9-805c-e982204aa8d5
2018-12-21 11:38:02.0564|DEBUG|CLexExecutor|ExecuteLariatScriptAsync|Start Execution|{"Id":"694a1d6a-f8a4-4e14-b041-ecf65e812b2f"}|dbc618ca-0514-11e9-835f-e04f435b3b32
2018-12-21 11:38:02.0969|DEBUG|CLexExecutor|ExecuteLariatScriptAsync|End Execution (Success)|{"Id":"694a1d6a-f8a4-4e14-b041-ecf65e812b2f"}|dbc618ca-0514-11e9-835f-e04f435b3b32
2018-12-21 11:38:03.6351|DEBUG|CLexExecutor|ExecuteLariatScriptAsync|Start Execution|{"Id":"49841e53-f0d2-4be6-80f9-f77a27e2e52c"}|dbc618ca-0514-11e9-835f-e04f435b3b32
2018-12-21 11:38:03.6351|DEBUG|CLexExecutor|ExecuteLariatScriptAsync|End Execution (Success)|{"Id":"49841e53-f0d2-4be6-80f9-f77a27e2e52c"}|dbc618ca-0514-11e9-835f-e04f435b3b32
2018-12-21 11:38:05.2427|DEBUG|CLexExecutor|ExecuteLariatScriptAsync|Start Execution|{"Id":"e3635ce4-7294-444b-9ae7-78e7e62de1b1"}|dbc618ca-0514-11e9-835f-e04f435b3b32
2018-12-21 11:38:05.2559|DEBUG|CLexExecutor|ExecuteLariatScriptAsync|End Execution (Success)|{"Id":"e3635ce4-7294-444b-9ae7-78e7e62de1b1"}|dbc618ca-0514-11e9-835f-e04f435b3b32
2018-12-21 11:38:07.2926|DEBUG|CLexExecutor|ExecuteLariatScriptAsync|Start Execution|{"Id":"2d3040ef-4332-4f2d-89a5-1a0a520be8cb"}|dbc618ca-0514-11e9-835f-e04f435b3b32
2018-12-21 11:38:07.2926|DEBUG|CLexExecutor|ExecuteLariatScriptAsync|End Execution (Success)|{"Id":"2d3040ef-4332-4f2d-89a5-1a0a520be8cb"}|dbc618ca-0514-11e9-835f-e04f435b3b32
2018-12-21 11:38:07.7919|DEBUG|CLexExecutor|ExecuteLariatScriptAsync|Start Execution|{"Id":"0a19a462-4ff6-4c24-86a4-b579af4d5903"}|dbc618ca-0514-11e9-835f-e04f435b3b32
2018-12-21 11:38:07.7919|DEBUG|CLexExecutor|ExecuteLariatScriptAsync|End Execution (Success)|{"Id":"0a19a462-4ff6-4c24-86a4-b579af4d5903"}|dbc618ca-0514-11e9-835f-e04f435b3b32
2018-12-21 11:38:08.3266|DEBUG|CLexExecutor|ExecuteLariatScriptAsync|Start Execution|{"Id":"9a5df0f2-0fc2-4658-8dd5-3c7757c20c0a"}|dbc618ca-0514-11e9-835f-e04f435b3b32
2018-12-21 11:38:08.3266|DEBUG|CLexExecutor|ExecuteLariatScriptAsync|End Execution (Success)|{"Id":"9a5df0f2-0fc2-4658-8dd5-3c7757c20c0a"}|dbc618ca-0514-11e9-835f-e04f435b3b32
2018-12-21 11:38:08.6141|DEBUG|CLexExecutor|ExecuteLariatScriptAsync|Start Execution|{"Id":"b6a2794c-524e-482f-8d0b-60dbac1d3661"}|dbc618ca-0514-11e9-835f-e04f435b3b32
2018-12-21 11:38:08.6141|DEBUG|CLexExecutor|ExecuteLariatScriptAsync|End Execution (Success)|{"Id":"b6a2794c-524e-482f-8d0b-60dbac1d3661"}|dbc618ca-0514-11e9-835f-e04f435b3b32
2018-12-21 11:38:08.8867|DEBUG|CLexExecutor|ExecuteLariatScriptAsync|Start Execution|{"Id":"fcd8491a-bb4c-429e-a159-15971f574848"}|dbc618ca-0514-11e9-835f-e04f435b3b32
2018-12-21 11:38:08.8867|DEBUG|CLexExecutor|ExecuteLariatScriptAsync|End Execution (Success)|{"Id":"fcd8491a-bb4c-429e-a159-15971f574848"}|dbc618ca-0514-11e9-835f-e04f435b3b32
2018-12-21 11:38:09.1349|DEBUG|CLexExecutor|ExecuteLariatScriptAsync|Start Execution|{"Id":"dcb200ff-4592-4766-9ef2-82bd4d798b95"}|dbc618ca-0514-11e9-835f-e04f435b3b32
2018-12-21 11:38:09.1349|DEBUG|CLexExecutor|ExecuteLariatScriptAsync|End Execution (Success)|{"Id":"dcb200ff-4592-4766-9ef2-82bd4d798b95"}|dbc618ca-0514-11e9-835f-e04f435b3b32
2018-12-21 11:38:09.4396|DEBUG|CLexExecutor|ExecuteLariatScriptAsync|Start Execution|{"Id":"208877e6-7a0c-45e1-a382-24e58028781b"}|dbc618ca-0514-11e9-835f-e04f435b3b32
2018-12-21 11:38:09.4396|DEBUG|CLexExecutor|ExecuteLariatScriptAsync|End Execution (Success)|{"Id":"208877e6-7a0c-45e1-a382-24e58028781b"}|dbc618ca-0514-11e9-835f-e04f435b3b32
2018-12-21 11:38:09.8220|DEBUG|CLexExecutor|ExecuteLariatScriptAsync|Start Execution|{"Id":"dc196efd-8a61-45f2-ba45-ce8ef2da5857"}|dbc618ca-0514-11e9-835f-e04f435b3b32
2018-12-21 11:38:09.8220|DEBUG|CLexExecutor|ExecuteLariatScriptAsync|End Execution (Success)|{"Id":"dc196efd-8a61-45f2-ba45-ce8ef2da5857"}|dbc618ca-0514-11e9-835f-e04f435b3b32
2018-12-21 11:38:10.0563|DEBUG|CLexExecutor|ExecuteLariatScriptAsync|Start Execution|{"Id":"88918327-88b5-4363-9dd5-1ed775547d63"}|dbc618ca-0514-11e9-835f-e04f435b3b32
2018-12-21 11:38:10.0563|DEBUG|CLexExecutor|ExecuteLariatScriptAsync|End Execution (Success)|{"Id":"88918327-88b5-4363-9dd5-1ed775547d63"}|dbc618ca-0514-11e9-835f-e04f435b3b32
2018-12-21 12:06:14.9587|DEBUG|CLexExecutor|ExecuteLariatScriptAsync|Start Execution|{"Id":"f84c5e0e-d3fe-482d-90b1-632ae2011d8c"}|dbc618ca-0514-11e9-835f-e04f435b3b32
2018-12-21 12:06:14.9587|DEBUG|CLexExecutor|ExecuteLariatScriptAsync|End Execution (Success)|{"Id":"f84c5e0e-d3fe-482d-90b1-632ae2011d8c"}|dbc618ca-0514-11e9-835f-e04f435b3b32
2018-12-21 12:06:15.3141|DEBUG|CLexExecutor|ExecuteLariatScriptAsync|Start Execution|{"Id":"ace114b1-90b2-46aa-966d-9ec84987a65d"}|dbc618ca-0514-11e9-835f-e04f435b3b32
2018-12-21 12:06:15.3141|DEBUG|CLexExecutor|ExecuteLariatScriptAsync|End Execution (Success)|{"Id":"ace114b1-90b2-46aa-966d-9ec84987a65d"}|dbc618ca-0514-11e9-835f-e04f435b3b32
2018-12-21 12:06:15.5310|DEBUG|CLexExecutor|ExecuteLariatScriptAsync|Start Execution|{"Id":"3bb21b49-310e-43f3-8654-34a85616f8fc"}|dbc618ca-0514-11e9-835f-e04f435b3b32
2018-12-21 12:06:15.5310|DEBUG|CLexExecutor|ExecuteLariatScriptAsync|End Execution (Success)|{"Id":"3bb21b49-310e-43f3-8654-34a85616f8fc"}|dbc618ca-0514-11e9-835f-e04f435b3b32
2018-12-21 12:06:15.5977|DEBUG|CLexExecutor|ExecuteLariatScriptAsync|Start Execution|{"Id":"653725ad-7dd4-4f8e-a0f1-3eb950677b00"}|dbc618ca-0514-11e9-835f-e04f435b3b32
2018-12-21 12:06:15.5977|DEBUG|CLexExecutor|ExecuteLariatScriptAsync|End Execution (Success)|{"Id":"653725ad-7dd4-4f8e-a0f1-3eb950677b00"}|dbc618ca-0514-11e9-835f-e04f435b3b32
2018-12-21 12:06:20.4381|DEBUG|CLexExecutor|ExecuteLariatScriptAsync|Start Execution|{"Id":"a30ec019-fb84-4c74-ab08-267ed228de46"}|dbc618ca-0514-11e9-835f-e04f435b3b32
2018-12-21 12:06:20.4381|DEBUG|CLexExecutor|ExecuteLariatScriptAsync|End Execution (Success)|{"Id":"a30ec019-fb84-4c74-ab08-267ed228de46"}|dbc618ca-0514-11e9-835f-e04f435b3b32
2018-12-21 12:06:21.1096|DEBUG|CLexExecutor|ExecuteLariatScriptAsync|Start Execution|{"Id":"c7c7c5c2-09e7-414c-b33c-3b1a9674146d"}|dbc618ca-0514-11e9-835f-e04f435b3b32
2018-12-21 12:06:21.1096|DEBUG|CLexExecutor|ExecuteLariatScriptAsync|End Execution (Success)|{"Id":"c7c7c5c2-09e7-414c-b33c-3b1a9674146d"}|dbc618ca-0514-11e9-835f-e04f435b3b32
2018-12-21 12:06:48.0955|DEBUG|CLexExecutor|ExecuteLariatScriptAsync|Start Execution|{"Id":"3b7ae9ea-d56b-409c-8652-de4e9aefd228"}|dbc618ca-0514-11e9-835f-e04f435b3b32
2018-12-21 12:06:48.0955|DEBUG|CLexExecutor|ExecuteLariatScriptAsync|End Execution (Success)|{"Id":"3b7ae9ea-d56b-409c-8652-de4e9aefd228"}|dbc618ca-0514-11e9-835f-e04f435b3b32
2018-12-21 12:06:48.1123|DEBUG|CLexExecutor|ExecuteLariatScriptAsync|Start Execution|{"Id":"61667c70-8463-4c02-b7f1-de8893c85d0a"}|dbc618ca-0514-11e9-835f-e04f435b3b32
2018-12-21 12:06:48.1123|DEBUG|CLexExecutor|ExecuteLariatScriptAsync|End Execution (Success)|{"Id":"61667c70-8463-4c02-b7f1-de8893c85d0a"}|dbc618ca-0514-11e9-835f-e04f435b3b32
2018-12-21 12:06:48.1123|DEBUG|CLexExecutor|ExecuteLariatScriptAsync|Start Execution|{"Id":"8f52a057-e400-4bf2-a809-40c238539169"}|dbc618ca-0514-11e9-835f-e04f435b3b32
2018-12-21 12:06:48.1123|DEBUG|CLexExecutor|ExecuteLariatScriptAsync|End Execution (Success)|{"Id":"8f52a057-e400-4bf2-a809-40c238539169"}|dbc618ca-0514-11e9-835f-e04f435b3b32
2018-12-21 12:06:48.1123|DEBUG|CLexExecutor|ExecuteLariatScriptAsync|Start Execution|{"Id":"9ad15911-ed89-4a3a-a03a-6df7a840a01e"}|dbc618ca-0514-11e9-835f-e04f435b3b32
2018-12-21 12:06:48.1123|DEBUG|CLexExecutor|ExecuteLariatScriptAsync|End Execution (Success)|{"Id":"9ad15911-ed89-4a3a-a03a-6df7a840a01e"}|dbc618ca-0514-11e9-835f-e04f435b3b32
2018-12-21 12:06:48.9244|DEBUG|CLexExecutor|ExecuteLariatScriptAsync|Start Execution|{"Id":"38ba1200-d7e7-42f2-993e-01f9fd3cc042"}|dbc618ca-0514-11e9-835f-e04f435b3b32
2018-12-21 12:06:48.9244|DEBUG|CLexExecutor|ExecuteLariatScriptAsync|End Execution (Success)|{"Id":"38ba1200-d7e7-42f2-993e-01f9fd3cc042"}|dbc618ca-0514-11e9-835f-e04f435b3b32
2018-12-21 12:06:49.3749|DEBUG|CLexExecutor|ExecuteLariatScriptAsync|Start Execution|{"Id":"12b1979b-bfd9-4c81-b8b2-6860f590142e"}|dbc618ca-0514-11e9-835f-e04f435b3b32
2018-12-21 12:06:49.3749|DEBUG|CLexExecutor|ExecuteLariatScriptAsync|End Execution (Success)|{"Id":"12b1979b-bfd9-4c81-b8b2-6860f590142e"}|dbc618ca-0514-11e9-835f-e04f435b3b32
2018-12-21 12:06:49.5319|DEBUG|CLexExecutor|ExecuteLariatScriptAsync|Start Execution|{"Id":"f03a6e7f-57bb-4433-9c4d-71eb5641b72c"}|dbc618ca-0514-11e9-835f-e04f435b3b32
2018-12-21 12:06:49.5319|DEBUG|CLexExecutor|ExecuteLariatScriptAsync|End Execution (Success)|{"Id":"f03a6e7f-57bb-4433-9c4d-71eb5641b72c"}|dbc618ca-0514-11e9-835f-e04f435b3b32
2018-12-21 12:06:55.2550|DEBUG|CLexExecutor|ExecuteLariatScriptAsync|Start Execution|{"Id":"d0e7c385-ecdb-493e-8898-40793679d1b1"}|dbc618ca-0514-11e9-835f-e04f435b3b32
2018-12-21 12:06:55.2550|DEBUG|CLexExecutor|ExecuteLariatScriptAsync|End Execution (Success)|{"Id":"d0e7c385-ecdb-493e-8898-40793679d1b1"}|dbc618ca-0514-11e9-835f-e04f435b3b32
2018-12-21 12:06:56.4698|DEBUG|CLexExecutor|ExecuteLariatScriptAsync|Start Execution|{"Id":"c14cf61c-8de1-42aa-95da-2e0d16bd2d79"}|dbc618ca-0514-11e9-835f-e04f435b3b32
2018-12-21 12:06:56.4698|DEBUG|CLexExecutor|ExecuteLariatScriptAsync|End Execution (Success)|{"Id":"c14cf61c-8de1-42aa-95da-2e0d16bd2d79"}|dbc618ca-0514-11e9-835f-e04f435b3b32
2018-12-21 12:06:57.1100|DEBUG|CLexExecutor|ExecuteLariatScriptAsync|Start Execution|{"Id":"980356f1-2434-4de9-a9b8-43c017927799"}|dbc618ca-0514-11e9-835f-e04f435b3b32
2018-12-21 12:06:57.1100|DEBUG|CLexExecutor|ExecuteLariatScriptAsync|End Execution (Success)|{"Id":"980356f1-2434-4de9-a9b8-43c017927799"}|dbc618ca-0514-11e9-835f-e04f435b3b32
2018-12-21 12:06:57.3294|DEBUG|CLexExecutor|ExecuteLariatScriptAsync|Start Execution|{"Id":"8fd7af8d-05f4-4d86-a416-b7850144156b"}|dbc618ca-0514-11e9-835f-e04f435b3b32
2018-12-21 12:06:57.3294|DEBUG|CLexExecutor|ExecuteLariatScriptAsync|End Execution (Success)|{"Id":"8fd7af8d-05f4-4d86-a416-b7850144156b"}|dbc618ca-0514-11e9-835f-e04f435b3b32
2018-12-21 12:06:57.5783|DEBUG|CLexExecutor|ExecuteLariatScriptAsync|Start Execution|{"Id":"0f5e6011-3687-4abf-b430-5eddb74a8b31"}|dbc618ca-0514-11e9-835f-e04f435b3b32
2018-12-21 12:06:57.5783|DEBUG|CLexExecutor|ExecuteLariatScriptAsync|End Execution (Success)|{"Id":"0f5e6011-3687-4abf-b430-5eddb74a8b31"}|dbc618ca-0514-11e9-835f-e04f435b3b32
2018-12-21 12:06:57.7548|DEBUG|CLexExecutor|ExecuteLariatScriptAsync|Start Execution|{"Id":"5fdd9853-d53f-4c7c-a903-9a86f3ca2fc8"}|dbc618ca-0514-11e9-835f-e04f435b3b32
2018-12-21 12:06:57.7548|DEBUG|CLexExecutor|ExecuteLariatScriptAsync|End Execution (Success)|{"Id":"5fdd9853-d53f-4c7c-a903-9a86f3ca2fc8"}|dbc618ca-0514-11e9-835f-e04f435b3b32
2018-12-21 12:06:57.9395|DEBUG|CLexExecutor|ExecuteLariatScriptAsync|Start Execution|{"Id":"3b9b6ab5-6a66-4fb1-9e0f-f53158b60ee8"}|dbc618ca-0514-11e9-835f-e04f435b3b32
2018-12-21 12:06:57.9395|DEBUG|CLexExecutor|ExecuteLariatScriptAsync|End Execution (Success)|{"Id":"3b9b6ab5-6a66-4fb1-9e0f-f53158b60ee8"}|dbc618ca-0514-11e9-835f-e04f435b3b32
2018-12-21 12:07:03.3238|DEBUG|CLexExecutor|ExecuteLariatScriptAsync|Start Execution|{"Id":"3cfcbc9e-baa4-4165-975b-7d435c42f21b"}|dbc618ca-0514-11e9-835f-e04f435b3b32
2018-12-21 12:07:03.3238|DEBUG|CLexExecutor|ExecuteLariatScriptAsync|End Execution (Success)|{"Id":"3cfcbc9e-baa4-4165-975b-7d435c42f21b"}|dbc618ca-0514-11e9-835f-e04f435b3b32
2018-12-21 12:07:04.2977|DEBUG|CLexExecutor|ExecuteLariatScriptAsync|Start Execution|{"Id":"dcb5d956-f64d-412d-a464-5739f993496d"}|dbc618ca-0514-11e9-835f-e04f435b3b32
2018-12-21 12:07:04.2977|DEBUG|CLexExecutor|ExecuteLariatScriptAsync|End Execution (Success)|{"Id":"dcb5d956-f64d-412d-a464-5739f993496d"}|dbc618ca-0514-11e9-835f-e04f435b3b32
2018-12-21 12:07:07.9331|DEBUG|CLexExecutor|ExecuteLariatScriptAsync|Start Execution|{"Id":"deb17df8-be16-43bc-b5b8-451181ea668d"}|dbc618ca-0514-11e9-835f-e04f435b3b32
2018-12-21 12:07:07.9331|DEBUG|CLexExecutor|ExecuteLariatScriptAsync|End Execution (Success)|{"Id":"deb17df8-be16-43bc-b5b8-451181ea668d"}|dbc618ca-0514-11e9-835f-e04f435b3b32
2018-12-21 12:07:08.7828|DEBUG|CLexExecutor|ExecuteLariatScriptAsync|Start Execution|{"Id":"97acab9a-576e-4c8a-807e-298fb8411bc9"}|dbc618ca-0514-11e9-835f-e04f435b3b32
2018-12-21 12:07:08.7828|DEBUG|CLexExecutor|ExecuteLariatScriptAsync|End Execution (Success)|{"Id":"97acab9a-576e-4c8a-807e-298fb8411bc9"}|dbc618ca-0514-11e9-835f-e04f435b3b32
2018-12-21 12:07:13.7362|DEBUG|CLexExecutor|ExecuteLariatScriptAsync|Start Execution|{"Id":"6ecc0318-7219-4a09-8c70-53fe58cb3819"}|dbc618ca-0514-11e9-835f-e04f435b3b32
2018-12-21 12:07:13.7362|DEBUG|CLexExecutor|ExecuteLariatScriptAsync|End Execution (Success)|{"Id":"6ecc0318-7219-4a09-8c70-53fe58cb3819"}|dbc618ca-0514-11e9-835f-e04f435b3b32
2018-12-21 12:07:14.1888|DEBUG|CLexExecutor|ExecuteLariatScriptAsync|Start Execution|{"Id":"767f0c83-4b3d-4504-80e4-7ca676c0ea1d"}|dbc618ca-0514-11e9-835f-e04f435b3b32
2018-12-21 12:07:14.1888|DEBUG|CLexExecutor|ExecuteLariatScriptAsync|End Execution (Success)|{"Id":"767f0c83-4b3d-4504-80e4-7ca676c0ea1d"}|dbc618ca-0514-11e9-835f-e04f435b3b32
2018-12-21 12:07:14.3949|DEBUG|CLexExecutor|ExecuteLariatScriptAsync|Start Execution|{"Id":"8e943f5a-cbeb-4c13-8a09-c72438376b92"}|dbc618ca-0514-11e9-835f-e04f435b3b32
2018-12-21 12:07:14.3949|DEBUG|CLexExecutor|ExecuteLariatScriptAsync|End Execution (Success)|{"Id":"8e943f5a-cbeb-4c13-8a09-c72438376b92"}|dbc618ca-0514-11e9-835f-e04f435b3b32
2018-12-21 12:07:14.5480|DEBUG|CLexExecutor|ExecuteLariatScriptAsync|Start Execution|{"Id":"f9461fd1-ead8-4a70-850d-33347524314f"}|dbc618ca-0514-11e9-835f-e04f435b3b32
2018-12-21 12:07:14.5480|DEBUG|CLexExecutor|ExecuteLariatScriptAsync|End Execution (Success)|{"Id":"f9461fd1-ead8-4a70-850d-33347524314f"}|dbc618ca-0514-11e9-835f-e04f435b3b32
2018-12-21 12:07:14.7526|DEBUG|CLexExecutor|ExecuteLariatScriptAsync|Start Execution|{"Id":"afe6d46c-ca9b-4232-bbb1-87d31b9abf47"}|dbc618ca-0514-11e9-835f-e04f435b3b32
2018-12-21 12:07:14.7658|DEBUG|CLexExecutor|ExecuteLariatScriptAsync|End Execution (Success)|{"Id":"afe6d46c-ca9b-4232-bbb1-87d31b9abf47"}|dbc618ca-0514-11e9-835f-e04f435b3b32
2018-12-21 12:07:14.9528|DEBUG|CLexExecutor|ExecuteLariatScriptAsync|Start Execution|{"Id":"f15898e9-f93c-4f43-925a-9d23343922a4"}|dbc618ca-0514-11e9-835f-e04f435b3b32
2018-12-21 12:07:14.9528|DEBUG|CLexExecutor|ExecuteLariatScriptAsync|End Execution (Success)|{"Id":"f15898e9-f93c-4f43-925a-9d23343922a4"}|dbc618ca-0514-11e9-835f-e04f435b3b32
2018-12-21 12:07:18.4799|DEBUG|CLexExecutor|ExecuteLariatScriptAsync|Start Execution|{"Id":"b93f6991-7ec5-4930-a0c9-73ca89a987af"}|dbc618ca-0514-11e9-835f-e04f435b3b32
2018-12-21 12:07:18.4799|DEBUG|CLexExecutor|ExecuteLariatScriptAsync|End Execution (Success)|{"Id":"b93f6991-7ec5-4930-a0c9-73ca89a987af"}|dbc618ca-0514-11e9-835f-e04f435b3b32
2018-12-21 12:07:20.3329|DEBUG|CLexExecutor|ExecuteLariatScriptAsync|Start Execution|{"Id":"63461cf7-7289-4b1d-95ab-9e2ffec1654e"}|dbc618ca-0514-11e9-835f-e04f435b3b32
2018-12-21 12:07:20.3329|DEBUG|CLexExecutor|ExecuteLariatScriptAsync|End Execution (Success)|{"Id":"63461cf7-7289-4b1d-95ab-9e2ffec1654e"}|dbc618ca-0514-11e9-835f-e04f435b3b32
2018-12-21 12:07:22.1100|DEBUG|CLexExecutor|ExecuteLariatScriptAsync|Start Execution|{"Id":"da9da87d-1461-4543-8a24-2d2942f99533"}|dbc618ca-0514-11e9-835f-e04f435b3b32
2018-12-21 12:07:22.1100|DEBUG|CLexExecutor|ExecuteLariatScriptAsync|End Execution (Success)|{"Id":"da9da87d-1461-4543-8a24-2d2942f99533"}|dbc618ca-0514-11e9-835f-e04f435b3b32
2018-12-21 12:07:22.3451|DEBUG|CLexExecutor|ExecuteLariatScriptAsync|Start Execution|{"Id":"68a05bde-598d-4454-b502-4f5b91451edf"}|dbc618ca-0514-11e9-835f-e04f435b3b32
2018-12-21 12:07:22.3451|DEBUG|CLexExecutor|ExecuteLariatScriptAsync|End Execution (Success)|{"Id":"68a05bde-598d-4454-b502-4f5b91451edf"}|dbc618ca-0514-11e9-835f-e04f435b3b32
2018-12-21 12:07:27.3539|DEBUG|CLexExecutor|ExecuteLariatScriptAsync|Start Execution|{"Id":"1d9ebc42-44cd-466c-9d18-8d0650c9b8ce"}|dbc618ca-0514-11e9-835f-e04f435b3b32
2018-12-21 12:07:27.3539|DEBUG|CLexExecutor|ExecuteLariatScriptAsync|End Execution (Success)|{"Id":"1d9ebc42-44cd-466c-9d18-8d0650c9b8ce"}|dbc618ca-0514-11e9-835f-e04f435b3b32
2018-12-21 12:07:28.6251|DEBUG|CLexExecutor|ExecuteLariatScriptAsync|Start Execution|{"Id":"77587cea-1654-4638-82a7-21f1538fb9ae"}|dbc618ca-0514-11e9-835f-e04f435b3b32
2018-12-21 12:07:28.6251|DEBUG|CLexExecutor|ExecuteLariatScriptAsync|End Execution (Success)|{"Id":"77587cea-1654-4638-82a7-21f1538fb9ae"}|dbc618ca-0514-11e9-835f-e04f435b3b32
2018-12-21 12:07:28.8462|DEBUG|CLexExecutor|ExecuteLariatScriptAsync|Start Execution|{"Id":"50ef6e0a-b063-4859-9cb4-818d3c6612c4"}|dbc618ca-0514-11e9-835f-e04f435b3b32
2018-12-21 12:07:28.8462|DEBUG|CLexExecutor|ExecuteLariatScriptAsync|End Execution (Success)|{"Id":"50ef6e0a-b063-4859-9cb4-818d3c6612c4"}|dbc618ca-0514-11e9-835f-e04f435b3b32
2018-12-21 12:07:33.7153|DEBUG|CLexExecutor|ExecuteLariatScriptAsync|Start Execution|{"Id":"608ff78e-ed8b-4707-a777-72c20bf1a58c"}|dbc618ca-0514-11e9-835f-e04f435b3b32
2018-12-21 12:07:33.7153|DEBUG|CLexExecutor|ExecuteLariatScriptAsync|End Execution (Success)|{"Id":"608ff78e-ed8b-4707-a777-72c20bf1a58c"}|dbc618ca-0514-11e9-835f-e04f435b3b32
2018-12-21 12:07:35.0815|DEBUG|CLexExecutor|ExecuteLariatScriptAsync|Start Execution|{"Id":"a355d0e4-5d0a-4024-a13c-ebcf3c3e045b"}|dbc618ca-0514-11e9-835f-e04f435b3b32
2018-12-21 12:07:35.0815|DEBUG|CLexExecutor|ExecuteLariatScriptAsync|End Execution (Success)|{"Id":"a355d0e4-5d0a-4024-a13c-ebcf3c3e045b"}|dbc618ca-0514-11e9-835f-e04f435b3b32
2018-12-21 12:07:35.0815|DEBUG|CLexExecutor|ExecuteLariatScriptAsync|Start Execution|{"Id":"950131fa-90c3-44fa-83da-71351b58ae28"}|dbc618ca-0514-11e9-835f-e04f435b3b32
2018-12-21 12:07:35.0815|DEBUG|CLexExecutor|ExecuteLariatScriptAsync|End Execution (Success)|{"Id":"950131fa-90c3-44fa-83da-71351b58ae28"}|dbc618ca-0514-11e9-835f-e04f435b3b32
2018-12-21 12:07:35.0815|DEBUG|CLexExecutor|ExecuteLariatScriptAsync|Start Execution|{"Id":"52ad54b0-bd63-45e8-8484-edb26164d1d5"}|dbc618ca-0514-11e9-835f-e04f435b3b32
2018-12-21 12:07:35.0815|DEBUG|CLexExecutor|ExecuteLariatScriptAsync|End Execution (Success)|{"Id":"52ad54b0-bd63-45e8-8484-edb26164d1d5"}|dbc618ca-0514-11e9-835f-e04f435b3b32
2018-12-21 12:07:35.0815|DEBUG|CLexExecutor|ExecuteLariatScriptAsync|Start Execution|{"Id":"ed4e1848-32fa-44db-8961-a184857fda87"}|dbc618ca-0514-11e9-835f-e04f435b3b32
2018-12-21 12:07:35.0815|DEBUG|CLexExecutor|ExecuteLariatScriptAsync|End Execution (Success)|{"Id":"ed4e1848-32fa-44db-8961-a184857fda87"}|dbc618ca-0514-11e9-835f-e04f435b3b32
2018-12-21 12:07:36.1097|DEBUG|CLexExecutor|ExecuteLariatScriptAsync|Start Execution|{"Id":"47d39f80-5155-4193-a783-a5cf9481660e"}|dbc618ca-0514-11e9-835f-e04f435b3b32
2018-12-21 12:07:36.1097|DEBUG|CLexExecutor|ExecuteLariatScriptAsync|End Execution (Success)|{"Id":"47d39f80-5155-4193-a783-a5cf9481660e"}|dbc618ca-0514-11e9-835f-e04f435b3b32
2018-12-21 12:07:36.8132|DEBUG|CLexExecutor|ExecuteLariatScriptAsync|Start Execution|{"Id":"b68e0b99-1232-4649-bcac-9b942b2202bc"}|dbc618ca-0514-11e9-835f-e04f435b3b32
2018-12-21 12:07:36.8132|DEBUG|CLexExecutor|ExecuteLariatScriptAsync|End Execution (Success)|{"Id":"b68e0b99-1232-4649-bcac-9b942b2202bc"}|dbc618ca-0514-11e9-835f-e04f435b3b32
2018-12-21 12:07:37.2198|DEBUG|CLexExecutor|ExecuteLariatScriptAsync|Start Execution|{"Id":"c793a953-a3fb-4b75-9d5d-3152dabd5773"}|dbc618ca-0514-11e9-835f-e04f435b3b32
2018-12-21 12:07:37.2198|DEBUG|CLexExecutor|ExecuteLariatScriptAsync|End Execution (Success)|{"Id":"c793a953-a3fb-4b75-9d5d-3152dabd5773"}|dbc618ca-0514-11e9-835f-e04f435b3b32
2018-12-21 12:07:56.6549|DEBUG|CLexExecutor|ExecuteLariatScriptAsync|Start Execution|{"Id":"18f21400-b492-4fa1-99dd-efc942d5f6ca"}|dbc618ca-0514-11e9-835f-e04f435b3b32
2018-12-21 12:07:56.6549|DEBUG|CLexExecutor|ExecuteLariatScriptAsync|End Execution (Success)|{"Id":"18f21400-b492-4fa1-99dd-efc942d5f6ca"}|dbc618ca-0514-11e9-835f-e04f435b3b32
2018-12-21 12:07:58.2830|DEBUG|CLexExecutor|ExecuteLariatScriptAsync|Start Execution|{"Id":"3803302c-5d82-466a-9963-4d53f1385841"}|dbc618ca-0514-11e9-835f-e04f435b3b32
2018-12-21 12:07:58.2830|DEBUG|CLexExecutor|ExecuteLariatScriptAsync|End Execution (Success)|{"Id":"3803302c-5d82-466a-9963-4d53f1385841"}|dbc618ca-0514-11e9-835f-e04f435b3b32
2018-12-21 12:07:58.4412|DEBUG|CLexExecutor|ExecuteLariatScriptAsync|Start Execution|{"Id":"3384f1f5-6fc0-4857-81f0-b1f38c027c60"}|dbc618ca-0514-11e9-835f-e04f435b3b32
2018-12-21 12:07:58.4412|DEBUG|CLexExecutor|ExecuteLariatScriptAsync|End Execution (Success)|{"Id":"3384f1f5-6fc0-4857-81f0-b1f38c027c60"}|dbc618ca-0514-11e9-835f-e04f435b3b32
2018-12-21 12:08:16.6047|DEBUG|CLexExecutor|ExecuteLariatScriptAsync|Start Execution|{"Id":"d1ad2da1-8a16-4da2-ba82-35bc9339c8c1"}|dbc618ca-0514-11e9-835f-e04f435b3b32
2018-12-21 12:08:16.6047|DEBUG|CLexExecutor|ExecuteLariatScriptAsync|End Execution (Success)|{"Id":"d1ad2da1-8a16-4da2-ba82-35bc9339c8c1"}|dbc618ca-0514-11e9-835f-e04f435b3b32
2018-12-21 12:08:18.4566|DEBUG|CLexExecutor|ExecuteLariatScriptAsync|Start Execution|{"Id":"e6e98f25-4deb-471c-b84c-825070be7da7"}|dbc618ca-0514-11e9-835f-e04f435b3b32
2018-12-21 12:08:18.4566|DEBUG|CLexExecutor|ExecuteLariatScriptAsync|End Execution (Success)|{"Id":"e6e98f25-4deb-471c-b84c-825070be7da7"}|dbc618ca-0514-11e9-835f-e04f435b3b32
2018-12-21 12:08:19.5025|DEBUG|CLexExecutor|ExecuteLariatScriptAsync|Start Execution|{"Id":"2867e538-4129-48ad-a9fb-3a285b6eb00c"}|dbc618ca-0514-11e9-835f-e04f435b3b32
2018-12-21 12:08:19.5025|DEBUG|CLexExecutor|ExecuteLariatScriptAsync|End Execution (Success)|{"Id":"2867e538-4129-48ad-a9fb-3a285b6eb00c"}|dbc618ca-0514-11e9-835f-e04f435b3b32
2018-12-21 12:08:19.6255|DEBUG|CLexExecutor|ExecuteLariatScriptAsync|Start Execution|{"Id":"5f6c673e-0871-4513-a025-625bd4e62859"}|dbc618ca-0514-11e9-835f-e04f435b3b32
2018-12-21 12:08:19.6255|DEBUG|CLexExecutor|ExecuteLariatScriptAsync|End Execution (Success)|{"Id":"5f6c673e-0871-4513-a025-625bd4e62859"}|dbc618ca-0514-11e9-835f-e04f435b3b32
2018-12-21 12:08:20.4557|DEBUG|CLexExecutor|ExecuteLariatScriptAsync|Start Execution|{"Id":"601b4aa1-a9e6-4d76-836c-fdf6d1fbd5c9"}|dbc618ca-0514-11e9-835f-e04f435b3b32
2018-12-21 12:08:20.4557|DEBUG|CLexExecutor|ExecuteLariatScriptAsync|End Execution (Success)|{"Id":"601b4aa1-a9e6-4d76-836c-fdf6d1fbd5c9"}|dbc618ca-0514-11e9-835f-e04f435b3b32
2018-12-21 12:08:20.5943|DEBUG|CLexExecutor|ExecuteLariatScriptAsync|Start Execution|{"Id":"853e14db-d26a-4040-b5e4-02ac317de5d8"}|dbc618ca-0514-11e9-835f-e04f435b3b32
2018-12-21 12:08:20.5943|DEBUG|CLexExecutor|ExecuteLariatScriptAsync|End Execution (Success)|{"Id":"853e14db-d26a-4040-b5e4-02ac317de5d8"}|dbc618ca-0514-11e9-835f-e04f435b3b32
2018-12-21 12:08:20.7808|DEBUG|CLexExecutor|ExecuteLariatScriptAsync|Start Execution|{"Id":"366ca8f7-1eb3-469e-a7d3-030781474760"}|dbc618ca-0514-11e9-835f-e04f435b3b32
2018-12-21 12:08:20.7808|DEBUG|CLexExecutor|ExecuteLariatScriptAsync|End Execution (Success)|{"Id":"366ca8f7-1eb3-469e-a7d3-030781474760"}|dbc618ca-0514-11e9-835f-e04f435b3b32
2018-12-21 12:08:39.3028|DEBUG|CLexExecutor|ExecuteLariatScriptAsync|Start Execution|{"Id":"b63b05bd-eaed-4cb3-ba13-c9fefd537b34"}|dbc618ca-0514-11e9-835f-e04f435b3b32
2018-12-21 12:08:39.3028|DEBUG|CLexExecutor|ExecuteLariatScriptAsync|End Execution (Success)|{"Id":"b63b05bd-eaed-4cb3-ba13-c9fefd537b34"}|dbc618ca-0514-11e9-835f-e04f435b3b32
2018-12-21 12:08:41.0019|DEBUG|CLexExecutor|ExecuteLariatScriptAsync|Start Execution|{"Id":"bec973ca-15bc-47fb-a076-13ec0d750b53"}|dbc618ca-0514-11e9-835f-e04f435b3b32
2018-12-21 12:08:41.0019|DEBUG|CLexExecutor|ExecuteLariatScriptAsync|End Execution (Success)|{"Id":"bec973ca-15bc-47fb-a076-13ec0d750b53"}|dbc618ca-0514-11e9-835f-e04f435b3b32
2018-12-21 12:08:41.2396|DEBUG|CLexExecutor|ExecuteLariatScriptAsync|Start Execution|{"Id":"c55067e8-7850-4470-a055-999f8671ca38"}|dbc618ca-0514-11e9-835f-e04f435b3b32
2018-12-21 12:08:41.2396|DEBUG|CLexExecutor|ExecuteLariatScriptAsync|End Execution (Success)|{"Id":"c55067e8-7850-4470-a055-999f8671ca38"}|dbc618ca-0514-11e9-835f-e04f435b3b32
2018-12-21 12:09:00.3293|DEBUG|CLexExecutor|ExecuteLariatScriptAsync|Start Execution|{"Id":"8dc70b86-8cf7-41ca-bf42-81d52da0ee3e"}|dbc618ca-0514-11e9-835f-e04f435b3b32
2018-12-21 12:09:00.3293|DEBUG|CLexExecutor|ExecuteLariatScriptAsync|End Execution (Success)|{"Id":"8dc70b86-8cf7-41ca-bf42-81d52da0ee3e"}|dbc618ca-0514-11e9-835f-e04f435b3b32
2018-12-21 12:09:02.9572|DEBUG|CLexExecutor|ExecuteLariatScriptAsync|Start Execution|{"Id":"103b3900-8c3f-4788-b9d1-f9b0bfbcd232"}|dbc618ca-0514-11e9-835f-e04f435b3b32
2018-12-21 12:09:02.9572|DEBUG|CLexExecutor|ExecuteLariatScriptAsync|End Execution (Success)|{"Id":"103b3900-8c3f-4788-b9d1-f9b0bfbcd232"}|dbc618ca-0514-11e9-835f-e04f435b3b32
2018-12-21 12:09:03.0133|DEBUG|CLexExecutor|ExecuteLariatScriptAsync|Start Execution|{"Id":"dc28fabf-638f-4ff6-ac56-01985bc9f9f9"}|dbc618ca-0514-11e9-835f-e04f435b3b32
2018-12-21 12:09:03.0133|DEBUG|CLexExecutor|ExecuteLariatScriptAsync|End Execution (Success)|{"Id":"dc28fabf-638f-4ff6-ac56-01985bc9f9f9"}|dbc618ca-0514-11e9-835f-e04f435b3b32
2018-12-21 12:09:03.0779|DEBUG|CLexExecutor|ExecuteLariatScriptAsync|Start Execution|{"Id":"e935b051-e9ff-4239-aa1a-752ac193f51c"}|dbc618ca-0514-11e9-835f-e04f435b3b32
2018-12-21 12:09:03.0779|DEBUG|CLexExecutor|ExecuteLariatScriptAsync|End Execution (Success)|{"Id":"e935b051-e9ff-4239-aa1a-752ac193f51c"}|dbc618ca-0514-11e9-835f-e04f435b3b32
2018-12-21 12:09:03.0779|DEBUG|CLexExecutor|ExecuteLariatScriptAsync|Start Execution|{"Id":"d0c0bc58-3ab0-43e6-bf91-78e1c7510046"}|dbc618ca-0514-11e9-835f-e04f435b3b32
2018-12-21 12:09:03.0779|DEBUG|CLexExecutor|ExecuteLariatScriptAsync|End Execution (Success)|{"Id":"d0c0bc58-3ab0-43e6-bf91-78e1c7510046"}|dbc618ca-0514-11e9-835f-e04f435b3b32
2018-12-21 12:09:03.2980|DEBUG|CLexExecutor|ExecuteLariatScriptAsync|Start Execution|{"Id":"f36fae08-cce8-47ae-b171-2957f86bebe5"}|dbc618ca-0514-11e9-835f-e04f435b3b32
2018-12-21 12:09:03.2980|DEBUG|CLexExecutor|ExecuteLariatScriptAsync|End Execution (Success)|{"Id":"f36fae08-cce8-47ae-b171-2957f86bebe5"}|dbc618ca-0514-11e9-835f-e04f435b3b32
2018-12-21 12:09:03.3341|DEBUG|CLexExecutor|ExecuteLariatScriptAsync|Start Execution|{"Id":"71dbb3f3-4cb3-4e67-b7cd-c27a4e7ccfc4"}|dbc618ca-0514-11e9-835f-e04f435b3b32
2018-12-21 12:09:03.3341|DEBUG|CLexExecutor|ExecuteLariatScriptAsync|End Execution (Success)|{"Id":"71dbb3f3-4cb3-4e67-b7cd-c27a4e7ccfc4"}|dbc618ca-0514-11e9-835f-e04f435b3b32
2018-12-21 12:09:03.3769|DEBUG|CLexExecutor|ExecuteLariatScriptAsync|Start Execution|{"Id":"2e75bab6-3bfb-423c-bc38-b9c697c97787"}|dbc618ca-0514-11e9-835f-e04f435b3b32
2018-12-21 12:09:03.3769|DEBUG|CLexExecutor|ExecuteLariatScriptAsync|End Execution (Success)|{"Id":"2e75bab6-3bfb-423c-bc38-b9c697c97787"}|dbc618ca-0514-11e9-835f-e04f435b3b32
2018-12-21 12:09:03.3911|DEBUG|CLexExecutor|ExecuteLariatScriptAsync|Start Execution|{"Id":"1356fa28-8d91-43bf-aa6d-2bcd724d0b9d"}|dbc618ca-0514-11e9-835f-e04f435b3b32
2018-12-21 12:09:03.3911|DEBUG|CLexExecutor|ExecuteLariatScriptAsync|End Execution (Success)|{"Id":"1356fa28-8d91-43bf-aa6d-2bcd724d0b9d"}|dbc618ca-0514-11e9-835f-e04f435b3b32
2018-12-21 12:09:04.4259|DEBUG|CLexExecutor|ExecuteLariatScriptAsync|Start Execution|{"Id":"1cb893d1-4fc1-46d8-b8e0-b568358bafd2"}|dbc618ca-0514-11e9-835f-e04f435b3b32
2018-12-21 12:09:04.4259|DEBUG|CLexExecutor|ExecuteLariatScriptAsync|End Execution (Success)|{"Id":"1cb893d1-4fc1-46d8-b8e0-b568358bafd2"}|dbc618ca-0514-11e9-835f-e04f435b3b32
2018-12-21 12:09:08.2376|DEBUG|CLexExecutor|ExecuteLariatScriptAsync|Start Execution|{"Id":"9c6d03a9-5ae6-409d-a31c-4529c968616d"}|dbc618ca-0514-11e9-835f-e04f435b3b32
2018-12-21 12:09:08.2376|DEBUG|CLexExecutor|ExecuteLariatScriptAsync|End Execution (Success)|{"Id":"9c6d03a9-5ae6-409d-a31c-4529c968616d"}|dbc618ca-0514-11e9-835f-e04f435b3b32
2018-12-21 12:10:28.1528|DEBUG|CLexExecutor|ExecuteLariatScriptAsync|Start Execution|{"Id":"dc9f808e-2020-4a38-ae41-a04ed9a1020f"}|dbc618ca-0514-11e9-835f-e04f435b3b32
2018-12-21 12:10:28.1528|DEBUG|CLexExecutor|ExecuteLariatScriptAsync|End Execution (Success)|{"Id":"dc9f808e-2020-4a38-ae41-a04ed9a1020f"}|dbc618ca-0514-11e9-835f-e04f435b3b32
2018-12-21 12:10:32.7506|DEBUG|CLexExecutor|ExecuteLariatScriptAsync|Start Execution|{"Id":"29b58d2f-5534-4c41-aa7f-1ebcd83ccb86"}|dbc618ca-0514-11e9-835f-e04f435b3b32
2018-12-21 12:10:32.7506|DEBUG|CLexExecutor|ExecuteLariatScriptAsync|End Execution (Success)|{"Id":"29b58d2f-5534-4c41-aa7f-1ebcd83ccb86"}|dbc618ca-0514-11e9-835f-e04f435b3b32
