2018-12-28 16:20:52.6001|DEBUG|Activity|Blocks|Adding block|{"Type":"Microsoft.DPrep.GetFilesBlock","id":"fdec28dc-062f-4d58-97a5-180b3d211f23","position":0,"ActivityId":"3d4dfad2-90c0-4d4b-9cf9-1ad2ca49f692","BranchId":"00000000-0000-0000-0000-000000000000"}|999ac800-0a9c-11e9-bcd3-e982204aa8d5
2018-12-28 16:20:52.6001|DEBUG|Activity|Blocks|Adding block|{"Type":"Microsoft.DPrep.ParseDelimitedBlock","id":"534dcff4-d842-4818-bf7d-1a41517dd6f7","position":1,"ActivityId":"3d4dfad2-90c0-4d4b-9cf9-1ad2ca49f692","BranchId":"00000000-0000-0000-0000-000000000000"}|999ac800-0a9c-11e9-bcd3-e982204aa8d5
2018-12-28 16:20:52.6001|DEBUG|Activity|Blocks|Adding block|{"Type":"Microsoft.DPrep.DropColumnsBlock","id":"56368ee5-94c9-48fd-aa04-74eb0c271270","position":2,"ActivityId":"3d4dfad2-90c0-4d4b-9cf9-1ad2ca49f692","BranchId":"00000000-0000-0000-0000-000000000000"}|999ac800-0a9c-11e9-bcd3-e982204aa8d5
2018-12-28 16:20:52.6001|DEBUG|Activity|Blocks|Adding block|{"Type":"Microsoft.DPrep.GetFilesBlock","id":"fdec28dc-062f-4d58-97a5-180b3d211f23","position":0,"ActivityId":"852b37f9-9035-40c1-b092-eac8da5de102","BranchId":"00000000-0000-0000-0000-000000000000"}|999ac800-0a9c-11e9-bcd3-e982204aa8d5
2018-12-28 16:20:52.6088|DEBUG|Activity|Blocks|Adding block|{"Type":"Microsoft.DPrep.ParseDelimitedBlock","id":"534dcff4-d842-4818-bf7d-1a41517dd6f7","position":1,"ActivityId":"852b37f9-9035-40c1-b092-eac8da5de102","BranchId":"00000000-0000-0000-0000-000000000000"}|999ac800-0a9c-11e9-bcd3-e982204aa8d5
2018-12-28 16:20:52.6088|DEBUG|Activity|Blocks|Adding block|{"Type":"Microsoft.DPrep.DropColumnsBlock","id":"56368ee5-94c9-48fd-aa04-74eb0c271270","position":2,"ActivityId":"852b37f9-9035-40c1-b092-eac8da5de102","BranchId":"00000000-0000-0000-0000-000000000000"}|999ac800-0a9c-11e9-bcd3-e982204aa8d5
2018-12-28 16:23:46.0653|DEBUG|Activity|Blocks|Adding block|{"Type":"Microsoft.DPrep.GetFilesBlock","id":"fdec28dc-062f-4d58-97a5-180b3d211f23","position":0,"ActivityId":"43861043-fe92-4520-bc09-127459dc0087","BranchId":"00000000-0000-0000-0000-000000000000"}|999ac800-0a9c-11e9-bcd3-e982204aa8d5
2018-12-28 16:23:46.0653|DEBUG|Activity|Blocks|Adding block|{"Type":"Microsoft.DPrep.ParseDelimitedBlock","id":"534dcff4-d842-4818-bf7d-1a41517dd6f7","position":1,"ActivityId":"43861043-fe92-4520-bc09-127459dc0087","BranchId":"00000000-0000-0000-0000-000000000000"}|999ac800-0a9c-11e9-bcd3-e982204aa8d5
2018-12-28 16:23:46.0653|DEBUG|Activity|Blocks|Adding block|{"Type":"Microsoft.DPrep.DropColumnsBlock","id":"56368ee5-94c9-48fd-aa04-74eb0c271270","position":2,"ActivityId":"43861043-fe92-4520-bc09-127459dc0087","BranchId":"00000000-0000-0000-0000-000000000000"}|999ac800-0a9c-11e9-bcd3-e982204aa8d5
2018-12-28 16:23:46.0653|DEBUG|Activity|Blocks|Adding block|{"Type":"Microsoft.DPrep.ReplaceNaBlock","id":"d7d0c0bc-c047-408d-88e5-076c0aa4b2e8","position":3,"ActivityId":"43861043-fe92-4520-bc09-127459dc0087","BranchId":"00000000-0000-0000-0000-000000000000"}|999ac800-0a9c-11e9-bcd3-e982204aa8d5
2018-12-28 16:23:46.0653|DEBUG|Activity|Blocks|Adding block|{"Type":"Microsoft.DPrep.SkipBlock","id":"cc6a858e-1fb9-4a8d-ae00-4a6e0fe84588","position":4,"ActivityId":"43861043-fe92-4520-bc09-127459dc0087","BranchId":"00000000-0000-0000-0000-000000000000"}|999ac800-0a9c-11e9-bcd3-e982204aa8d5
2018-12-28 16:23:46.0653|DEBUG|Activity|Blocks|Adding block|{"Type":"Microsoft.DPrep.TakeBlock","id":"8b974b36-927a-4603-a7d8-f6023ee87052","position":5,"ActivityId":"43861043-fe92-4520-bc09-127459dc0087","BranchId":"00000000-0000-0000-0000-000000000000"}|999ac800-0a9c-11e9-bcd3-e982204aa8d5
2018-12-28 16:23:46.0653|DEBUG|Activity|Blocks|Adding block|{"Type":"Microsoft.DPrep.GetFilesBlock","id":"fdec28dc-062f-4d58-97a5-180b3d211f23","position":0,"ActivityId":"627d6c6e-bef6-4877-b599-35e650ed271f","BranchId":"00000000-0000-0000-0000-000000000000"}|999ac800-0a9c-11e9-bcd3-e982204aa8d5
2018-12-28 16:23:46.0653|DEBUG|Activity|Blocks|Adding block|{"Type":"Microsoft.DPrep.ParseDelimitedBlock","id":"534dcff4-d842-4818-bf7d-1a41517dd6f7","position":1,"ActivityId":"627d6c6e-bef6-4877-b599-35e650ed271f","BranchId":"00000000-0000-0000-0000-000000000000"}|999ac800-0a9c-11e9-bcd3-e982204aa8d5
2018-12-28 16:23:46.0653|DEBUG|Activity|Blocks|Adding block|{"Type":"Microsoft.DPrep.DropColumnsBlock","id":"56368ee5-94c9-48fd-aa04-74eb0c271270","position":2,"ActivityId":"627d6c6e-bef6-4877-b599-35e650ed271f","BranchId":"00000000-0000-0000-0000-000000000000"}|999ac800-0a9c-11e9-bcd3-e982204aa8d5
2018-12-28 16:23:46.0653|DEBUG|Activity|Blocks|Adding block|{"Type":"Microsoft.DPrep.ReplaceNaBlock","id":"d7d0c0bc-c047-408d-88e5-076c0aa4b2e8","position":3,"ActivityId":"627d6c6e-bef6-4877-b599-35e650ed271f","BranchId":"00000000-0000-0000-0000-000000000000"}|999ac800-0a9c-11e9-bcd3-e982204aa8d5
2018-12-28 16:23:46.0653|DEBUG|Activity|Blocks|Adding block|{"Type":"Microsoft.DPrep.SkipBlock","id":"cc6a858e-1fb9-4a8d-ae00-4a6e0fe84588","position":4,"ActivityId":"627d6c6e-bef6-4877-b599-35e650ed271f","BranchId":"00000000-0000-0000-0000-000000000000"}|999ac800-0a9c-11e9-bcd3-e982204aa8d5
2018-12-28 16:23:46.0653|DEBUG|Activity|Blocks|Adding block|{"Type":"Microsoft.DPrep.TakeBlock","id":"8b974b36-927a-4603-a7d8-f6023ee87052","position":5,"ActivityId":"627d6c6e-bef6-4877-b599-35e650ed271f","BranchId":"00000000-0000-0000-0000-000000000000"}|999ac800-0a9c-11e9-bcd3-e982204aa8d5
2018-12-28 16:23:46.0653|DEBUG|Activity|Blocks|Adding block|{"Type":"Microsoft.DPrep.WriteDataSetBlock","id":"f5329317-e407-4b55-8c05-250559b101fd","position":6,"ActivityId":"627d6c6e-bef6-4877-b599-35e650ed271f","BranchId":"00000000-0000-0000-0000-000000000000"}|999ac800-0a9c-11e9-bcd3-e982204aa8d5
2018-12-28 16:24:03.4579|DEBUG|Activity|Blocks|Adding block|{"Type":"Microsoft.DPrep.GetFilesBlock","id":"fdec28dc-062f-4d58-97a5-180b3d211f23","position":0,"ActivityId":"6f29446e-6c40-4e9e-8c3c-dfdbd1e8c9c0","BranchId":"00000000-0000-0000-0000-000000000000"}|999ac800-0a9c-11e9-bcd3-e982204aa8d5
2018-12-28 16:24:03.4579|DEBUG|Activity|Blocks|Adding block|{"Type":"Microsoft.DPrep.ParseDelimitedBlock","id":"534dcff4-d842-4818-bf7d-1a41517dd6f7","position":1,"ActivityId":"6f29446e-6c40-4e9e-8c3c-dfdbd1e8c9c0","BranchId":"00000000-0000-0000-0000-000000000000"}|999ac800-0a9c-11e9-bcd3-e982204aa8d5
2018-12-28 16:24:03.4579|DEBUG|Activity|Blocks|Adding block|{"Type":"Microsoft.DPrep.DropColumnsBlock","id":"56368ee5-94c9-48fd-aa04-74eb0c271270","position":2,"ActivityId":"6f29446e-6c40-4e9e-8c3c-dfdbd1e8c9c0","BranchId":"00000000-0000-0000-0000-000000000000"}|999ac800-0a9c-11e9-bcd3-e982204aa8d5
2018-12-28 16:24:03.4579|DEBUG|Activity|Blocks|Adding block|{"Type":"Microsoft.DPrep.ReplaceNaBlock","id":"d7d0c0bc-c047-408d-88e5-076c0aa4b2e8","position":3,"ActivityId":"6f29446e-6c40-4e9e-8c3c-dfdbd1e8c9c0","BranchId":"00000000-0000-0000-0000-000000000000"}|999ac800-0a9c-11e9-bcd3-e982204aa8d5
2018-12-28 16:24:03.4579|DEBUG|Activity|Blocks|Adding block|{"Type":"Microsoft.DPrep.SkipBlock","id":"cc6a858e-1fb9-4a8d-ae00-4a6e0fe84588","position":4,"ActivityId":"6f29446e-6c40-4e9e-8c3c-dfdbd1e8c9c0","BranchId":"00000000-0000-0000-0000-000000000000"}|999ac800-0a9c-11e9-bcd3-e982204aa8d5
2018-12-28 16:24:03.4579|DEBUG|Activity|Blocks|Adding block|{"Type":"Microsoft.DPrep.TakeBlock","id":"4b96d166-16d6-4810-9427-d90c4b254c03","position":5,"ActivityId":"6f29446e-6c40-4e9e-8c3c-dfdbd1e8c9c0","BranchId":"00000000-0000-0000-0000-000000000000"}|999ac800-0a9c-11e9-bcd3-e982204aa8d5
2018-12-28 16:24:03.4579|DEBUG|Activity|Blocks|Adding block|{"Type":"Microsoft.DPrep.GetFilesBlock","id":"fdec28dc-062f-4d58-97a5-180b3d211f23","position":0,"ActivityId":"eba9b6a5-fb06-4c5d-9131-a2288dca2eb9","BranchId":"00000000-0000-0000-0000-000000000000"}|999ac800-0a9c-11e9-bcd3-e982204aa8d5
2018-12-28 16:24:03.4579|DEBUG|Activity|Blocks|Adding block|{"Type":"Microsoft.DPrep.ParseDelimitedBlock","id":"534dcff4-d842-4818-bf7d-1a41517dd6f7","position":1,"ActivityId":"eba9b6a5-fb06-4c5d-9131-a2288dca2eb9","BranchId":"00000000-0000-0000-0000-000000000000"}|999ac800-0a9c-11e9-bcd3-e982204aa8d5
2018-12-28 16:24:03.4579|DEBUG|Activity|Blocks|Adding block|{"Type":"Microsoft.DPrep.DropColumnsBlock","id":"56368ee5-94c9-48fd-aa04-74eb0c271270","position":2,"ActivityId":"eba9b6a5-fb06-4c5d-9131-a2288dca2eb9","BranchId":"00000000-0000-0000-0000-000000000000"}|999ac800-0a9c-11e9-bcd3-e982204aa8d5
2018-12-28 16:24:03.4579|DEBUG|Activity|Blocks|Adding block|{"Type":"Microsoft.DPrep.ReplaceNaBlock","id":"d7d0c0bc-c047-408d-88e5-076c0aa4b2e8","position":3,"ActivityId":"eba9b6a5-fb06-4c5d-9131-a2288dca2eb9","BranchId":"00000000-0000-0000-0000-000000000000"}|999ac800-0a9c-11e9-bcd3-e982204aa8d5
2018-12-28 16:24:03.4682|DEBUG|Activity|Blocks|Adding block|{"Type":"Microsoft.DPrep.SkipBlock","id":"cc6a858e-1fb9-4a8d-ae00-4a6e0fe84588","position":4,"ActivityId":"eba9b6a5-fb06-4c5d-9131-a2288dca2eb9","BranchId":"00000000-0000-0000-0000-000000000000"}|999ac800-0a9c-11e9-bcd3-e982204aa8d5
2018-12-28 16:24:03.4682|DEBUG|Activity|Blocks|Adding block|{"Type":"Microsoft.DPrep.TakeBlock","id":"4b96d166-16d6-4810-9427-d90c4b254c03","position":5,"ActivityId":"eba9b6a5-fb06-4c5d-9131-a2288dca2eb9","BranchId":"00000000-0000-0000-0000-000000000000"}|999ac800-0a9c-11e9-bcd3-e982204aa8d5
2018-12-28 16:24:03.4682|DEBUG|Activity|Blocks|Adding block|{"Type":"Microsoft.DPrep.WriteDataSetBlock","id":"4a5d7984-6f63-4c42-8795-697ee89f602a","position":6,"ActivityId":"eba9b6a5-fb06-4c5d-9131-a2288dca2eb9","BranchId":"00000000-0000-0000-0000-000000000000"}|999ac800-0a9c-11e9-bcd3-e982204aa8d5
2018-12-28 16:25:57.0697|DEBUG|Activity|Blocks|Adding block|{"Type":"Microsoft.DPrep.GetFilesBlock","id":"670bbd87-d778-4994-b0f8-6b7229d369a2","position":0,"ActivityId":"bdd5eb01-3418-4b16-8230-cd95248fc845","BranchId":"00000000-0000-0000-0000-000000000000"}|999ac800-0a9c-11e9-bcd3-e982204aa8d5
2018-12-28 16:25:57.0697|DEBUG|Activity|Blocks|Adding block|{"Type":"Microsoft.DPrep.ParseDelimitedBlock","id":"cae86a27-5e89-4ba3-b76d-dafa4ac6962a","position":1,"ActivityId":"bdd5eb01-3418-4b16-8230-cd95248fc845","BranchId":"00000000-0000-0000-0000-000000000000"}|999ac800-0a9c-11e9-bcd3-e982204aa8d5
2018-12-28 16:25:57.0697|DEBUG|Activity|Blocks|Adding block|{"Type":"Microsoft.DPrep.DropColumnsBlock","id":"e719f877-2aed-4de7-940a-3b9e784d460d","position":2,"ActivityId":"bdd5eb01-3418-4b16-8230-cd95248fc845","BranchId":"00000000-0000-0000-0000-000000000000"}|999ac800-0a9c-11e9-bcd3-e982204aa8d5
2018-12-28 16:25:57.0775|DEBUG|Activity|Blocks|Adding block|{"Type":"Microsoft.DPrep.GetFilesBlock","id":"670bbd87-d778-4994-b0f8-6b7229d369a2","position":0,"ActivityId":"da1ea732-34b5-4afa-86fe-3ca8a90b05bd","BranchId":"00000000-0000-0000-0000-000000000000"}|999ac800-0a9c-11e9-bcd3-e982204aa8d5
2018-12-28 16:25:57.0775|DEBUG|Activity|Blocks|Adding block|{"Type":"Microsoft.DPrep.ParseDelimitedBlock","id":"cae86a27-5e89-4ba3-b76d-dafa4ac6962a","position":1,"ActivityId":"da1ea732-34b5-4afa-86fe-3ca8a90b05bd","BranchId":"00000000-0000-0000-0000-000000000000"}|999ac800-0a9c-11e9-bcd3-e982204aa8d5
2018-12-28 16:25:57.0775|DEBUG|Activity|Blocks|Adding block|{"Type":"Microsoft.DPrep.DropColumnsBlock","id":"e719f877-2aed-4de7-940a-3b9e784d460d","position":2,"ActivityId":"da1ea732-34b5-4afa-86fe-3ca8a90b05bd","BranchId":"00000000-0000-0000-0000-000000000000"}|999ac800-0a9c-11e9-bcd3-e982204aa8d5
2018-12-28 16:28:50.1741|DEBUG|Activity|Blocks|Adding block|{"Type":"Microsoft.DPrep.GetFilesBlock","id":"5126afda-6664-450d-97ce-01d5c14733f4","position":0,"ActivityId":"bb5223b6-760e-40cc-aeeb-8f68d3c11673","BranchId":"00000000-0000-0000-0000-000000000000"}|999ac800-0a9c-11e9-bcd3-e982204aa8d5
2018-12-28 16:28:50.1741|DEBUG|Activity|Blocks|Adding block|{"Type":"Microsoft.DPrep.ParseDelimitedBlock","id":"dad82aa9-91f3-417c-96ac-10ff272a08da","position":1,"ActivityId":"bb5223b6-760e-40cc-aeeb-8f68d3c11673","BranchId":"00000000-0000-0000-0000-000000000000"}|999ac800-0a9c-11e9-bcd3-e982204aa8d5
2018-12-28 16:28:50.1741|DEBUG|Activity|Blocks|Adding block|{"Type":"Microsoft.DPrep.DropColumnsBlock","id":"429262f6-159c-4052-ace9-18a1e342891f","position":2,"ActivityId":"bb5223b6-760e-40cc-aeeb-8f68d3c11673","BranchId":"00000000-0000-0000-0000-000000000000"}|999ac800-0a9c-11e9-bcd3-e982204aa8d5
2018-12-28 16:28:50.1873|DEBUG|Activity|Blocks|Adding block|{"Type":"Microsoft.DPrep.GetFilesBlock","id":"5126afda-6664-450d-97ce-01d5c14733f4","position":0,"ActivityId":"d8b3cb02-0fa0-4919-9033-09ea5822d48d","BranchId":"00000000-0000-0000-0000-000000000000"}|999ac800-0a9c-11e9-bcd3-e982204aa8d5
2018-12-28 16:28:50.1873|DEBUG|Activity|Blocks|Adding block|{"Type":"Microsoft.DPrep.ParseDelimitedBlock","id":"dad82aa9-91f3-417c-96ac-10ff272a08da","position":1,"ActivityId":"d8b3cb02-0fa0-4919-9033-09ea5822d48d","BranchId":"00000000-0000-0000-0000-000000000000"}|999ac800-0a9c-11e9-bcd3-e982204aa8d5
2018-12-28 16:28:50.1873|DEBUG|Activity|Blocks|Adding block|{"Type":"Microsoft.DPrep.DropColumnsBlock","id":"429262f6-159c-4052-ace9-18a1e342891f","position":2,"ActivityId":"d8b3cb02-0fa0-4919-9033-09ea5822d48d","BranchId":"00000000-0000-0000-0000-000000000000"}|999ac800-0a9c-11e9-bcd3-e982204aa8d5
2018-12-28 16:28:50.1873|DEBUG|Activity|Blocks|Adding block|{"Type":"Microsoft.DPrep.WriteDataSetBlock","id":"f2780422-d34e-43f2-b728-ad036516119c","position":3,"ActivityId":"d8b3cb02-0fa0-4919-9033-09ea5822d48d","BranchId":"00000000-0000-0000-0000-000000000000"}|999ac800-0a9c-11e9-bcd3-e982204aa8d5
2018-12-28 16:30:07.4238|DEBUG|Activity|Blocks|Adding block|{"Type":"Microsoft.DPrep.GetFilesBlock","id":"b701fd08-f868-44fc-8377-145f29175e89","position":0,"ActivityId":"14bf0e9c-e7e6-4879-8d6a-bce79e5853c6","BranchId":"00000000-0000-0000-0000-000000000000"}|999ac800-0a9c-11e9-bcd3-e982204aa8d5
2018-12-28 16:30:07.4238|DEBUG|Activity|Blocks|Adding block|{"Type":"Microsoft.DPrep.ParseDelimitedBlock","id":"1d7d005b-e424-4ee1-a379-5005c3cae982","position":1,"ActivityId":"14bf0e9c-e7e6-4879-8d6a-bce79e5853c6","BranchId":"00000000-0000-0000-0000-000000000000"}|999ac800-0a9c-11e9-bcd3-e982204aa8d5
2018-12-28 16:30:07.4238|DEBUG|Activity|Blocks|Adding block|{"Type":"Microsoft.DPrep.DropColumnsBlock","id":"d20ccf96-bc9f-4d8e-a5b5-0249047446a6","position":2,"ActivityId":"14bf0e9c-e7e6-4879-8d6a-bce79e5853c6","BranchId":"00000000-0000-0000-0000-000000000000"}|999ac800-0a9c-11e9-bcd3-e982204aa8d5
2018-12-28 16:30:07.4238|DEBUG|Activity|Blocks|Adding block|{"Type":"Microsoft.DPrep.GetFilesBlock","id":"b701fd08-f868-44fc-8377-145f29175e89","position":0,"ActivityId":"36df086a-6f69-48df-b817-288b57f64fcc","BranchId":"00000000-0000-0000-0000-000000000000"}|999ac800-0a9c-11e9-bcd3-e982204aa8d5
2018-12-28 16:30:07.4238|DEBUG|Activity|Blocks|Adding block|{"Type":"Microsoft.DPrep.ParseDelimitedBlock","id":"1d7d005b-e424-4ee1-a379-5005c3cae982","position":1,"ActivityId":"36df086a-6f69-48df-b817-288b57f64fcc","BranchId":"00000000-0000-0000-0000-000000000000"}|999ac800-0a9c-11e9-bcd3-e982204aa8d5
2018-12-28 16:30:07.4238|DEBUG|Activity|Blocks|Adding block|{"Type":"Microsoft.DPrep.DropColumnsBlock","id":"d20ccf96-bc9f-4d8e-a5b5-0249047446a6","position":2,"ActivityId":"36df086a-6f69-48df-b817-288b57f64fcc","BranchId":"00000000-0000-0000-0000-000000000000"}|999ac800-0a9c-11e9-bcd3-e982204aa8d5
2018-12-28 16:30:07.4238|DEBUG|Activity|Blocks|Adding block|{"Type":"Microsoft.DPrep.WriteDataSetBlock","id":"8c047702-c5fc-4abc-9ef7-a513b5fdf597","position":3,"ActivityId":"36df086a-6f69-48df-b817-288b57f64fcc","BranchId":"00000000-0000-0000-0000-000000000000"}|999ac800-0a9c-11e9-bcd3-e982204aa8d5
2018-12-28 16:36:23.3395|DEBUG|Activity|Blocks|Adding block|{"Type":"Microsoft.DPrep.GetFilesBlock","id":"670bbd87-d778-4994-b0f8-6b7229d369a2","position":0,"ActivityId":"b67345f1-7adb-4d8d-8bbf-e559ccc788f3","BranchId":"00000000-0000-0000-0000-000000000000"}|999ac800-0a9c-11e9-bcd3-e982204aa8d5
2018-12-28 16:36:23.3395|DEBUG|Activity|Blocks|Adding block|{"Type":"Microsoft.DPrep.ParseDelimitedBlock","id":"cae86a27-5e89-4ba3-b76d-dafa4ac6962a","position":1,"ActivityId":"b67345f1-7adb-4d8d-8bbf-e559ccc788f3","BranchId":"00000000-0000-0000-0000-000000000000"}|999ac800-0a9c-11e9-bcd3-e982204aa8d5
2018-12-28 16:36:23.3395|DEBUG|Activity|Blocks|Adding block|{"Type":"Microsoft.DPrep.DropColumnsBlock","id":"e719f877-2aed-4de7-940a-3b9e784d460d","position":2,"ActivityId":"b67345f1-7adb-4d8d-8bbf-e559ccc788f3","BranchId":"00000000-0000-0000-0000-000000000000"}|999ac800-0a9c-11e9-bcd3-e982204aa8d5
2018-12-28 16:36:23.3395|DEBUG|Activity|Blocks|Adding block|{"Type":"Microsoft.DPrep.ReplaceNaBlock","id":"1e2d2d9f-f292-49fd-8627-352b528ebadb","position":3,"ActivityId":"b67345f1-7adb-4d8d-8bbf-e559ccc788f3","BranchId":"00000000-0000-0000-0000-000000000000"}|999ac800-0a9c-11e9-bcd3-e982204aa8d5
2018-12-28 16:36:23.3395|DEBUG|Activity|Blocks|Adding block|{"Type":"Microsoft.DPrep.SkipBlock","id":"5bc9656c-886e-441f-bbba-086b8a64217a","position":4,"ActivityId":"b67345f1-7adb-4d8d-8bbf-e559ccc788f3","BranchId":"00000000-0000-0000-0000-000000000000"}|999ac800-0a9c-11e9-bcd3-e982204aa8d5
2018-12-28 16:38:27.4419|DEBUG|Activity|Blocks|Adding block|{"Type":"Microsoft.DPrep.GetFilesBlock","id":"670bbd87-d778-4994-b0f8-6b7229d369a2","position":0,"ActivityId":"57538379-d191-4a98-a3bc-d74410e37328","BranchId":"00000000-0000-0000-0000-000000000000"}|999ac800-0a9c-11e9-bcd3-e982204aa8d5
2018-12-28 16:38:27.4419|DEBUG|Activity|Blocks|Adding block|{"Type":"Microsoft.DPrep.ParseDelimitedBlock","id":"cae86a27-5e89-4ba3-b76d-dafa4ac6962a","position":1,"ActivityId":"57538379-d191-4a98-a3bc-d74410e37328","BranchId":"00000000-0000-0000-0000-000000000000"}|999ac800-0a9c-11e9-bcd3-e982204aa8d5
2018-12-28 16:38:27.4419|DEBUG|Activity|Blocks|Adding block|{"Type":"Microsoft.DPrep.DropColumnsBlock","id":"e719f877-2aed-4de7-940a-3b9e784d460d","position":2,"ActivityId":"57538379-d191-4a98-a3bc-d74410e37328","BranchId":"00000000-0000-0000-0000-000000000000"}|999ac800-0a9c-11e9-bcd3-e982204aa8d5
2018-12-28 16:38:27.4419|DEBUG|Activity|Blocks|Adding block|{"Type":"Microsoft.DPrep.ReplaceNaBlock","id":"1e2d2d9f-f292-49fd-8627-352b528ebadb","position":3,"ActivityId":"57538379-d191-4a98-a3bc-d74410e37328","BranchId":"00000000-0000-0000-0000-000000000000"}|999ac800-0a9c-11e9-bcd3-e982204aa8d5
2018-12-28 16:38:27.4419|DEBUG|Activity|Blocks|Adding block|{"Type":"Microsoft.DPrep.SkipBlock","id":"5bc9656c-886e-441f-bbba-086b8a64217a","position":4,"ActivityId":"57538379-d191-4a98-a3bc-d74410e37328","BranchId":"00000000-0000-0000-0000-000000000000"}|999ac800-0a9c-11e9-bcd3-e982204aa8d5
2018-12-28 16:39:44.1666|DEBUG|Activity|Blocks|Adding block|{"Type":"Microsoft.DPrep.GetFilesBlock","id":"670bbd87-d778-4994-b0f8-6b7229d369a2","position":0,"ActivityId":"c3c80d58-b3ba-42cb-8ce4-425526afc839","BranchId":"00000000-0000-0000-0000-000000000000"}|999ac800-0a9c-11e9-bcd3-e982204aa8d5
2018-12-28 16:39:44.1666|DEBUG|Activity|Blocks|Adding block|{"Type":"Microsoft.DPrep.ParseDelimitedBlock","id":"cae86a27-5e89-4ba3-b76d-dafa4ac6962a","position":1,"ActivityId":"c3c80d58-b3ba-42cb-8ce4-425526afc839","BranchId":"00000000-0000-0000-0000-000000000000"}|999ac800-0a9c-11e9-bcd3-e982204aa8d5
2018-12-28 16:39:44.1666|DEBUG|Activity|Blocks|Adding block|{"Type":"Microsoft.DPrep.DropColumnsBlock","id":"e719f877-2aed-4de7-940a-3b9e784d460d","position":2,"ActivityId":"c3c80d58-b3ba-42cb-8ce4-425526afc839","BranchId":"00000000-0000-0000-0000-000000000000"}|999ac800-0a9c-11e9-bcd3-e982204aa8d5
2018-12-28 16:39:44.1666|DEBUG|Activity|Blocks|Adding block|{"Type":"Microsoft.DPrep.ReplaceNaBlock","id":"1e2d2d9f-f292-49fd-8627-352b528ebadb","position":3,"ActivityId":"c3c80d58-b3ba-42cb-8ce4-425526afc839","BranchId":"00000000-0000-0000-0000-000000000000"}|999ac800-0a9c-11e9-bcd3-e982204aa8d5
2018-12-28 16:39:44.1666|DEBUG|Activity|Blocks|Adding block|{"Type":"Microsoft.DPrep.SkipBlock","id":"5bc9656c-886e-441f-bbba-086b8a64217a","position":4,"ActivityId":"c3c80d58-b3ba-42cb-8ce4-425526afc839","BranchId":"00000000-0000-0000-0000-000000000000"}|999ac800-0a9c-11e9-bcd3-e982204aa8d5
2018-12-28 16:44:10.0620|DEBUG|Activity|Blocks|Adding block|{"Type":"Microsoft.DPrep.GetFilesBlock","id":"9fd8427c-e757-4cf7-8d0e-949464c59c06","position":0,"ActivityId":"fbd2c16e-99ad-4bb4-9785-f59a589fa391","BranchId":"00000000-0000-0000-0000-000000000000"}|999ac800-0a9c-11e9-bcd3-e982204aa8d5
2018-12-28 16:44:10.0620|DEBUG|Activity|Blocks|Adding block|{"Type":"Microsoft.DPrep.ParseDelimitedBlock","id":"7bd464bc-d184-4d6f-a7ba-88364b6d637a","position":1,"ActivityId":"fbd2c16e-99ad-4bb4-9785-f59a589fa391","BranchId":"00000000-0000-0000-0000-000000000000"}|999ac800-0a9c-11e9-bcd3-e982204aa8d5
2018-12-28 16:44:10.0620|DEBUG|Activity|Blocks|Adding block|{"Type":"Microsoft.DPrep.DropColumnsBlock","id":"e39b2893-fdcf-4a03-9520-a16091d35d0c","position":2,"ActivityId":"fbd2c16e-99ad-4bb4-9785-f59a589fa391","BranchId":"00000000-0000-0000-0000-000000000000"}|999ac800-0a9c-11e9-bcd3-e982204aa8d5
2018-12-28 16:44:10.0620|DEBUG|Activity|Blocks|Adding block|{"Type":"Microsoft.DPrep.GetFilesBlock","id":"9fd8427c-e757-4cf7-8d0e-949464c59c06","position":0,"ActivityId":"a638c945-a7cc-4aa0-a1e1-985b38292586","BranchId":"00000000-0000-0000-0000-000000000000"}|999ac800-0a9c-11e9-bcd3-e982204aa8d5
2018-12-28 16:44:10.0620|DEBUG|Activity|Blocks|Adding block|{"Type":"Microsoft.DPrep.ParseDelimitedBlock","id":"7bd464bc-d184-4d6f-a7ba-88364b6d637a","position":1,"ActivityId":"a638c945-a7cc-4aa0-a1e1-985b38292586","BranchId":"00000000-0000-0000-0000-000000000000"}|999ac800-0a9c-11e9-bcd3-e982204aa8d5
2018-12-28 16:44:10.0620|DEBUG|Activity|Blocks|Adding block|{"Type":"Microsoft.DPrep.DropColumnsBlock","id":"e39b2893-fdcf-4a03-9520-a16091d35d0c","position":2,"ActivityId":"a638c945-a7cc-4aa0-a1e1-985b38292586","BranchId":"00000000-0000-0000-0000-000000000000"}|999ac800-0a9c-11e9-bcd3-e982204aa8d5
2018-12-28 16:44:14.8903|DEBUG|Activity|Blocks|Adding block|{"Type":"Microsoft.DPrep.GetFilesBlock","id":"9fd8427c-e757-4cf7-8d0e-949464c59c06","position":0,"ActivityId":"df83b02f-9736-4705-bf76-0f3df954b9c6","BranchId":"00000000-0000-0000-0000-000000000000"}|999ac800-0a9c-11e9-bcd3-e982204aa8d5
2018-12-28 16:44:14.8903|DEBUG|Activity|Blocks|Adding block|{"Type":"Microsoft.DPrep.ParseDelimitedBlock","id":"7bd464bc-d184-4d6f-a7ba-88364b6d637a","position":1,"ActivityId":"df83b02f-9736-4705-bf76-0f3df954b9c6","BranchId":"00000000-0000-0000-0000-000000000000"}|999ac800-0a9c-11e9-bcd3-e982204aa8d5
2018-12-28 16:44:14.8903|DEBUG|Activity|Blocks|Adding block|{"Type":"Microsoft.DPrep.DropColumnsBlock","id":"e39b2893-fdcf-4a03-9520-a16091d35d0c","position":2,"ActivityId":"df83b02f-9736-4705-bf76-0f3df954b9c6","BranchId":"00000000-0000-0000-0000-000000000000"}|999ac800-0a9c-11e9-bcd3-e982204aa8d5
2018-12-28 16:44:14.8903|DEBUG|Activity|Blocks|Adding block|{"Type":"Microsoft.DPrep.ReplaceNaBlock","id":"4dac0ed0-bcac-4db0-9634-27cc611e0b42","position":3,"ActivityId":"df83b02f-9736-4705-bf76-0f3df954b9c6","BranchId":"00000000-0000-0000-0000-000000000000"}|999ac800-0a9c-11e9-bcd3-e982204aa8d5
2018-12-28 16:44:14.8903|DEBUG|Activity|Blocks|Adding block|{"Type":"Microsoft.DPrep.SkipBlock","id":"f71f3a2f-d5ed-4b6f-8f41-e05d53d6e8bf","position":4,"ActivityId":"df83b02f-9736-4705-bf76-0f3df954b9c6","BranchId":"00000000-0000-0000-0000-000000000000"}|999ac800-0a9c-11e9-bcd3-e982204aa8d5
2018-12-28 17:00:39.4584|DEBUG|Activity|Blocks|Adding block|{"Type":"Microsoft.DPrep.GetFilesBlock","id":"d2d355e2-7bef-4a76-86c5-a5129d3e2f8c","position":0,"ActivityId":"fd215c81-c6b5-43a4-a632-8b7ab3ac897a","BranchId":"00000000-0000-0000-0000-000000000000"}|999ac800-0a9c-11e9-bcd3-e982204aa8d5
2018-12-28 17:00:39.4584|DEBUG|Activity|Blocks|Adding block|{"Type":"Microsoft.DPrep.ParseDelimitedBlock","id":"540bd665-ba3b-4d62-964d-68844c1e47dd","position":1,"ActivityId":"fd215c81-c6b5-43a4-a632-8b7ab3ac897a","BranchId":"00000000-0000-0000-0000-000000000000"}|999ac800-0a9c-11e9-bcd3-e982204aa8d5
2018-12-28 17:00:39.4584|DEBUG|Activity|Blocks|Adding block|{"Type":"Microsoft.DPrep.DropColumnsBlock","id":"29c54875-8e37-41cc-9e8a-6e7156c1ceaa","position":2,"ActivityId":"fd215c81-c6b5-43a4-a632-8b7ab3ac897a","BranchId":"00000000-0000-0000-0000-000000000000"}|999ac800-0a9c-11e9-bcd3-e982204aa8d5
2018-12-28 17:00:39.4584|DEBUG|Activity|Blocks|Adding block|{"Type":"Microsoft.DPrep.GetFilesBlock","id":"d2d355e2-7bef-4a76-86c5-a5129d3e2f8c","position":0,"ActivityId":"32dd3fe7-dd55-4a2c-81d9-7d8b9611c224","BranchId":"00000000-0000-0000-0000-000000000000"}|999ac800-0a9c-11e9-bcd3-e982204aa8d5
2018-12-28 17:00:39.4584|DEBUG|Activity|Blocks|Adding block|{"Type":"Microsoft.DPrep.ParseDelimitedBlock","id":"540bd665-ba3b-4d62-964d-68844c1e47dd","position":1,"ActivityId":"32dd3fe7-dd55-4a2c-81d9-7d8b9611c224","BranchId":"00000000-0000-0000-0000-000000000000"}|999ac800-0a9c-11e9-bcd3-e982204aa8d5
2018-12-28 17:00:39.4584|DEBUG|Activity|Blocks|Adding block|{"Type":"Microsoft.DPrep.DropColumnsBlock","id":"29c54875-8e37-41cc-9e8a-6e7156c1ceaa","position":2,"ActivityId":"32dd3fe7-dd55-4a2c-81d9-7d8b9611c224","BranchId":"00000000-0000-0000-0000-000000000000"}|999ac800-0a9c-11e9-bcd3-e982204aa8d5
2018-12-28 17:00:44.2448|DEBUG|Activity|Blocks|Adding block|{"Type":"Microsoft.DPrep.GetFilesBlock","id":"d2d355e2-7bef-4a76-86c5-a5129d3e2f8c","position":0,"ActivityId":"16fb49c5-c708-4bdb-b4a6-6b9bbb28cb9d","BranchId":"00000000-0000-0000-0000-000000000000"}|999ac800-0a9c-11e9-bcd3-e982204aa8d5
2018-12-28 17:00:44.2448|DEBUG|Activity|Blocks|Adding block|{"Type":"Microsoft.DPrep.ParseDelimitedBlock","id":"540bd665-ba3b-4d62-964d-68844c1e47dd","position":1,"ActivityId":"16fb49c5-c708-4bdb-b4a6-6b9bbb28cb9d","BranchId":"00000000-0000-0000-0000-000000000000"}|999ac800-0a9c-11e9-bcd3-e982204aa8d5
2018-12-28 17:00:44.2448|DEBUG|Activity|Blocks|Adding block|{"Type":"Microsoft.DPrep.DropColumnsBlock","id":"29c54875-8e37-41cc-9e8a-6e7156c1ceaa","position":2,"ActivityId":"16fb49c5-c708-4bdb-b4a6-6b9bbb28cb9d","BranchId":"00000000-0000-0000-0000-000000000000"}|999ac800-0a9c-11e9-bcd3-e982204aa8d5
2018-12-28 17:00:44.2448|DEBUG|Activity|Blocks|Adding block|{"Type":"Microsoft.DPrep.ReplaceNaBlock","id":"40870abc-49d0-47a7-b346-6d411d9c76ab","position":3,"ActivityId":"16fb49c5-c708-4bdb-b4a6-6b9bbb28cb9d","BranchId":"00000000-0000-0000-0000-000000000000"}|999ac800-0a9c-11e9-bcd3-e982204aa8d5
2018-12-28 17:00:44.2448|DEBUG|Activity|Blocks|Adding block|{"Type":"Microsoft.DPrep.SkipBlock","id":"ce65fe0f-3df7-4faf-b619-8116402059db","position":4,"ActivityId":"16fb49c5-c708-4bdb-b4a6-6b9bbb28cb9d","BranchId":"00000000-0000-0000-0000-000000000000"}|999ac800-0a9c-11e9-bcd3-e982204aa8d5
2018-12-28 17:00:44.2448|DEBUG|Activity|Blocks|Adding block|{"Type":"Microsoft.DPrep.DropNullsBlock","id":"70b4124a-ca1d-4fa6-b7b6-368dd70f16ed","position":5,"ActivityId":"16fb49c5-c708-4bdb-b4a6-6b9bbb28cb9d","BranchId":"00000000-0000-0000-0000-000000000000"}|999ac800-0a9c-11e9-bcd3-e982204aa8d5
2018-12-28 17:04:55.4631|DEBUG|Activity|Blocks|Adding block|{"Type":"Microsoft.DPrep.GetFilesBlock","id":"d4ed8c8c-590c-4f6f-b6b4-1a1d082a1c67","position":0,"ActivityId":"7d84e4a4-cda1-4624-9fd6-0f0186380d86","BranchId":"00000000-0000-0000-0000-000000000000"}|999ac800-0a9c-11e9-bcd3-e982204aa8d5
2018-12-28 17:04:55.4678|DEBUG|Activity|Blocks|Adding block|{"Type":"Microsoft.DPrep.ParseDelimitedBlock","id":"770a694c-bf66-4f56-95db-056cf349e21a","position":1,"ActivityId":"7d84e4a4-cda1-4624-9fd6-0f0186380d86","BranchId":"00000000-0000-0000-0000-000000000000"}|999ac800-0a9c-11e9-bcd3-e982204aa8d5
2018-12-28 17:04:55.4678|DEBUG|Activity|Blocks|Adding block|{"Type":"Microsoft.DPrep.DropColumnsBlock","id":"44002a63-445b-489f-a755-bdecbb9c6ca3","position":2,"ActivityId":"7d84e4a4-cda1-4624-9fd6-0f0186380d86","BranchId":"00000000-0000-0000-0000-000000000000"}|999ac800-0a9c-11e9-bcd3-e982204aa8d5
2018-12-28 17:04:55.4678|DEBUG|Activity|Blocks|Adding block|{"Type":"Microsoft.DPrep.GetFilesBlock","id":"d4ed8c8c-590c-4f6f-b6b4-1a1d082a1c67","position":0,"ActivityId":"337a2053-e43f-449a-89fb-fd986f024d40","BranchId":"00000000-0000-0000-0000-000000000000"}|999ac800-0a9c-11e9-bcd3-e982204aa8d5
2018-12-28 17:04:55.4678|DEBUG|Activity|Blocks|Adding block|{"Type":"Microsoft.DPrep.ParseDelimitedBlock","id":"770a694c-bf66-4f56-95db-056cf349e21a","position":1,"ActivityId":"337a2053-e43f-449a-89fb-fd986f024d40","BranchId":"00000000-0000-0000-0000-000000000000"}|999ac800-0a9c-11e9-bcd3-e982204aa8d5
2018-12-28 17:04:55.4678|DEBUG|Activity|Blocks|Adding block|{"Type":"Microsoft.DPrep.DropColumnsBlock","id":"44002a63-445b-489f-a755-bdecbb9c6ca3","position":2,"ActivityId":"337a2053-e43f-449a-89fb-fd986f024d40","BranchId":"00000000-0000-0000-0000-000000000000"}|999ac800-0a9c-11e9-bcd3-e982204aa8d5
2018-12-28 17:05:00.2888|DEBUG|Activity|Blocks|Adding block|{"Type":"Microsoft.DPrep.GetFilesBlock","id":"d4ed8c8c-590c-4f6f-b6b4-1a1d082a1c67","position":0,"ActivityId":"c94f4d9a-b814-4621-8190-718e212092aa","BranchId":"00000000-0000-0000-0000-000000000000"}|999ac800-0a9c-11e9-bcd3-e982204aa8d5
2018-12-28 17:05:00.2888|DEBUG|Activity|Blocks|Adding block|{"Type":"Microsoft.DPrep.ParseDelimitedBlock","id":"770a694c-bf66-4f56-95db-056cf349e21a","position":1,"ActivityId":"c94f4d9a-b814-4621-8190-718e212092aa","BranchId":"00000000-0000-0000-0000-000000000000"}|999ac800-0a9c-11e9-bcd3-e982204aa8d5
2018-12-28 17:05:00.2888|DEBUG|Activity|Blocks|Adding block|{"Type":"Microsoft.DPrep.DropColumnsBlock","id":"44002a63-445b-489f-a755-bdecbb9c6ca3","position":2,"ActivityId":"c94f4d9a-b814-4621-8190-718e212092aa","BranchId":"00000000-0000-0000-0000-000000000000"}|999ac800-0a9c-11e9-bcd3-e982204aa8d5
2018-12-28 17:05:00.2888|DEBUG|Activity|Blocks|Adding block|{"Type":"Microsoft.DPrep.ReplaceNaBlock","id":"b143b199-eff7-4124-8e1f-408d6bd32ab9","position":3,"ActivityId":"c94f4d9a-b814-4621-8190-718e212092aa","BranchId":"00000000-0000-0000-0000-000000000000"}|999ac800-0a9c-11e9-bcd3-e982204aa8d5
2018-12-28 17:05:00.2888|DEBUG|Activity|Blocks|Adding block|{"Type":"Microsoft.DPrep.SkipBlock","id":"766edcf5-7ef2-4d91-8905-e55ff4625754","position":4,"ActivityId":"c94f4d9a-b814-4621-8190-718e212092aa","BranchId":"00000000-0000-0000-0000-000000000000"}|999ac800-0a9c-11e9-bcd3-e982204aa8d5
2018-12-28 17:05:00.2888|DEBUG|Activity|Blocks|Adding block|{"Type":"Microsoft.DPrep.DropNullsBlock","id":"40fdbf2b-74e4-4c1c-9052-7e77469350af","position":5,"ActivityId":"c94f4d9a-b814-4621-8190-718e212092aa","BranchId":"00000000-0000-0000-0000-000000000000"}|999ac800-0a9c-11e9-bcd3-e982204aa8d5
2018-12-28 17:05:00.2973|DEBUG|Activity|Blocks|Adding block|{"Type":"Microsoft.DPrep.GetFilesBlock","id":"d4ed8c8c-590c-4f6f-b6b4-1a1d082a1c67","position":0,"ActivityId":"d8af6b58-4e11-4649-bc7c-3d1951cff5f0","BranchId":"00000000-0000-0000-0000-000000000000"}|999ac800-0a9c-11e9-bcd3-e982204aa8d5
2018-12-28 17:05:00.2973|DEBUG|Activity|Blocks|Adding block|{"Type":"Microsoft.DPrep.ParseDelimitedBlock","id":"770a694c-bf66-4f56-95db-056cf349e21a","position":1,"ActivityId":"d8af6b58-4e11-4649-bc7c-3d1951cff5f0","BranchId":"00000000-0000-0000-0000-000000000000"}|999ac800-0a9c-11e9-bcd3-e982204aa8d5
2018-12-28 17:05:00.2973|DEBUG|Activity|Blocks|Adding block|{"Type":"Microsoft.DPrep.DropColumnsBlock","id":"44002a63-445b-489f-a755-bdecbb9c6ca3","position":2,"ActivityId":"d8af6b58-4e11-4649-bc7c-3d1951cff5f0","BranchId":"00000000-0000-0000-0000-000000000000"}|999ac800-0a9c-11e9-bcd3-e982204aa8d5
2018-12-28 17:05:00.2973|DEBUG|Activity|Blocks|Adding block|{"Type":"Microsoft.DPrep.ReplaceNaBlock","id":"b143b199-eff7-4124-8e1f-408d6bd32ab9","position":3,"ActivityId":"d8af6b58-4e11-4649-bc7c-3d1951cff5f0","BranchId":"00000000-0000-0000-0000-000000000000"}|999ac800-0a9c-11e9-bcd3-e982204aa8d5
2018-12-28 17:05:00.2973|DEBUG|Activity|Blocks|Adding block|{"Type":"Microsoft.DPrep.SkipBlock","id":"766edcf5-7ef2-4d91-8905-e55ff4625754","position":4,"ActivityId":"d8af6b58-4e11-4649-bc7c-3d1951cff5f0","BranchId":"00000000-0000-0000-0000-000000000000"}|999ac800-0a9c-11e9-bcd3-e982204aa8d5
2018-12-28 17:05:00.2973|DEBUG|Activity|Blocks|Adding block|{"Type":"Microsoft.DPrep.DropNullsBlock","id":"40fdbf2b-74e4-4c1c-9052-7e77469350af","position":5,"ActivityId":"d8af6b58-4e11-4649-bc7c-3d1951cff5f0","BranchId":"00000000-0000-0000-0000-000000000000"}|999ac800-0a9c-11e9-bcd3-e982204aa8d5
2018-12-28 17:05:05.6561|DEBUG|Activity|Blocks|Adding block|{"Type":"Microsoft.DPrep.GetFilesBlock","id":"d4ed8c8c-590c-4f6f-b6b4-1a1d082a1c67","position":0,"ActivityId":"e0f769d1-4dbd-4f27-a5cd-904ff1f06cc2","BranchId":"00000000-0000-0000-0000-000000000000"}|999ac800-0a9c-11e9-bcd3-e982204aa8d5
2018-12-28 17:05:05.6561|DEBUG|Activity|Blocks|Adding block|{"Type":"Microsoft.DPrep.ParseDelimitedBlock","id":"770a694c-bf66-4f56-95db-056cf349e21a","position":1,"ActivityId":"e0f769d1-4dbd-4f27-a5cd-904ff1f06cc2","BranchId":"00000000-0000-0000-0000-000000000000"}|999ac800-0a9c-11e9-bcd3-e982204aa8d5
2018-12-28 17:05:05.6561|DEBUG|Activity|Blocks|Adding block|{"Type":"Microsoft.DPrep.DropColumnsBlock","id":"44002a63-445b-489f-a755-bdecbb9c6ca3","position":2,"ActivityId":"e0f769d1-4dbd-4f27-a5cd-904ff1f06cc2","BranchId":"00000000-0000-0000-0000-000000000000"}|999ac800-0a9c-11e9-bcd3-e982204aa8d5
2018-12-28 17:05:05.6561|DEBUG|Activity|Blocks|Adding block|{"Type":"Microsoft.DPrep.ReplaceNaBlock","id":"b143b199-eff7-4124-8e1f-408d6bd32ab9","position":3,"ActivityId":"e0f769d1-4dbd-4f27-a5cd-904ff1f06cc2","BranchId":"00000000-0000-0000-0000-000000000000"}|999ac800-0a9c-11e9-bcd3-e982204aa8d5
2018-12-28 17:05:05.6561|DEBUG|Activity|Blocks|Adding block|{"Type":"Microsoft.DPrep.SkipBlock","id":"766edcf5-7ef2-4d91-8905-e55ff4625754","position":4,"ActivityId":"e0f769d1-4dbd-4f27-a5cd-904ff1f06cc2","BranchId":"00000000-0000-0000-0000-000000000000"}|999ac800-0a9c-11e9-bcd3-e982204aa8d5
2018-12-28 17:05:40.2729|DEBUG|Activity|Blocks|Adding block|{"Type":"Microsoft.DPrep.GetFilesBlock","id":"d4ed8c8c-590c-4f6f-b6b4-1a1d082a1c67","position":0,"ActivityId":"820ce880-837e-4c2d-8a93-efd66aa6be2b","BranchId":"00000000-0000-0000-0000-000000000000"}|999ac800-0a9c-11e9-bcd3-e982204aa8d5
2018-12-28 17:05:40.2729|DEBUG|Activity|Blocks|Adding block|{"Type":"Microsoft.DPrep.ParseDelimitedBlock","id":"770a694c-bf66-4f56-95db-056cf349e21a","position":1,"ActivityId":"820ce880-837e-4c2d-8a93-efd66aa6be2b","BranchId":"00000000-0000-0000-0000-000000000000"}|999ac800-0a9c-11e9-bcd3-e982204aa8d5
2018-12-28 17:05:40.2729|DEBUG|Activity|Blocks|Adding block|{"Type":"Microsoft.DPrep.DropColumnsBlock","id":"44002a63-445b-489f-a755-bdecbb9c6ca3","position":2,"ActivityId":"820ce880-837e-4c2d-8a93-efd66aa6be2b","BranchId":"00000000-0000-0000-0000-000000000000"}|999ac800-0a9c-11e9-bcd3-e982204aa8d5
2018-12-28 17:05:40.2729|DEBUG|Activity|Blocks|Adding block|{"Type":"Microsoft.DPrep.ReplaceNaBlock","id":"b143b199-eff7-4124-8e1f-408d6bd32ab9","position":3,"ActivityId":"820ce880-837e-4c2d-8a93-efd66aa6be2b","BranchId":"00000000-0000-0000-0000-000000000000"}|999ac800-0a9c-11e9-bcd3-e982204aa8d5
2018-12-28 17:05:40.2729|DEBUG|Activity|Blocks|Adding block|{"Type":"Microsoft.DPrep.SkipBlock","id":"766edcf5-7ef2-4d91-8905-e55ff4625754","position":4,"ActivityId":"820ce880-837e-4c2d-8a93-efd66aa6be2b","BranchId":"00000000-0000-0000-0000-000000000000"}|999ac800-0a9c-11e9-bcd3-e982204aa8d5
2018-12-28 17:05:40.2729|DEBUG|Activity|Blocks|Adding block|{"Type":"Microsoft.DPrep.DropNullsBlock","id":"40fdbf2b-74e4-4c1c-9052-7e77469350af","position":5,"ActivityId":"820ce880-837e-4c2d-8a93-efd66aa6be2b","BranchId":"00000000-0000-0000-0000-000000000000"}|999ac800-0a9c-11e9-bcd3-e982204aa8d5
2018-12-28 17:05:40.2729|DEBUG|Activity|Blocks|Adding block|{"Type":"Microsoft.DPrep.TakeBlock","id":"cc4dffe8-ca65-4455-85d5-c48c807b09bd","position":6,"ActivityId":"820ce880-837e-4c2d-8a93-efd66aa6be2b","BranchId":"00000000-0000-0000-0000-000000000000"}|999ac800-0a9c-11e9-bcd3-e982204aa8d5
2018-12-28 17:05:40.2925|DEBUG|Activity|Blocks|Adding block|{"Type":"Microsoft.DPrep.GetFilesBlock","id":"d4ed8c8c-590c-4f6f-b6b4-1a1d082a1c67","position":0,"ActivityId":"7d83cd03-f4e1-45ab-9f25-bf7edc09523e","BranchId":"00000000-0000-0000-0000-000000000000"}|999ac800-0a9c-11e9-bcd3-e982204aa8d5
2018-12-28 17:05:40.2925|DEBUG|Activity|Blocks|Adding block|{"Type":"Microsoft.DPrep.ParseDelimitedBlock","id":"770a694c-bf66-4f56-95db-056cf349e21a","position":1,"ActivityId":"7d83cd03-f4e1-45ab-9f25-bf7edc09523e","BranchId":"00000000-0000-0000-0000-000000000000"}|999ac800-0a9c-11e9-bcd3-e982204aa8d5
2018-12-28 17:05:40.2925|DEBUG|Activity|Blocks|Adding block|{"Type":"Microsoft.DPrep.DropColumnsBlock","id":"44002a63-445b-489f-a755-bdecbb9c6ca3","position":2,"ActivityId":"7d83cd03-f4e1-45ab-9f25-bf7edc09523e","BranchId":"00000000-0000-0000-0000-000000000000"}|999ac800-0a9c-11e9-bcd3-e982204aa8d5
2018-12-28 17:05:40.2957|DEBUG|Activity|Blocks|Adding block|{"Type":"Microsoft.DPrep.ReplaceNaBlock","id":"b143b199-eff7-4124-8e1f-408d6bd32ab9","position":3,"ActivityId":"7d83cd03-f4e1-45ab-9f25-bf7edc09523e","BranchId":"00000000-0000-0000-0000-000000000000"}|999ac800-0a9c-11e9-bcd3-e982204aa8d5
2018-12-28 17:05:40.2957|DEBUG|Activity|Blocks|Adding block|{"Type":"Microsoft.DPrep.SkipBlock","id":"766edcf5-7ef2-4d91-8905-e55ff4625754","position":4,"ActivityId":"7d83cd03-f4e1-45ab-9f25-bf7edc09523e","BranchId":"00000000-0000-0000-0000-000000000000"}|999ac800-0a9c-11e9-bcd3-e982204aa8d5
2018-12-28 17:05:40.2957|DEBUG|Activity|Blocks|Adding block|{"Type":"Microsoft.DPrep.DropNullsBlock","id":"40fdbf2b-74e4-4c1c-9052-7e77469350af","position":5,"ActivityId":"7d83cd03-f4e1-45ab-9f25-bf7edc09523e","BranchId":"00000000-0000-0000-0000-000000000000"}|999ac800-0a9c-11e9-bcd3-e982204aa8d5
2018-12-28 17:05:40.2957|DEBUG|Activity|Blocks|Adding block|{"Type":"Microsoft.DPrep.TakeBlock","id":"cc4dffe8-ca65-4455-85d5-c48c807b09bd","position":6,"ActivityId":"7d83cd03-f4e1-45ab-9f25-bf7edc09523e","BranchId":"00000000-0000-0000-0000-000000000000"}|999ac800-0a9c-11e9-bcd3-e982204aa8d5
2018-12-28 17:05:40.2957|DEBUG|Activity|Blocks|Adding block|{"Type":"Microsoft.DPrep.WriteDataSetBlock","id":"f568c57e-5700-4f7e-ba15-5c70e2775aef","position":7,"ActivityId":"7d83cd03-f4e1-45ab-9f25-bf7edc09523e","BranchId":"00000000-0000-0000-0000-000000000000"}|999ac800-0a9c-11e9-bcd3-e982204aa8d5
2018-12-28 17:07:42.1185|DEBUG|Activity|Blocks|Adding block|{"Type":"Microsoft.DPrep.GetFilesBlock","id":"683d4beb-3127-45fc-8d80-5325eab4f01b","position":0,"ActivityId":"c8fc6b6a-b63c-4cb2-921b-e720d8f75235","BranchId":"00000000-0000-0000-0000-000000000000"}|999ac800-0a9c-11e9-bcd3-e982204aa8d5
2018-12-28 17:07:42.1185|DEBUG|Activity|Blocks|Adding block|{"Type":"Microsoft.DPrep.ParseDelimitedBlock","id":"47c0e84b-ad40-43d4-9c1e-d3cb42230aef","position":1,"ActivityId":"c8fc6b6a-b63c-4cb2-921b-e720d8f75235","BranchId":"00000000-0000-0000-0000-000000000000"}|999ac800-0a9c-11e9-bcd3-e982204aa8d5
2018-12-28 17:07:42.1185|DEBUG|Activity|Blocks|Adding block|{"Type":"Microsoft.DPrep.DropColumnsBlock","id":"ecb1a892-ba21-4b3e-8037-9b6bc9de137b","position":2,"ActivityId":"c8fc6b6a-b63c-4cb2-921b-e720d8f75235","BranchId":"00000000-0000-0000-0000-000000000000"}|999ac800-0a9c-11e9-bcd3-e982204aa8d5
2018-12-28 17:07:42.1249|DEBUG|Activity|Blocks|Adding block|{"Type":"Microsoft.DPrep.GetFilesBlock","id":"683d4beb-3127-45fc-8d80-5325eab4f01b","position":0,"ActivityId":"e1b3cffb-5b8e-4a8d-9f95-69f545c457e3","BranchId":"00000000-0000-0000-0000-000000000000"}|999ac800-0a9c-11e9-bcd3-e982204aa8d5
2018-12-28 17:07:42.1249|DEBUG|Activity|Blocks|Adding block|{"Type":"Microsoft.DPrep.ParseDelimitedBlock","id":"47c0e84b-ad40-43d4-9c1e-d3cb42230aef","position":1,"ActivityId":"e1b3cffb-5b8e-4a8d-9f95-69f545c457e3","BranchId":"00000000-0000-0000-0000-000000000000"}|999ac800-0a9c-11e9-bcd3-e982204aa8d5
2018-12-28 17:07:42.1249|DEBUG|Activity|Blocks|Adding block|{"Type":"Microsoft.DPrep.DropColumnsBlock","id":"ecb1a892-ba21-4b3e-8037-9b6bc9de137b","position":2,"ActivityId":"e1b3cffb-5b8e-4a8d-9f95-69f545c457e3","BranchId":"00000000-0000-0000-0000-000000000000"}|999ac800-0a9c-11e9-bcd3-e982204aa8d5
2018-12-28 17:07:47.3749|DEBUG|Activity|Blocks|Adding block|{"Type":"Microsoft.DPrep.GetFilesBlock","id":"683d4beb-3127-45fc-8d80-5325eab4f01b","position":0,"ActivityId":"ffa62494-375a-4eee-b94a-16c8eef25af8","BranchId":"00000000-0000-0000-0000-000000000000"}|999ac800-0a9c-11e9-bcd3-e982204aa8d5
2018-12-28 17:07:47.3749|DEBUG|Activity|Blocks|Adding block|{"Type":"Microsoft.DPrep.ParseDelimitedBlock","id":"47c0e84b-ad40-43d4-9c1e-d3cb42230aef","position":1,"ActivityId":"ffa62494-375a-4eee-b94a-16c8eef25af8","BranchId":"00000000-0000-0000-0000-000000000000"}|999ac800-0a9c-11e9-bcd3-e982204aa8d5
2018-12-28 17:07:47.3749|DEBUG|Activity|Blocks|Adding block|{"Type":"Microsoft.DPrep.DropColumnsBlock","id":"ecb1a892-ba21-4b3e-8037-9b6bc9de137b","position":2,"ActivityId":"ffa62494-375a-4eee-b94a-16c8eef25af8","BranchId":"00000000-0000-0000-0000-000000000000"}|999ac800-0a9c-11e9-bcd3-e982204aa8d5
2018-12-28 17:07:47.3749|DEBUG|Activity|Blocks|Adding block|{"Type":"Microsoft.DPrep.ReplaceNaBlock","id":"2de9bd00-ef0a-45d4-b82c-450fc35b795a","position":3,"ActivityId":"ffa62494-375a-4eee-b94a-16c8eef25af8","BranchId":"00000000-0000-0000-0000-000000000000"}|999ac800-0a9c-11e9-bcd3-e982204aa8d5
2018-12-28 17:07:47.3749|DEBUG|Activity|Blocks|Adding block|{"Type":"Microsoft.DPrep.SkipBlock","id":"db5c6357-4724-4bb7-bb7e-52b085537413","position":4,"ActivityId":"ffa62494-375a-4eee-b94a-16c8eef25af8","BranchId":"00000000-0000-0000-0000-000000000000"}|999ac800-0a9c-11e9-bcd3-e982204aa8d5
2018-12-28 17:07:47.3749|DEBUG|Activity|Blocks|Adding block|{"Type":"Microsoft.DPrep.DropNullsBlock","id":"60714915-3f28-49a2-a562-e51adc6cf670","position":5,"ActivityId":"ffa62494-375a-4eee-b94a-16c8eef25af8","BranchId":"00000000-0000-0000-0000-000000000000"}|999ac800-0a9c-11e9-bcd3-e982204aa8d5
2018-12-28 17:07:47.3749|DEBUG|Activity|Blocks|Adding block|{"Type":"Microsoft.DPrep.GetFilesBlock","id":"683d4beb-3127-45fc-8d80-5325eab4f01b","position":0,"ActivityId":"e1f92d3e-dfd1-4515-bde1-ddc70e95942d","BranchId":"00000000-0000-0000-0000-000000000000"}|999ac800-0a9c-11e9-bcd3-e982204aa8d5
2018-12-28 17:07:47.3749|DEBUG|Activity|Blocks|Adding block|{"Type":"Microsoft.DPrep.ParseDelimitedBlock","id":"47c0e84b-ad40-43d4-9c1e-d3cb42230aef","position":1,"ActivityId":"e1f92d3e-dfd1-4515-bde1-ddc70e95942d","BranchId":"00000000-0000-0000-0000-000000000000"}|999ac800-0a9c-11e9-bcd3-e982204aa8d5
2018-12-28 17:07:47.3749|DEBUG|Activity|Blocks|Adding block|{"Type":"Microsoft.DPrep.DropColumnsBlock","id":"ecb1a892-ba21-4b3e-8037-9b6bc9de137b","position":2,"ActivityId":"e1f92d3e-dfd1-4515-bde1-ddc70e95942d","BranchId":"00000000-0000-0000-0000-000000000000"}|999ac800-0a9c-11e9-bcd3-e982204aa8d5
2018-12-28 17:07:47.3749|DEBUG|Activity|Blocks|Adding block|{"Type":"Microsoft.DPrep.ReplaceNaBlock","id":"2de9bd00-ef0a-45d4-b82c-450fc35b795a","position":3,"ActivityId":"e1f92d3e-dfd1-4515-bde1-ddc70e95942d","BranchId":"00000000-0000-0000-0000-000000000000"}|999ac800-0a9c-11e9-bcd3-e982204aa8d5
2018-12-28 17:07:47.3749|DEBUG|Activity|Blocks|Adding block|{"Type":"Microsoft.DPrep.SkipBlock","id":"db5c6357-4724-4bb7-bb7e-52b085537413","position":4,"ActivityId":"e1f92d3e-dfd1-4515-bde1-ddc70e95942d","BranchId":"00000000-0000-0000-0000-000000000000"}|999ac800-0a9c-11e9-bcd3-e982204aa8d5
2018-12-28 17:07:47.3749|DEBUG|Activity|Blocks|Adding block|{"Type":"Microsoft.DPrep.DropNullsBlock","id":"60714915-3f28-49a2-a562-e51adc6cf670","position":5,"ActivityId":"e1f92d3e-dfd1-4515-bde1-ddc70e95942d","BranchId":"00000000-0000-0000-0000-000000000000"}|999ac800-0a9c-11e9-bcd3-e982204aa8d5
2018-12-28 17:07:52.8352|DEBUG|Activity|Blocks|Adding block|{"Type":"Microsoft.DPrep.GetFilesBlock","id":"683d4beb-3127-45fc-8d80-5325eab4f01b","position":0,"ActivityId":"703e3cac-88fd-4f53-8c1e-919b243e4171","BranchId":"00000000-0000-0000-0000-000000000000"}|999ac800-0a9c-11e9-bcd3-e982204aa8d5
2018-12-28 17:07:52.8352|DEBUG|Activity|Blocks|Adding block|{"Type":"Microsoft.DPrep.ParseDelimitedBlock","id":"47c0e84b-ad40-43d4-9c1e-d3cb42230aef","position":1,"ActivityId":"703e3cac-88fd-4f53-8c1e-919b243e4171","BranchId":"00000000-0000-0000-0000-000000000000"}|999ac800-0a9c-11e9-bcd3-e982204aa8d5
2018-12-28 17:07:52.8352|DEBUG|Activity|Blocks|Adding block|{"Type":"Microsoft.DPrep.DropColumnsBlock","id":"ecb1a892-ba21-4b3e-8037-9b6bc9de137b","position":2,"ActivityId":"703e3cac-88fd-4f53-8c1e-919b243e4171","BranchId":"00000000-0000-0000-0000-000000000000"}|999ac800-0a9c-11e9-bcd3-e982204aa8d5
2018-12-28 17:07:52.8352|DEBUG|Activity|Blocks|Adding block|{"Type":"Microsoft.DPrep.ReplaceNaBlock","id":"2de9bd00-ef0a-45d4-b82c-450fc35b795a","position":3,"ActivityId":"703e3cac-88fd-4f53-8c1e-919b243e4171","BranchId":"00000000-0000-0000-0000-000000000000"}|999ac800-0a9c-11e9-bcd3-e982204aa8d5
2018-12-28 17:07:52.8352|DEBUG|Activity|Blocks|Adding block|{"Type":"Microsoft.DPrep.SkipBlock","id":"db5c6357-4724-4bb7-bb7e-52b085537413","position":4,"ActivityId":"703e3cac-88fd-4f53-8c1e-919b243e4171","BranchId":"00000000-0000-0000-0000-000000000000"}|999ac800-0a9c-11e9-bcd3-e982204aa8d5
2018-12-28 17:20:58.3145|DEBUG|Activity|Blocks|Adding block|{"Type":"Microsoft.DPrep.GetFilesBlock","id":"a5b7fc75-0b84-4962-8756-09f8b3f0fc73","position":0,"ActivityId":"ce9fe38f-1405-4085-87b6-e747acd0760e","BranchId":"00000000-0000-0000-0000-000000000000"}|999ac800-0a9c-11e9-bcd3-e982204aa8d5
2018-12-28 17:20:58.3145|DEBUG|Activity|Blocks|Adding block|{"Type":"Microsoft.DPrep.ParseDelimitedBlock","id":"f0bc5a4f-b60a-4972-a76b-c725455c1005","position":1,"ActivityId":"ce9fe38f-1405-4085-87b6-e747acd0760e","BranchId":"00000000-0000-0000-0000-000000000000"}|999ac800-0a9c-11e9-bcd3-e982204aa8d5
2018-12-28 17:20:58.3145|DEBUG|Activity|Blocks|Adding block|{"Type":"Microsoft.DPrep.DropColumnsBlock","id":"efe9d354-203a-4ca2-ac54-75db77865e59","position":2,"ActivityId":"ce9fe38f-1405-4085-87b6-e747acd0760e","BranchId":"00000000-0000-0000-0000-000000000000"}|999ac800-0a9c-11e9-bcd3-e982204aa8d5
2018-12-28 17:20:58.3145|DEBUG|Activity|Blocks|Adding block|{"Type":"Microsoft.DPrep.GetFilesBlock","id":"a5b7fc75-0b84-4962-8756-09f8b3f0fc73","position":0,"ActivityId":"d10d4b87-2671-441a-b1d0-ca24ee8cea13","BranchId":"00000000-0000-0000-0000-000000000000"}|999ac800-0a9c-11e9-bcd3-e982204aa8d5
2018-12-28 17:20:58.3145|DEBUG|Activity|Blocks|Adding block|{"Type":"Microsoft.DPrep.ParseDelimitedBlock","id":"f0bc5a4f-b60a-4972-a76b-c725455c1005","position":1,"ActivityId":"d10d4b87-2671-441a-b1d0-ca24ee8cea13","BranchId":"00000000-0000-0000-0000-000000000000"}|999ac800-0a9c-11e9-bcd3-e982204aa8d5
2018-12-28 17:20:58.3145|DEBUG|Activity|Blocks|Adding block|{"Type":"Microsoft.DPrep.DropColumnsBlock","id":"efe9d354-203a-4ca2-ac54-75db77865e59","position":2,"ActivityId":"d10d4b87-2671-441a-b1d0-ca24ee8cea13","BranchId":"00000000-0000-0000-0000-000000000000"}|999ac800-0a9c-11e9-bcd3-e982204aa8d5
2018-12-28 17:20:58.3145|DEBUG|Activity|Blocks|Adding block|{"Type":"Microsoft.DPrep.WriteDataSetBlock","id":"109539e5-0bb7-4bb6-8079-76bdc5925a91","position":3,"ActivityId":"d10d4b87-2671-441a-b1d0-ca24ee8cea13","BranchId":"00000000-0000-0000-0000-000000000000"}|999ac800-0a9c-11e9-bcd3-e982204aa8d5
2018-12-28 17:22:15.1088|DEBUG|Activity|Blocks|Adding block|{"Type":"Microsoft.DPrep.GetFilesBlock","id":"7d968969-6d84-4d19-97f0-17205983538d","position":0,"ActivityId":"a3b3cb85-877a-4319-9f33-7e5c8cd512ff","BranchId":"00000000-0000-0000-0000-000000000000"}|999ac800-0a9c-11e9-bcd3-e982204aa8d5
2018-12-28 17:22:15.1088|DEBUG|Activity|Blocks|Adding block|{"Type":"Microsoft.DPrep.ParseDelimitedBlock","id":"63bf1cb1-f0ef-4a02-9120-4be6421fe256","position":1,"ActivityId":"a3b3cb85-877a-4319-9f33-7e5c8cd512ff","BranchId":"00000000-0000-0000-0000-000000000000"}|999ac800-0a9c-11e9-bcd3-e982204aa8d5
2018-12-28 17:22:15.1088|DEBUG|Activity|Blocks|Adding block|{"Type":"Microsoft.DPrep.DropColumnsBlock","id":"1bb8e2da-fc3e-41a4-957a-54a9934cf127","position":2,"ActivityId":"a3b3cb85-877a-4319-9f33-7e5c8cd512ff","BranchId":"00000000-0000-0000-0000-000000000000"}|999ac800-0a9c-11e9-bcd3-e982204aa8d5
2018-12-28 17:22:15.1088|DEBUG|Activity|Blocks|Adding block|{"Type":"Microsoft.DPrep.GetFilesBlock","id":"7d968969-6d84-4d19-97f0-17205983538d","position":0,"ActivityId":"50406f6a-3b69-4265-9063-52530a48cee0","BranchId":"00000000-0000-0000-0000-000000000000"}|999ac800-0a9c-11e9-bcd3-e982204aa8d5
2018-12-28 17:22:15.1088|DEBUG|Activity|Blocks|Adding block|{"Type":"Microsoft.DPrep.ParseDelimitedBlock","id":"63bf1cb1-f0ef-4a02-9120-4be6421fe256","position":1,"ActivityId":"50406f6a-3b69-4265-9063-52530a48cee0","BranchId":"00000000-0000-0000-0000-000000000000"}|999ac800-0a9c-11e9-bcd3-e982204aa8d5
2018-12-28 17:22:15.1088|DEBUG|Activity|Blocks|Adding block|{"Type":"Microsoft.DPrep.DropColumnsBlock","id":"1bb8e2da-fc3e-41a4-957a-54a9934cf127","position":2,"ActivityId":"50406f6a-3b69-4265-9063-52530a48cee0","BranchId":"00000000-0000-0000-0000-000000000000"}|999ac800-0a9c-11e9-bcd3-e982204aa8d5
2018-12-28 17:22:15.1088|DEBUG|Activity|Blocks|Adding block|{"Type":"Microsoft.DPrep.WriteDataSetBlock","id":"55aaa082-3cc3-454b-b4b9-0c41ac2988bb","position":3,"ActivityId":"50406f6a-3b69-4265-9063-52530a48cee0","BranchId":"00000000-0000-0000-0000-000000000000"}|999ac800-0a9c-11e9-bcd3-e982204aa8d5
2018-12-28 17:23:19.4075|DEBUG|Activity|Blocks|Adding block|{"Type":"Microsoft.DPrep.GetFilesBlock","id":"66fd6f03-b574-48fa-a3de-4d3f4a9ad388","position":0,"ActivityId":"f0522397-a585-4aac-86e3-4b4b0056a1b3","BranchId":"00000000-0000-0000-0000-000000000000"}|999ac800-0a9c-11e9-bcd3-e982204aa8d5
2018-12-28 17:23:19.4075|DEBUG|Activity|Blocks|Adding block|{"Type":"Microsoft.DPrep.ParseDelimitedBlock","id":"fb4cbd27-39d5-46c5-a951-a17bf146305c","position":1,"ActivityId":"f0522397-a585-4aac-86e3-4b4b0056a1b3","BranchId":"00000000-0000-0000-0000-000000000000"}|999ac800-0a9c-11e9-bcd3-e982204aa8d5
2018-12-28 17:23:19.4075|DEBUG|Activity|Blocks|Adding block|{"Type":"Microsoft.DPrep.DropColumnsBlock","id":"8bdc060c-47cc-4824-9e6a-e9dc8c3543ed","position":2,"ActivityId":"f0522397-a585-4aac-86e3-4b4b0056a1b3","BranchId":"00000000-0000-0000-0000-000000000000"}|999ac800-0a9c-11e9-bcd3-e982204aa8d5
2018-12-28 17:23:19.4075|DEBUG|Activity|Blocks|Adding block|{"Type":"Microsoft.DPrep.GetFilesBlock","id":"66fd6f03-b574-48fa-a3de-4d3f4a9ad388","position":0,"ActivityId":"50d65706-ba77-4d9b-9747-ec5b6978917d","BranchId":"00000000-0000-0000-0000-000000000000"}|999ac800-0a9c-11e9-bcd3-e982204aa8d5
2018-12-28 17:23:19.4075|DEBUG|Activity|Blocks|Adding block|{"Type":"Microsoft.DPrep.ParseDelimitedBlock","id":"fb4cbd27-39d5-46c5-a951-a17bf146305c","position":1,"ActivityId":"50d65706-ba77-4d9b-9747-ec5b6978917d","BranchId":"00000000-0000-0000-0000-000000000000"}|999ac800-0a9c-11e9-bcd3-e982204aa8d5
2018-12-28 17:23:19.4075|DEBUG|Activity|Blocks|Adding block|{"Type":"Microsoft.DPrep.DropColumnsBlock","id":"8bdc060c-47cc-4824-9e6a-e9dc8c3543ed","position":2,"ActivityId":"50d65706-ba77-4d9b-9747-ec5b6978917d","BranchId":"00000000-0000-0000-0000-000000000000"}|999ac800-0a9c-11e9-bcd3-e982204aa8d5
2018-12-28 17:23:19.4075|DEBUG|Activity|Blocks|Adding block|{"Type":"Microsoft.DPrep.WriteDataSetBlock","id":"bc0024db-f61d-4fbd-a5c5-b19852d273a8","position":3,"ActivityId":"50d65706-ba77-4d9b-9747-ec5b6978917d","BranchId":"00000000-0000-0000-0000-000000000000"}|999ac800-0a9c-11e9-bcd3-e982204aa8d5
2018-12-28 17:23:40.8522|DEBUG|Activity|Blocks|Adding block|{"Type":"Microsoft.DPrep.GetFilesBlock","id":"29fb04dc-4bfc-4233-ad27-b1fc9e2d63ee","position":0,"ActivityId":"940022a4-2ed4-49f4-beb3-6423154d9eb6","BranchId":"00000000-0000-0000-0000-000000000000"}|999ac800-0a9c-11e9-bcd3-e982204aa8d5
2018-12-28 17:23:40.8522|DEBUG|Activity|Blocks|Adding block|{"Type":"Microsoft.DPrep.ParseDelimitedBlock","id":"4b0ce204-fd4b-4c74-a2be-b5341239e723","position":1,"ActivityId":"940022a4-2ed4-49f4-beb3-6423154d9eb6","BranchId":"00000000-0000-0000-0000-000000000000"}|999ac800-0a9c-11e9-bcd3-e982204aa8d5
2018-12-28 17:23:40.8522|DEBUG|Activity|Blocks|Adding block|{"Type":"Microsoft.DPrep.DropColumnsBlock","id":"3bf136f5-6222-49c8-ae53-d5431d304e40","position":2,"ActivityId":"940022a4-2ed4-49f4-beb3-6423154d9eb6","BranchId":"00000000-0000-0000-0000-000000000000"}|999ac800-0a9c-11e9-bcd3-e982204aa8d5
2018-12-28 17:23:40.8586|DEBUG|Activity|Blocks|Adding block|{"Type":"Microsoft.DPrep.GetFilesBlock","id":"29fb04dc-4bfc-4233-ad27-b1fc9e2d63ee","position":0,"ActivityId":"4780a694-7917-46a6-8459-d057661ca73c","BranchId":"00000000-0000-0000-0000-000000000000"}|999ac800-0a9c-11e9-bcd3-e982204aa8d5
2018-12-28 17:23:40.8586|DEBUG|Activity|Blocks|Adding block|{"Type":"Microsoft.DPrep.ParseDelimitedBlock","id":"4b0ce204-fd4b-4c74-a2be-b5341239e723","position":1,"ActivityId":"4780a694-7917-46a6-8459-d057661ca73c","BranchId":"00000000-0000-0000-0000-000000000000"}|999ac800-0a9c-11e9-bcd3-e982204aa8d5
2018-12-28 17:23:40.8586|DEBUG|Activity|Blocks|Adding block|{"Type":"Microsoft.DPrep.DropColumnsBlock","id":"3bf136f5-6222-49c8-ae53-d5431d304e40","position":2,"ActivityId":"4780a694-7917-46a6-8459-d057661ca73c","BranchId":"00000000-0000-0000-0000-000000000000"}|999ac800-0a9c-11e9-bcd3-e982204aa8d5
2018-12-28 17:23:40.8586|DEBUG|Activity|Blocks|Adding block|{"Type":"Microsoft.DPrep.WriteDataSetBlock","id":"ecef03b1-b157-494c-8d6f-77f6866b5c98","position":3,"ActivityId":"4780a694-7917-46a6-8459-d057661ca73c","BranchId":"00000000-0000-0000-0000-000000000000"}|999ac800-0a9c-11e9-bcd3-e982204aa8d5
2018-12-28 17:25:24.2072|DEBUG|Activity|Blocks|Adding block|{"Type":"Microsoft.DPrep.GetFilesBlock","id":"750b43c7-8c7b-420a-845a-59286f7cef15","position":0,"ActivityId":"b78effd1-7477-4555-bf48-58018fa6e613","BranchId":"00000000-0000-0000-0000-000000000000"}|999ac800-0a9c-11e9-bcd3-e982204aa8d5
2018-12-28 17:25:24.2072|DEBUG|Activity|Blocks|Adding block|{"Type":"Microsoft.DPrep.ParseDelimitedBlock","id":"ff25edbf-a69c-42a5-87f1-aafa6e97da7f","position":1,"ActivityId":"b78effd1-7477-4555-bf48-58018fa6e613","BranchId":"00000000-0000-0000-0000-000000000000"}|999ac800-0a9c-11e9-bcd3-e982204aa8d5
2018-12-28 17:25:24.2072|DEBUG|Activity|Blocks|Adding block|{"Type":"Microsoft.DPrep.DropColumnsBlock","id":"ffc55882-ce34-4718-bfee-f94861cb0d28","position":2,"ActivityId":"b78effd1-7477-4555-bf48-58018fa6e613","BranchId":"00000000-0000-0000-0000-000000000000"}|999ac800-0a9c-11e9-bcd3-e982204aa8d5
2018-12-28 17:25:24.2072|DEBUG|Activity|Blocks|Adding block|{"Type":"Microsoft.DPrep.GetFilesBlock","id":"750b43c7-8c7b-420a-845a-59286f7cef15","position":0,"ActivityId":"a760f776-5862-4ab6-8cfb-581daf6aa2fc","BranchId":"00000000-0000-0000-0000-000000000000"}|999ac800-0a9c-11e9-bcd3-e982204aa8d5
2018-12-28 17:25:24.2072|DEBUG|Activity|Blocks|Adding block|{"Type":"Microsoft.DPrep.ParseDelimitedBlock","id":"ff25edbf-a69c-42a5-87f1-aafa6e97da7f","position":1,"ActivityId":"a760f776-5862-4ab6-8cfb-581daf6aa2fc","BranchId":"00000000-0000-0000-0000-000000000000"}|999ac800-0a9c-11e9-bcd3-e982204aa8d5
2018-12-28 17:25:24.2072|DEBUG|Activity|Blocks|Adding block|{"Type":"Microsoft.DPrep.DropColumnsBlock","id":"ffc55882-ce34-4718-bfee-f94861cb0d28","position":2,"ActivityId":"a760f776-5862-4ab6-8cfb-581daf6aa2fc","BranchId":"00000000-0000-0000-0000-000000000000"}|999ac800-0a9c-11e9-bcd3-e982204aa8d5
2018-12-28 17:25:24.2072|DEBUG|Activity|Blocks|Adding block|{"Type":"Microsoft.DPrep.WriteDataSetBlock","id":"7429408e-841e-4a88-8451-2651ce0a23bd","position":3,"ActivityId":"a760f776-5862-4ab6-8cfb-581daf6aa2fc","BranchId":"00000000-0000-0000-0000-000000000000"}|999ac800-0a9c-11e9-bcd3-e982204aa8d5
