2018-12-20 20:22:26.5738|DEBUG|CLex|QueryCache|Cache added|{"Operation":"SummarizeOperation","Reference":"","Tag":"c6e09044-bb68-49e4-b140-da4f14830a68","ContextTag":"687","ParentContextTag":"686"}|82432424-0494-11e9-805c-e982204aa8d5
2018-12-20 20:22:26.5738|DEBUG|CLex|QueryCache|Build RDD|{"Operation":"AddColumnsOperation","Reference":"","Tag":"c6e09044-bb68-49e4-b140-da4f14830a68","ContextTag":"688","ParentContextTag":"687"}|82432424-0494-11e9-805c-e982204aa8d5
2018-12-20 20:22:26.5738|DEBUG|CLex|QueryCache|Cache added|{"Operation":"AddColumnsOperation","Reference":"","Tag":"c6e09044-bb68-49e4-b140-da4f14830a68","ContextTag":"688","ParentContextTag":"687"}|82432424-0494-11e9-805c-e982204aa8d5
2018-12-20 20:22:26.5738|DEBUG|CLex|QueryCache|Build RDD|{"Operation":"AddColumnsOperation","Reference":"","Tag":"c6e09044-bb68-49e4-b140-da4f14830a68","ContextTag":"689","ParentContextTag":"688"}|82432424-0494-11e9-805c-e982204aa8d5
2018-12-20 20:22:26.5738|DEBUG|CLex|QueryCache|Cache added|{"Operation":"AddColumnsOperation","Reference":"","Tag":"c6e09044-bb68-49e4-b140-da4f14830a68","ContextTag":"689","ParentContextTag":"688"}|82432424-0494-11e9-805c-e982204aa8d5
2018-12-20 20:22:26.5738|DEBUG|CLex|QueryCache|Build RDD|{"Operation":"AddColumnsOperation","Reference":"","Tag":"c6e09044-bb68-49e4-b140-da4f14830a68","ContextTag":"690","ParentContextTag":"689"}|82432424-0494-11e9-805c-e982204aa8d5
2018-12-20 20:22:26.5738|DEBUG|CLex|QueryCache|Cache added|{"Operation":"AddColumnsOperation","Reference":"","Tag":"c6e09044-bb68-49e4-b140-da4f14830a68","ContextTag":"690","ParentContextTag":"689"}|82432424-0494-11e9-805c-e982204aa8d5
2018-12-20 20:22:26.5738|DEBUG|CLex|QueryCache|Build RDD|{"Operation":"AddColumnsOperation","Reference":"","Tag":"c6e09044-bb68-49e4-b140-da4f14830a68","ContextTag":"691","ParentContextTag":"690"}|82432424-0494-11e9-805c-e982204aa8d5
2018-12-20 20:22:26.5738|DEBUG|CLex|QueryCache|Cache added|{"Operation":"AddColumnsOperation","Reference":"","Tag":"c6e09044-bb68-49e4-b140-da4f14830a68","ContextTag":"691","ParentContextTag":"690"}|82432424-0494-11e9-805c-e982204aa8d5
2018-12-20 20:22:26.5738|DEBUG|CLex|QueryCache|Build RDD|{"Operation":"AddColumnsOperation","Reference":"","Tag":"c6e09044-bb68-49e4-b140-da4f14830a68","ContextTag":"692","ParentContextTag":"691"}|82432424-0494-11e9-805c-e982204aa8d5
2018-12-20 20:22:26.5738|DEBUG|CLex|QueryCache|Cache added|{"Operation":"AddColumnsOperation","Reference":"","Tag":"c6e09044-bb68-49e4-b140-da4f14830a68","ContextTag":"692","ParentContextTag":"691"}|82432424-0494-11e9-805c-e982204aa8d5
2018-12-20 20:22:26.5738|DEBUG|CLex|QueryCache|Build RDD|{"Operation":"AddColumnsOperation","Reference":"","Tag":"c6e09044-bb68-49e4-b140-da4f14830a68","ContextTag":"693","ParentContextTag":"692"}|82432424-0494-11e9-805c-e982204aa8d5
2018-12-20 20:22:26.5738|DEBUG|CLex|QueryCache|Cache added|{"Operation":"AddColumnsOperation","Reference":"","Tag":"c6e09044-bb68-49e4-b140-da4f14830a68","ContextTag":"693","ParentContextTag":"692"}|82432424-0494-11e9-805c-e982204aa8d5
2018-12-20 20:22:26.5738|DEBUG|CLex|QueryCache|Build RDD|{"Operation":"AddColumnsOperation","Reference":"","Tag":"c6e09044-bb68-49e4-b140-da4f14830a68","ContextTag":"694","ParentContextTag":"693"}|82432424-0494-11e9-805c-e982204aa8d5
2018-12-20 20:22:26.5738|DEBUG|CLex|QueryCache|Cache added|{"Operation":"AddColumnsOperation","Reference":"","Tag":"c6e09044-bb68-49e4-b140-da4f14830a68","ContextTag":"694","ParentContextTag":"693"}|82432424-0494-11e9-805c-e982204aa8d5
2018-12-20 20:22:26.5738|DEBUG|CLex|QueryCache|Build RDD|{"Operation":"AddColumnsOperation","Reference":"","Tag":"c6e09044-bb68-49e4-b140-da4f14830a68","ContextTag":"695","ParentContextTag":"694"}|82432424-0494-11e9-805c-e982204aa8d5
2018-12-20 20:22:26.5738|DEBUG|CLex|QueryCache|Cache added|{"Operation":"AddColumnsOperation","Reference":"","Tag":"c6e09044-bb68-49e4-b140-da4f14830a68","ContextTag":"695","ParentContextTag":"694"}|82432424-0494-11e9-805c-e982204aa8d5
2018-12-20 20:22:26.5738|DEBUG|CLex|QueryCache|Build RDD|{"Operation":"AddColumnsOperation","Reference":"","Tag":"c6e09044-bb68-49e4-b140-da4f14830a68","ContextTag":"696","ParentContextTag":"695"}|82432424-0494-11e9-805c-e982204aa8d5
2018-12-20 20:22:26.5738|DEBUG|CLex|QueryCache|Cache added|{"Operation":"AddColumnsOperation","Reference":"","Tag":"c6e09044-bb68-49e4-b140-da4f14830a68","ContextTag":"696","ParentContextTag":"695"}|82432424-0494-11e9-805c-e982204aa8d5
2018-12-20 20:22:26.5738|DEBUG|CLex|QueryCache|Build RDD|{"Operation":"AddColumnsOperation","Reference":"","Tag":"c6e09044-bb68-49e4-b140-da4f14830a68","ContextTag":"697","ParentContextTag":"696"}|82432424-0494-11e9-805c-e982204aa8d5
2018-12-20 20:22:26.5738|DEBUG|CLex|QueryCache|Cache added|{"Operation":"AddColumnsOperation","Reference":"","Tag":"c6e09044-bb68-49e4-b140-da4f14830a68","ContextTag":"697","ParentContextTag":"696"}|82432424-0494-11e9-805c-e982204aa8d5
2018-12-20 20:22:26.5738|DEBUG|CLex|QueryCache|Build RDD|{"Operation":"AddColumnsOperation","Reference":"","Tag":"c6e09044-bb68-49e4-b140-da4f14830a68","ContextTag":"698","ParentContextTag":"697"}|82432424-0494-11e9-805c-e982204aa8d5
2018-12-20 20:22:26.5738|DEBUG|CLex|QueryCache|Cache added|{"Operation":"AddColumnsOperation","Reference":"","Tag":"c6e09044-bb68-49e4-b140-da4f14830a68","ContextTag":"698","ParentContextTag":"697"}|82432424-0494-11e9-805c-e982204aa8d5
2018-12-20 20:22:26.5738|DEBUG|CLex|QueryCache|Build RDD|{"Operation":"AddColumnsOperation","Reference":"","Tag":"c6e09044-bb68-49e4-b140-da4f14830a68","ContextTag":"699","ParentContextTag":"698"}|82432424-0494-11e9-805c-e982204aa8d5
2018-12-20 20:22:26.5738|DEBUG|CLex|QueryCache|Cache added|{"Operation":"AddColumnsOperation","Reference":"","Tag":"c6e09044-bb68-49e4-b140-da4f14830a68","ContextTag":"699","ParentContextTag":"698"}|82432424-0494-11e9-805c-e982204aa8d5
2018-12-20 20:22:26.5738|DEBUG|CLex|QueryCache|Build RDD|{"Operation":"AddColumnsOperation","Reference":"","Tag":"c6e09044-bb68-49e4-b140-da4f14830a68","ContextTag":"700","ParentContextTag":"699"}|82432424-0494-11e9-805c-e982204aa8d5
2018-12-20 20:22:26.5738|DEBUG|CLex|QueryCache|Cache added|{"Operation":"AddColumnsOperation","Reference":"","Tag":"c6e09044-bb68-49e4-b140-da4f14830a68","ContextTag":"700","ParentContextTag":"699"}|82432424-0494-11e9-805c-e982204aa8d5
2018-12-20 20:22:26.5738|DEBUG|CLex|QueryCache|Build RDD|{"Operation":"AddColumnsOperation","Reference":"","Tag":"c6e09044-bb68-49e4-b140-da4f14830a68","ContextTag":"701","ParentContextTag":"700"}|82432424-0494-11e9-805c-e982204aa8d5
2018-12-20 20:22:26.5738|DEBUG|CLex|QueryCache|Cache added|{"Operation":"AddColumnsOperation","Reference":"","Tag":"c6e09044-bb68-49e4-b140-da4f14830a68","ContextTag":"701","ParentContextTag":"700"}|82432424-0494-11e9-805c-e982204aa8d5
2018-12-20 20:22:26.5738|DEBUG|CLex|QueryCache|Build RDD|{"Operation":"AddColumnsOperation","Reference":"","Tag":"c6e09044-bb68-49e4-b140-da4f14830a68","ContextTag":"702","ParentContextTag":"701"}|82432424-0494-11e9-805c-e982204aa8d5
2018-12-20 20:22:26.5738|DEBUG|CLex|QueryCache|Cache added|{"Operation":"AddColumnsOperation","Reference":"","Tag":"c6e09044-bb68-49e4-b140-da4f14830a68","ContextTag":"702","ParentContextTag":"701"}|82432424-0494-11e9-805c-e982204aa8d5
2018-12-20 20:22:26.5738|DEBUG|CLex|QueryCache|Build RDD|{"Operation":"AddColumnsOperation","Reference":"","Tag":"c6e09044-bb68-49e4-b140-da4f14830a68","ContextTag":"703","ParentContextTag":"702"}|82432424-0494-11e9-805c-e982204aa8d5
2018-12-20 20:22:26.5738|DEBUG|CLex|QueryCache|Cache added|{"Operation":"AddColumnsOperation","Reference":"","Tag":"c6e09044-bb68-49e4-b140-da4f14830a68","ContextTag":"703","ParentContextTag":"702"}|82432424-0494-11e9-805c-e982204aa8d5
2018-12-20 20:22:26.5738|DEBUG|CLex|QueryCache|Build RDD|{"Operation":"AddColumnsOperation","Reference":"","Tag":"c6e09044-bb68-49e4-b140-da4f14830a68","ContextTag":"704","ParentContextTag":"703"}|82432424-0494-11e9-805c-e982204aa8d5
2018-12-20 20:22:26.5738|DEBUG|CLex|QueryCache|Cache added|{"Operation":"AddColumnsOperation","Reference":"","Tag":"c6e09044-bb68-49e4-b140-da4f14830a68","ContextTag":"704","ParentContextTag":"703"}|82432424-0494-11e9-805c-e982204aa8d5
2018-12-20 20:22:26.5738|DEBUG|CLex|QueryCache|Build RDD|{"Operation":"AddColumnsOperation","Reference":"","Tag":"c6e09044-bb68-49e4-b140-da4f14830a68","ContextTag":"705","ParentContextTag":"704"}|82432424-0494-11e9-805c-e982204aa8d5
2018-12-20 20:22:26.5738|DEBUG|CLex|QueryCache|Cache added|{"Operation":"AddColumnsOperation","Reference":"","Tag":"c6e09044-bb68-49e4-b140-da4f14830a68","ContextTag":"705","ParentContextTag":"704"}|82432424-0494-11e9-805c-e982204aa8d5
2018-12-20 20:22:26.5738|DEBUG|CLex|QueryCache|Build RDD|{"Operation":"AddColumnsOperation","Reference":"","Tag":"c6e09044-bb68-49e4-b140-da4f14830a68","ContextTag":"706","ParentContextTag":"705"}|82432424-0494-11e9-805c-e982204aa8d5
2018-12-20 20:22:26.5738|DEBUG|CLex|QueryCache|Cache added|{"Operation":"AddColumnsOperation","Reference":"","Tag":"c6e09044-bb68-49e4-b140-da4f14830a68","ContextTag":"706","ParentContextTag":"705"}|82432424-0494-11e9-805c-e982204aa8d5
2018-12-20 20:22:26.5738|DEBUG|CLex|QueryCache|Build RDD|{"Operation":"AddColumnsOperation","Reference":"","Tag":"c6e09044-bb68-49e4-b140-da4f14830a68","ContextTag":"707","ParentContextTag":"706"}|82432424-0494-11e9-805c-e982204aa8d5
2018-12-20 20:22:26.5738|DEBUG|CLex|QueryCache|Cache added|{"Operation":"AddColumnsOperation","Reference":"","Tag":"c6e09044-bb68-49e4-b140-da4f14830a68","ContextTag":"707","ParentContextTag":"706"}|82432424-0494-11e9-805c-e982204aa8d5
2018-12-20 20:22:26.5738|DEBUG|CLex|QueryCache|Build RDD|{"Operation":"AddColumnsOperation","Reference":"","Tag":"c6e09044-bb68-49e4-b140-da4f14830a68","ContextTag":"708","ParentContextTag":"707"}|82432424-0494-11e9-805c-e982204aa8d5
2018-12-20 20:22:26.5738|DEBUG|CLex|QueryCache|Cache added|{"Operation":"AddColumnsOperation","Reference":"","Tag":"c6e09044-bb68-49e4-b140-da4f14830a68","ContextTag":"708","ParentContextTag":"707"}|82432424-0494-11e9-805c-e982204aa8d5
2018-12-20 20:22:26.5738|DEBUG|CLex|QueryCache|Build RDD|{"Operation":"AddColumnsOperation","Reference":"","Tag":"c6e09044-bb68-49e4-b140-da4f14830a68","ContextTag":"709","ParentContextTag":"708"}|82432424-0494-11e9-805c-e982204aa8d5
2018-12-20 20:22:26.5738|DEBUG|CLex|QueryCache|Cache added|{"Operation":"AddColumnsOperation","Reference":"","Tag":"c6e09044-bb68-49e4-b140-da4f14830a68","ContextTag":"709","ParentContextTag":"708"}|82432424-0494-11e9-805c-e982204aa8d5
2018-12-20 20:22:26.5738|DEBUG|CLex|QueryCache|Build RDD|{"Operation":"AddColumnsOperation","Reference":"","Tag":"c6e09044-bb68-49e4-b140-da4f14830a68","ContextTag":"710","ParentContextTag":"709"}|82432424-0494-11e9-805c-e982204aa8d5
2018-12-20 20:22:26.5738|DEBUG|CLex|QueryCache|Cache added|{"Operation":"AddColumnsOperation","Reference":"","Tag":"c6e09044-bb68-49e4-b140-da4f14830a68","ContextTag":"710","ParentContextTag":"709"}|82432424-0494-11e9-805c-e982204aa8d5
2018-12-20 20:22:26.5738|DEBUG|CLex|QueryCache|Build RDD|{"Operation":"AddColumnsOperation","Reference":"","Tag":"c6e09044-bb68-49e4-b140-da4f14830a68","ContextTag":"711","ParentContextTag":"710"}|82432424-0494-11e9-805c-e982204aa8d5
2018-12-20 20:22:26.5738|DEBUG|CLex|QueryCache|Cache added|{"Operation":"AddColumnsOperation","Reference":"","Tag":"c6e09044-bb68-49e4-b140-da4f14830a68","ContextTag":"711","ParentContextTag":"710"}|82432424-0494-11e9-805c-e982204aa8d5
2018-12-20 20:22:26.5738|DEBUG|CLex|QueryCache|Build RDD|{"Operation":"AddColumnsOperation","Reference":"","Tag":"c6e09044-bb68-49e4-b140-da4f14830a68","ContextTag":"712","ParentContextTag":"711"}|82432424-0494-11e9-805c-e982204aa8d5
2018-12-20 20:22:26.5738|DEBUG|CLex|QueryCache|Cache added|{"Operation":"AddColumnsOperation","Reference":"","Tag":"c6e09044-bb68-49e4-b140-da4f14830a68","ContextTag":"712","ParentContextTag":"711"}|82432424-0494-11e9-805c-e982204aa8d5
2018-12-20 20:22:26.5738|DEBUG|CLex|QueryCache|Build RDD|{"Operation":"AddColumnsOperation","Reference":"","Tag":"c6e09044-bb68-49e4-b140-da4f14830a68","ContextTag":"713","ParentContextTag":"712"}|82432424-0494-11e9-805c-e982204aa8d5
2018-12-20 20:22:26.5738|DEBUG|CLex|QueryCache|Cache added|{"Operation":"AddColumnsOperation","Reference":"","Tag":"c6e09044-bb68-49e4-b140-da4f14830a68","ContextTag":"713","ParentContextTag":"712"}|82432424-0494-11e9-805c-e982204aa8d5
2018-12-20 20:22:26.5738|DEBUG|CLex|QueryCache|Build RDD|{"Operation":"AddColumnsOperation","Reference":"","Tag":"c6e09044-bb68-49e4-b140-da4f14830a68","ContextTag":"714","ParentContextTag":"713"}|82432424-0494-11e9-805c-e982204aa8d5
2018-12-20 20:22:26.5738|DEBUG|CLex|QueryCache|Cache added|{"Operation":"AddColumnsOperation","Reference":"","Tag":"c6e09044-bb68-49e4-b140-da4f14830a68","ContextTag":"714","ParentContextTag":"713"}|82432424-0494-11e9-805c-e982204aa8d5
2018-12-20 20:22:26.5738|DEBUG|CLex|QueryCache|Build RDD|{"Operation":"AddColumnsOperation","Reference":"","Tag":"c6e09044-bb68-49e4-b140-da4f14830a68","ContextTag":"715","ParentContextTag":"714"}|82432424-0494-11e9-805c-e982204aa8d5
2018-12-20 20:22:26.5738|DEBUG|CLex|QueryCache|Cache added|{"Operation":"AddColumnsOperation","Reference":"","Tag":"c6e09044-bb68-49e4-b140-da4f14830a68","ContextTag":"715","ParentContextTag":"714"}|82432424-0494-11e9-805c-e982204aa8d5
2018-12-20 20:22:26.5738|DEBUG|CLex|QueryCache|Build RDD|{"Operation":"AddColumnsOperation","Reference":"","Tag":"c6e09044-bb68-49e4-b140-da4f14830a68","ContextTag":"716","ParentContextTag":"715"}|82432424-0494-11e9-805c-e982204aa8d5
2018-12-20 20:22:26.5738|DEBUG|CLex|QueryCache|Cache added|{"Operation":"AddColumnsOperation","Reference":"","Tag":"c6e09044-bb68-49e4-b140-da4f14830a68","ContextTag":"716","ParentContextTag":"715"}|82432424-0494-11e9-805c-e982204aa8d5
2018-12-20 20:22:26.5738|DEBUG|CLex|QueryCache|Build RDD|{"Operation":"AddColumnsOperation","Reference":"","Tag":"c6e09044-bb68-49e4-b140-da4f14830a68","ContextTag":"717","ParentContextTag":"716"}|82432424-0494-11e9-805c-e982204aa8d5
2018-12-20 20:22:26.5738|DEBUG|CLex|QueryCache|Cache added|{"Operation":"AddColumnsOperation","Reference":"","Tag":"c6e09044-bb68-49e4-b140-da4f14830a68","ContextTag":"717","ParentContextTag":"716"}|82432424-0494-11e9-805c-e982204aa8d5
2018-12-20 20:22:26.5738|DEBUG|CLex|QueryCache|Build RDD|{"Operation":"AddColumnsOperation","Reference":"","Tag":"c6e09044-bb68-49e4-b140-da4f14830a68","ContextTag":"718","ParentContextTag":"717"}|82432424-0494-11e9-805c-e982204aa8d5
2018-12-20 20:22:26.5738|DEBUG|CLex|QueryCache|Cache added|{"Operation":"AddColumnsOperation","Reference":"","Tag":"c6e09044-bb68-49e4-b140-da4f14830a68","ContextTag":"718","ParentContextTag":"717"}|82432424-0494-11e9-805c-e982204aa8d5
2018-12-20 20:22:26.5738|DEBUG|CLex|QueryCache|Build RDD|{"Operation":"AddColumnsOperation","Reference":"","Tag":"c6e09044-bb68-49e4-b140-da4f14830a68","ContextTag":"719","ParentContextTag":"718"}|82432424-0494-11e9-805c-e982204aa8d5
2018-12-20 20:22:26.5738|DEBUG|CLex|QueryCache|Cache added|{"Operation":"AddColumnsOperation","Reference":"","Tag":"c6e09044-bb68-49e4-b140-da4f14830a68","ContextTag":"719","ParentContextTag":"718"}|82432424-0494-11e9-805c-e982204aa8d5
2018-12-20 20:22:26.5738|DEBUG|CLex|QueryCache|Build RDD|{"Operation":"AddColumnsOperation","Reference":"","Tag":"c6e09044-bb68-49e4-b140-da4f14830a68","ContextTag":"720","ParentContextTag":"719"}|82432424-0494-11e9-805c-e982204aa8d5
2018-12-20 20:22:26.5738|DEBUG|CLex|QueryCache|Cache added|{"Operation":"AddColumnsOperation","Reference":"","Tag":"c6e09044-bb68-49e4-b140-da4f14830a68","ContextTag":"720","ParentContextTag":"719"}|82432424-0494-11e9-805c-e982204aa8d5
2018-12-20 20:22:26.5738|DEBUG|CLex|QueryCache|Build RDD|{"Operation":"AddColumnsOperation","Reference":"","Tag":"c6e09044-bb68-49e4-b140-da4f14830a68","ContextTag":"721","ParentContextTag":"720"}|82432424-0494-11e9-805c-e982204aa8d5
2018-12-20 20:22:26.5738|DEBUG|CLex|QueryCache|Cache added|{"Operation":"AddColumnsOperation","Reference":"","Tag":"c6e09044-bb68-49e4-b140-da4f14830a68","ContextTag":"721","ParentContextTag":"720"}|82432424-0494-11e9-805c-e982204aa8d5
2018-12-20 20:22:26.5738|DEBUG|CLex|QueryCache|Build RDD|{"Operation":"AddColumnsOperation","Reference":"","Tag":"c6e09044-bb68-49e4-b140-da4f14830a68","ContextTag":"722","ParentContextTag":"721"}|82432424-0494-11e9-805c-e982204aa8d5
2018-12-20 20:22:26.5738|DEBUG|CLex|QueryCache|Cache added|{"Operation":"AddColumnsOperation","Reference":"","Tag":"c6e09044-bb68-49e4-b140-da4f14830a68","ContextTag":"722","ParentContextTag":"721"}|82432424-0494-11e9-805c-e982204aa8d5
2018-12-20 20:22:26.5738|DEBUG|CLex|QueryCache|Build RDD|{"Operation":"AddColumnsOperation","Reference":"","Tag":"c6e09044-bb68-49e4-b140-da4f14830a68","ContextTag":"723","ParentContextTag":"722"}|82432424-0494-11e9-805c-e982204aa8d5
2018-12-20 20:22:26.5738|DEBUG|CLex|QueryCache|Cache added|{"Operation":"AddColumnsOperation","Reference":"","Tag":"c6e09044-bb68-49e4-b140-da4f14830a68","ContextTag":"723","ParentContextTag":"722"}|82432424-0494-11e9-805c-e982204aa8d5
2018-12-20 20:22:26.5738|DEBUG|CLex|QueryCache|Build RDD|{"Operation":"AddColumnsOperation","Reference":"","Tag":"c6e09044-bb68-49e4-b140-da4f14830a68","ContextTag":"724","ParentContextTag":"723"}|82432424-0494-11e9-805c-e982204aa8d5
2018-12-20 20:22:26.5738|DEBUG|CLex|QueryCache|Cache added|{"Operation":"AddColumnsOperation","Reference":"","Tag":"c6e09044-bb68-49e4-b140-da4f14830a68","ContextTag":"724","ParentContextTag":"723"}|82432424-0494-11e9-805c-e982204aa8d5
2018-12-20 20:22:26.5738|DEBUG|CLex|QueryCache|Build RDD|{"Operation":"AddColumnsOperation","Reference":"","Tag":"c6e09044-bb68-49e4-b140-da4f14830a68","ContextTag":"725","ParentContextTag":"724"}|82432424-0494-11e9-805c-e982204aa8d5
2018-12-20 20:22:26.5738|DEBUG|CLex|QueryCache|Cache added|{"Operation":"AddColumnsOperation","Reference":"","Tag":"c6e09044-bb68-49e4-b140-da4f14830a68","ContextTag":"725","ParentContextTag":"724"}|82432424-0494-11e9-805c-e982204aa8d5
2018-12-20 20:22:26.5738|DEBUG|CLex|QueryCache|Build RDD|{"Operation":"AddColumnsOperation","Reference":"","Tag":"c6e09044-bb68-49e4-b140-da4f14830a68","ContextTag":"726","ParentContextTag":"725"}|82432424-0494-11e9-805c-e982204aa8d5
2018-12-20 20:22:26.5738|DEBUG|CLex|QueryCache|Cache added|{"Operation":"AddColumnsOperation","Reference":"","Tag":"c6e09044-bb68-49e4-b140-da4f14830a68","ContextTag":"726","ParentContextTag":"725"}|82432424-0494-11e9-805c-e982204aa8d5
2018-12-20 20:22:26.5738|DEBUG|CLex|QueryCache|Build RDD|{"Operation":"AddColumnsOperation","Reference":"","Tag":"c6e09044-bb68-49e4-b140-da4f14830a68","ContextTag":"727","ParentContextTag":"726"}|82432424-0494-11e9-805c-e982204aa8d5
2018-12-20 20:22:26.5738|DEBUG|CLex|QueryCache|Cache added|{"Operation":"AddColumnsOperation","Reference":"","Tag":"c6e09044-bb68-49e4-b140-da4f14830a68","ContextTag":"727","ParentContextTag":"726"}|82432424-0494-11e9-805c-e982204aa8d5
2018-12-20 20:22:26.5738|DEBUG|CLex|QueryCache|Build RDD|{"Operation":"AddColumnsOperation","Reference":"","Tag":"c6e09044-bb68-49e4-b140-da4f14830a68","ContextTag":"728","ParentContextTag":"727"}|82432424-0494-11e9-805c-e982204aa8d5
2018-12-20 20:22:26.5738|DEBUG|CLex|QueryCache|Cache added|{"Operation":"AddColumnsOperation","Reference":"","Tag":"c6e09044-bb68-49e4-b140-da4f14830a68","ContextTag":"728","ParentContextTag":"727"}|82432424-0494-11e9-805c-e982204aa8d5
2018-12-20 20:22:26.5738|DEBUG|CLex|QueryCache|Build RDD|{"Operation":"AddColumnsOperation","Reference":"","Tag":"c6e09044-bb68-49e4-b140-da4f14830a68","ContextTag":"729","ParentContextTag":"728"}|82432424-0494-11e9-805c-e982204aa8d5
2018-12-20 20:22:26.5738|DEBUG|CLex|QueryCache|Cache added|{"Operation":"AddColumnsOperation","Reference":"","Tag":"c6e09044-bb68-49e4-b140-da4f14830a68","ContextTag":"729","ParentContextTag":"728"}|82432424-0494-11e9-805c-e982204aa8d5
2018-12-20 20:22:26.5738|DEBUG|CLex|QueryCache|Build RDD|{"Operation":"AddColumnsOperation","Reference":"","Tag":"c6e09044-bb68-49e4-b140-da4f14830a68","ContextTag":"730","ParentContextTag":"729"}|82432424-0494-11e9-805c-e982204aa8d5
2018-12-20 20:22:26.5738|DEBUG|CLex|QueryCache|Cache added|{"Operation":"AddColumnsOperation","Reference":"","Tag":"c6e09044-bb68-49e4-b140-da4f14830a68","ContextTag":"730","ParentContextTag":"729"}|82432424-0494-11e9-805c-e982204aa8d5
2018-12-20 20:22:26.5738|DEBUG|CLex|QueryCache|Build RDD|{"Operation":"AddColumnsOperation","Reference":"","Tag":"c6e09044-bb68-49e4-b140-da4f14830a68","ContextTag":"731","ParentContextTag":"730"}|82432424-0494-11e9-805c-e982204aa8d5
2018-12-20 20:22:26.5738|DEBUG|CLex|QueryCache|Cache added|{"Operation":"AddColumnsOperation","Reference":"","Tag":"c6e09044-bb68-49e4-b140-da4f14830a68","ContextTag":"731","ParentContextTag":"730"}|82432424-0494-11e9-805c-e982204aa8d5
2018-12-20 20:22:26.5738|DEBUG|CLex|QueryCache|Build RDD|{"Operation":"AddColumnsOperation","Reference":"","Tag":"c6e09044-bb68-49e4-b140-da4f14830a68","ContextTag":"732","ParentContextTag":"731"}|82432424-0494-11e9-805c-e982204aa8d5
2018-12-20 20:22:26.5738|DEBUG|CLex|QueryCache|Cache added|{"Operation":"AddColumnsOperation","Reference":"","Tag":"c6e09044-bb68-49e4-b140-da4f14830a68","ContextTag":"732","ParentContextTag":"731"}|82432424-0494-11e9-805c-e982204aa8d5
2018-12-20 20:22:26.5738|DEBUG|CLex|QueryCache|Build RDD|{"Operation":"AddColumnsOperation","Reference":"","Tag":"c6e09044-bb68-49e4-b140-da4f14830a68","ContextTag":"733","ParentContextTag":"732"}|82432424-0494-11e9-805c-e982204aa8d5
2018-12-20 20:22:26.5738|DEBUG|CLex|QueryCache|Cache added|{"Operation":"AddColumnsOperation","Reference":"","Tag":"c6e09044-bb68-49e4-b140-da4f14830a68","ContextTag":"733","ParentContextTag":"732"}|82432424-0494-11e9-805c-e982204aa8d5
2018-12-20 20:22:26.5738|DEBUG|CLex|QueryCache|Build RDD|{"Operation":"AddColumnsOperation","Reference":"","Tag":"c6e09044-bb68-49e4-b140-da4f14830a68","ContextTag":"734","ParentContextTag":"733"}|82432424-0494-11e9-805c-e982204aa8d5
2018-12-20 20:22:26.5738|DEBUG|CLex|QueryCache|Cache added|{"Operation":"AddColumnsOperation","Reference":"","Tag":"c6e09044-bb68-49e4-b140-da4f14830a68","ContextTag":"734","ParentContextTag":"733"}|82432424-0494-11e9-805c-e982204aa8d5
2018-12-20 20:22:26.5738|DEBUG|CLex|QueryCache|Build RDD|{"Operation":"AddColumnsOperation","Reference":"","Tag":"c6e09044-bb68-49e4-b140-da4f14830a68","ContextTag":"735","ParentContextTag":"734"}|82432424-0494-11e9-805c-e982204aa8d5
2018-12-20 20:22:26.5738|DEBUG|CLex|QueryCache|Cache added|{"Operation":"AddColumnsOperation","Reference":"","Tag":"c6e09044-bb68-49e4-b140-da4f14830a68","ContextTag":"735","ParentContextTag":"734"}|82432424-0494-11e9-805c-e982204aa8d5
2018-12-20 20:22:26.5738|DEBUG|CLex|QueryCache|Build RDD|{"Operation":"AddColumnsOperation","Reference":"","Tag":"c6e09044-bb68-49e4-b140-da4f14830a68","ContextTag":"736","ParentContextTag":"735"}|82432424-0494-11e9-805c-e982204aa8d5
2018-12-20 20:22:26.5738|DEBUG|CLex|QueryCache|Cache added|{"Operation":"AddColumnsOperation","Reference":"","Tag":"c6e09044-bb68-49e4-b140-da4f14830a68","ContextTag":"736","ParentContextTag":"735"}|82432424-0494-11e9-805c-e982204aa8d5
2018-12-20 20:22:26.5738|DEBUG|CLex|QueryCache|Build RDD|{"Operation":"AddColumnsOperation","Reference":"","Tag":"c6e09044-bb68-49e4-b140-da4f14830a68","ContextTag":"737","ParentContextTag":"736"}|82432424-0494-11e9-805c-e982204aa8d5
2018-12-20 20:22:26.5738|DEBUG|CLex|QueryCache|Cache added|{"Operation":"AddColumnsOperation","Reference":"","Tag":"c6e09044-bb68-49e4-b140-da4f14830a68","ContextTag":"737","ParentContextTag":"736"}|82432424-0494-11e9-805c-e982204aa8d5
2018-12-20 20:22:26.5738|DEBUG|CLex|QueryCache|Build RDD|{"Operation":"AddColumnsOperation","Reference":"","Tag":"c6e09044-bb68-49e4-b140-da4f14830a68","ContextTag":"738","ParentContextTag":"737"}|82432424-0494-11e9-805c-e982204aa8d5
2018-12-20 20:22:26.5738|DEBUG|CLex|QueryCache|Cache added|{"Operation":"AddColumnsOperation","Reference":"","Tag":"c6e09044-bb68-49e4-b140-da4f14830a68","ContextTag":"738","ParentContextTag":"737"}|82432424-0494-11e9-805c-e982204aa8d5
2018-12-20 20:22:26.5738|DEBUG|CLex|QueryCache|Build RDD|{"Operation":"AddColumnsOperation","Reference":"","Tag":"c6e09044-bb68-49e4-b140-da4f14830a68","ContextTag":"739","ParentContextTag":"738"}|82432424-0494-11e9-805c-e982204aa8d5
2018-12-20 20:22:26.5738|DEBUG|CLex|QueryCache|Cache added|{"Operation":"AddColumnsOperation","Reference":"","Tag":"c6e09044-bb68-49e4-b140-da4f14830a68","ContextTag":"739","ParentContextTag":"738"}|82432424-0494-11e9-805c-e982204aa8d5
2018-12-20 20:22:26.5738|DEBUG|CLex|QueryCache|Build RDD|{"Operation":"AddColumnsOperation","Reference":"","Tag":"c6e09044-bb68-49e4-b140-da4f14830a68","ContextTag":"740","ParentContextTag":"739"}|82432424-0494-11e9-805c-e982204aa8d5
2018-12-20 20:22:26.5738|DEBUG|CLex|QueryCache|Cache added|{"Operation":"AddColumnsOperation","Reference":"","Tag":"c6e09044-bb68-49e4-b140-da4f14830a68","ContextTag":"740","ParentContextTag":"739"}|82432424-0494-11e9-805c-e982204aa8d5
2018-12-20 20:22:26.5738|DEBUG|CLex|QueryCache|Build RDD|{"Operation":"AddColumnsOperation","Reference":"","Tag":"c6e09044-bb68-49e4-b140-da4f14830a68","ContextTag":"741","ParentContextTag":"740"}|82432424-0494-11e9-805c-e982204aa8d5
2018-12-20 20:22:26.5738|DEBUG|CLex|QueryCache|Cache added|{"Operation":"AddColumnsOperation","Reference":"","Tag":"c6e09044-bb68-49e4-b140-da4f14830a68","ContextTag":"741","ParentContextTag":"740"}|82432424-0494-11e9-805c-e982204aa8d5
2018-12-20 20:22:26.5738|DEBUG|CLex|QueryCache|Build RDD|{"Operation":"AddColumnsOperation","Reference":"","Tag":"c6e09044-bb68-49e4-b140-da4f14830a68","ContextTag":"742","ParentContextTag":"741"}|82432424-0494-11e9-805c-e982204aa8d5
2018-12-20 20:22:26.5738|DEBUG|CLex|QueryCache|Cache added|{"Operation":"AddColumnsOperation","Reference":"","Tag":"c6e09044-bb68-49e4-b140-da4f14830a68","ContextTag":"742","ParentContextTag":"741"}|82432424-0494-11e9-805c-e982204aa8d5
2018-12-20 20:22:26.5738|DEBUG|CLex|QueryCache|Build RDD|{"Operation":"AddColumnsOperation","Reference":"","Tag":"c6e09044-bb68-49e4-b140-da4f14830a68","ContextTag":"743","ParentContextTag":"742"}|82432424-0494-11e9-805c-e982204aa8d5
2018-12-20 20:22:26.5738|DEBUG|CLex|QueryCache|Cache added|{"Operation":"AddColumnsOperation","Reference":"","Tag":"c6e09044-bb68-49e4-b140-da4f14830a68","ContextTag":"743","ParentContextTag":"742"}|82432424-0494-11e9-805c-e982204aa8d5
2018-12-20 20:22:26.5738|DEBUG|CLex|QueryCache|Build RDD|{"Operation":"AddColumnsOperation","Reference":"","Tag":"c6e09044-bb68-49e4-b140-da4f14830a68","ContextTag":"744","ParentContextTag":"743"}|82432424-0494-11e9-805c-e982204aa8d5
2018-12-20 20:22:26.5738|DEBUG|CLex|QueryCache|Cache added|{"Operation":"AddColumnsOperation","Reference":"","Tag":"c6e09044-bb68-49e4-b140-da4f14830a68","ContextTag":"744","ParentContextTag":"743"}|82432424-0494-11e9-805c-e982204aa8d5
2018-12-20 20:22:26.5738|DEBUG|CLex|QueryCache|Build RDD|{"Operation":"AddColumnsOperation","Reference":"","Tag":"c6e09044-bb68-49e4-b140-da4f14830a68","ContextTag":"745","ParentContextTag":"744"}|82432424-0494-11e9-805c-e982204aa8d5
2018-12-20 20:22:26.5738|DEBUG|CLex|QueryCache|Cache added|{"Operation":"AddColumnsOperation","Reference":"","Tag":"c6e09044-bb68-49e4-b140-da4f14830a68","ContextTag":"745","ParentContextTag":"744"}|82432424-0494-11e9-805c-e982204aa8d5
2018-12-20 20:22:26.5738|DEBUG|CLex|QueryCache|Build RDD|{"Operation":"AddColumnsOperation","Reference":"","Tag":"c6e09044-bb68-49e4-b140-da4f14830a68","ContextTag":"746","ParentContextTag":"745"}|82432424-0494-11e9-805c-e982204aa8d5
2018-12-20 20:22:26.5738|DEBUG|CLex|QueryCache|Cache added|{"Operation":"AddColumnsOperation","Reference":"","Tag":"c6e09044-bb68-49e4-b140-da4f14830a68","ContextTag":"746","ParentContextTag":"745"}|82432424-0494-11e9-805c-e982204aa8d5
2018-12-20 20:22:26.5738|DEBUG|CLex|QueryCache|Build RDD|{"Operation":"AddColumnsOperation","Reference":"","Tag":"c6e09044-bb68-49e4-b140-da4f14830a68","ContextTag":"747","ParentContextTag":"746"}|82432424-0494-11e9-805c-e982204aa8d5
2018-12-20 20:22:26.5738|DEBUG|CLex|QueryCache|Cache added|{"Operation":"AddColumnsOperation","Reference":"","Tag":"c6e09044-bb68-49e4-b140-da4f14830a68","ContextTag":"747","ParentContextTag":"746"}|82432424-0494-11e9-805c-e982204aa8d5
2018-12-20 20:22:26.5738|DEBUG|CLex|QueryCache|Build RDD|{"Operation":"AddColumnsOperation","Reference":"","Tag":"c6e09044-bb68-49e4-b140-da4f14830a68","ContextTag":"748","ParentContextTag":"747"}|82432424-0494-11e9-805c-e982204aa8d5
2018-12-20 20:22:26.5738|DEBUG|CLex|QueryCache|Cache added|{"Operation":"AddColumnsOperation","Reference":"","Tag":"c6e09044-bb68-49e4-b140-da4f14830a68","ContextTag":"748","ParentContextTag":"747"}|82432424-0494-11e9-805c-e982204aa8d5
2018-12-20 20:22:26.5738|DEBUG|CLex|QueryCache|Build RDD|{"Operation":"AddColumnsOperation","Reference":"","Tag":"c6e09044-bb68-49e4-b140-da4f14830a68","ContextTag":"749","ParentContextTag":"748"}|82432424-0494-11e9-805c-e982204aa8d5
2018-12-20 20:22:26.5738|DEBUG|CLex|QueryCache|Cache added|{"Operation":"AddColumnsOperation","Reference":"","Tag":"c6e09044-bb68-49e4-b140-da4f14830a68","ContextTag":"749","ParentContextTag":"748"}|82432424-0494-11e9-805c-e982204aa8d5
2018-12-20 20:22:26.5738|DEBUG|CLex|QueryCache|Build RDD|{"Operation":"AddColumnsOperation","Reference":"","Tag":"c6e09044-bb68-49e4-b140-da4f14830a68","ContextTag":"750","ParentContextTag":"749"}|82432424-0494-11e9-805c-e982204aa8d5
2018-12-20 20:22:26.5738|DEBUG|CLex|QueryCache|Cache added|{"Operation":"AddColumnsOperation","Reference":"","Tag":"c6e09044-bb68-49e4-b140-da4f14830a68","ContextTag":"750","ParentContextTag":"749"}|82432424-0494-11e9-805c-e982204aa8d5
2018-12-20 20:22:26.5738|DEBUG|CLex|QueryCache|Build RDD|{"Operation":"AddColumnsOperation","Reference":"","Tag":"c6e09044-bb68-49e4-b140-da4f14830a68","ContextTag":"751","ParentContextTag":"750"}|82432424-0494-11e9-805c-e982204aa8d5
2018-12-20 20:22:26.5738|DEBUG|CLex|QueryCache|Cache added|{"Operation":"AddColumnsOperation","Reference":"","Tag":"c6e09044-bb68-49e4-b140-da4f14830a68","ContextTag":"751","ParentContextTag":"750"}|82432424-0494-11e9-805c-e982204aa8d5
2018-12-20 20:22:26.5738|DEBUG|CLex|QueryCache|Build RDD|{"Operation":"AddColumnsOperation","Reference":"","Tag":"c6e09044-bb68-49e4-b140-da4f14830a68","ContextTag":"752","ParentContextTag":"751"}|82432424-0494-11e9-805c-e982204aa8d5
2018-12-20 20:22:26.5738|DEBUG|CLex|QueryCache|Cache added|{"Operation":"AddColumnsOperation","Reference":"","Tag":"c6e09044-bb68-49e4-b140-da4f14830a68","ContextTag":"752","ParentContextTag":"751"}|82432424-0494-11e9-805c-e982204aa8d5
2018-12-20 20:22:26.5738|DEBUG|CLex|QueryCache|Build RDD|{"Operation":"AddColumnsOperation","Reference":"","Tag":"c6e09044-bb68-49e4-b140-da4f14830a68","ContextTag":"753","ParentContextTag":"752"}|82432424-0494-11e9-805c-e982204aa8d5
2018-12-20 20:22:26.5738|DEBUG|CLex|QueryCache|Cache added|{"Operation":"AddColumnsOperation","Reference":"","Tag":"c6e09044-bb68-49e4-b140-da4f14830a68","ContextTag":"753","ParentContextTag":"752"}|82432424-0494-11e9-805c-e982204aa8d5
2018-12-20 20:22:26.5738|DEBUG|CLex|QueryCache|Build RDD|{"Operation":"AddColumnsOperation","Reference":"","Tag":"c6e09044-bb68-49e4-b140-da4f14830a68","ContextTag":"754","ParentContextTag":"753"}|82432424-0494-11e9-805c-e982204aa8d5
2018-12-20 20:22:26.5738|DEBUG|CLex|QueryCache|Cache added|{"Operation":"AddColumnsOperation","Reference":"","Tag":"c6e09044-bb68-49e4-b140-da4f14830a68","ContextTag":"754","ParentContextTag":"753"}|82432424-0494-11e9-805c-e982204aa8d5
2018-12-20 20:22:26.5738|DEBUG|CLex|QueryCache|Build RDD|{"Operation":"AddColumnsOperation","Reference":"","Tag":"c6e09044-bb68-49e4-b140-da4f14830a68","ContextTag":"755","ParentContextTag":"754"}|82432424-0494-11e9-805c-e982204aa8d5
2018-12-20 20:22:26.5738|DEBUG|CLex|QueryCache|Cache added|{"Operation":"AddColumnsOperation","Reference":"","Tag":"c6e09044-bb68-49e4-b140-da4f14830a68","ContextTag":"755","ParentContextTag":"754"}|82432424-0494-11e9-805c-e982204aa8d5
2018-12-20 20:22:26.5738|DEBUG|CLex|QueryCache|Build RDD|{"Operation":"AddColumnsOperation","Reference":"","Tag":"c6e09044-bb68-49e4-b140-da4f14830a68","ContextTag":"756","ParentContextTag":"755"}|82432424-0494-11e9-805c-e982204aa8d5
2018-12-20 20:22:26.5738|DEBUG|CLex|QueryCache|Cache added|{"Operation":"AddColumnsOperation","Reference":"","Tag":"c6e09044-bb68-49e4-b140-da4f14830a68","ContextTag":"756","ParentContextTag":"755"}|82432424-0494-11e9-805c-e982204aa8d5
2018-12-20 20:22:26.5738|DEBUG|CLex|QueryCache|Build RDD|{"Operation":"AddColumnsOperation","Reference":"","Tag":"c6e09044-bb68-49e4-b140-da4f14830a68","ContextTag":"757","ParentContextTag":"756"}|82432424-0494-11e9-805c-e982204aa8d5
2018-12-20 20:22:26.5738|DEBUG|CLex|QueryCache|Cache added|{"Operation":"AddColumnsOperation","Reference":"","Tag":"c6e09044-bb68-49e4-b140-da4f14830a68","ContextTag":"757","ParentContextTag":"756"}|82432424-0494-11e9-805c-e982204aa8d5
2018-12-20 20:22:26.5738|DEBUG|CLex|QueryCache|Build RDD|{"Operation":"AddColumnsOperation","Reference":"","Tag":"c6e09044-bb68-49e4-b140-da4f14830a68","ContextTag":"758","ParentContextTag":"757"}|82432424-0494-11e9-805c-e982204aa8d5
2018-12-20 20:22:26.5738|DEBUG|CLex|QueryCache|Cache added|{"Operation":"AddColumnsOperation","Reference":"","Tag":"c6e09044-bb68-49e4-b140-da4f14830a68","ContextTag":"758","ParentContextTag":"757"}|82432424-0494-11e9-805c-e982204aa8d5
2018-12-20 20:22:26.5738|DEBUG|CLex|QueryCache|Build RDD|{"Operation":"AddColumnsOperation","Reference":"","Tag":"c6e09044-bb68-49e4-b140-da4f14830a68","ContextTag":"759","ParentContextTag":"758"}|82432424-0494-11e9-805c-e982204aa8d5
2018-12-20 20:22:26.5738|DEBUG|CLex|QueryCache|Cache added|{"Operation":"AddColumnsOperation","Reference":"","Tag":"c6e09044-bb68-49e4-b140-da4f14830a68","ContextTag":"759","ParentContextTag":"758"}|82432424-0494-11e9-805c-e982204aa8d5
2018-12-20 20:22:26.5738|DEBUG|CLex|QueryCache|Build RDD|{"Operation":"AddColumnsOperation","Reference":"","Tag":"c6e09044-bb68-49e4-b140-da4f14830a68","ContextTag":"760","ParentContextTag":"759"}|82432424-0494-11e9-805c-e982204aa8d5
2018-12-20 20:22:26.5738|DEBUG|CLex|QueryCache|Cache added|{"Operation":"AddColumnsOperation","Reference":"","Tag":"c6e09044-bb68-49e4-b140-da4f14830a68","ContextTag":"760","ParentContextTag":"759"}|82432424-0494-11e9-805c-e982204aa8d5
2018-12-20 20:22:26.5738|DEBUG|CLex|QueryCache|Build RDD|{"Operation":"AddColumnsOperation","Reference":"","Tag":"c6e09044-bb68-49e4-b140-da4f14830a68","ContextTag":"761","ParentContextTag":"760"}|82432424-0494-11e9-805c-e982204aa8d5
2018-12-20 20:22:26.5738|DEBUG|CLex|QueryCache|Cache added|{"Operation":"AddColumnsOperation","Reference":"","Tag":"c6e09044-bb68-49e4-b140-da4f14830a68","ContextTag":"761","ParentContextTag":"760"}|82432424-0494-11e9-805c-e982204aa8d5
2018-12-20 20:22:26.5738|DEBUG|CLex|QueryCache|Build RDD|{"Operation":"AddColumnsOperation","Reference":"","Tag":"c6e09044-bb68-49e4-b140-da4f14830a68","ContextTag":"762","ParentContextTag":"761"}|82432424-0494-11e9-805c-e982204aa8d5
2018-12-20 20:22:26.5738|DEBUG|CLex|QueryCache|Cache added|{"Operation":"AddColumnsOperation","Reference":"","Tag":"c6e09044-bb68-49e4-b140-da4f14830a68","ContextTag":"762","ParentContextTag":"761"}|82432424-0494-11e9-805c-e982204aa8d5
2018-12-20 20:22:26.5738|DEBUG|CLex|QueryCache|Build RDD|{"Operation":"AddColumnsOperation","Reference":"","Tag":"c6e09044-bb68-49e4-b140-da4f14830a68","ContextTag":"763","ParentContextTag":"762"}|82432424-0494-11e9-805c-e982204aa8d5
2018-12-20 20:22:26.5738|DEBUG|CLex|QueryCache|Cache added|{"Operation":"AddColumnsOperation","Reference":"","Tag":"c6e09044-bb68-49e4-b140-da4f14830a68","ContextTag":"763","ParentContextTag":"762"}|82432424-0494-11e9-805c-e982204aa8d5
2018-12-20 20:22:26.5738|DEBUG|CLex|QueryCache|Build RDD|{"Operation":"AddColumnsOperation","Reference":"","Tag":"c6e09044-bb68-49e4-b140-da4f14830a68","ContextTag":"764","ParentContextTag":"763"}|82432424-0494-11e9-805c-e982204aa8d5
2018-12-20 20:22:26.5738|DEBUG|CLex|QueryCache|Cache added|{"Operation":"AddColumnsOperation","Reference":"","Tag":"c6e09044-bb68-49e4-b140-da4f14830a68","ContextTag":"764","ParentContextTag":"763"}|82432424-0494-11e9-805c-e982204aa8d5
2018-12-20 20:22:26.5738|DEBUG|CLex|QueryCache|Build RDD|{"Operation":"AddColumnsOperation","Reference":"","Tag":"c6e09044-bb68-49e4-b140-da4f14830a68","ContextTag":"765","ParentContextTag":"764"}|82432424-0494-11e9-805c-e982204aa8d5
2018-12-20 20:22:26.5738|DEBUG|CLex|QueryCache|Cache added|{"Operation":"AddColumnsOperation","Reference":"","Tag":"c6e09044-bb68-49e4-b140-da4f14830a68","ContextTag":"765","ParentContextTag":"764"}|82432424-0494-11e9-805c-e982204aa8d5
2018-12-20 20:22:26.5738|DEBUG|CLex|QueryCache|Build RDD|{"Operation":"AddColumnsOperation","Reference":"","Tag":"c6e09044-bb68-49e4-b140-da4f14830a68","ContextTag":"766","ParentContextTag":"765"}|82432424-0494-11e9-805c-e982204aa8d5
2018-12-20 20:22:26.5738|DEBUG|CLex|QueryCache|Cache added|{"Operation":"AddColumnsOperation","Reference":"","Tag":"c6e09044-bb68-49e4-b140-da4f14830a68","ContextTag":"766","ParentContextTag":"765"}|82432424-0494-11e9-805c-e982204aa8d5
2018-12-20 20:22:26.5738|DEBUG|CLex|QueryCache|Build RDD|{"Operation":"RemoveColumnsOperation","Reference":"","Tag":"","ContextTag":"767","ParentContextTag":"766"}|82432424-0494-11e9-805c-e982204aa8d5
2018-12-20 20:22:26.5738|DEBUG|CLex|QueryCache|Cache added|{"Operation":"RemoveColumnsOperation","Reference":"","Tag":"","ContextTag":"767","ParentContextTag":"766"}|82432424-0494-11e9-805c-e982204aa8d5
2018-12-20 20:22:26.5738|DEBUG|CLex|QueryCache|Build RDD|{"Operation":"TakeOperation","Reference":"","Tag":"","ContextTag":"768","ParentContextTag":"767"}|82432424-0494-11e9-805c-e982204aa8d5
2018-12-20 20:22:26.5738|DEBUG|CLex|QueryCache|Cache added|{"Operation":"TakeOperation","Reference":"","Tag":"","ContextTag":"768","ParentContextTag":"767"}|82432424-0494-11e9-805c-e982204aa8d5
2018-12-20 20:22:26.5738|DEBUG|CLex|MapReduceExecutor|Execution Succeeded|{"ExecutionId":"8096550b-83f0-4009-9639-af6cfb3b7eb6","Main":"Lq9h8Yv+ugndXYQV0OK/iJzm6gsm0NvpDBBODxHZKcg="}|82432424-0494-11e9-805c-e982204aa8d5
2018-12-20 20:22:30.7981|DEBUG|CLex|MapReduceExecutor|Execution started|{"ExecutionId":"9b121ad9-7527-481e-8213-f0c1cc632eaf","Main":"qKxu11xGWOhSJJXDcMhDYcLm3DWcwh7V9jPA4s4f6tA="}|82432424-0494-11e9-805c-e982204aa8d5
2018-12-20 20:22:30.7981|DEBUG|CLex|QueryCacheOperationVisitor|Visiting activity. Activity: qKxu11xGWOhSJJXDcMhDYcLm3DWcwh7V9jPA4s4f6tA=|82432424-0494-11e9-805c-e982204aa8d5
2018-12-20 20:22:30.7981|DEBUG|CLex|QueryCache|Cache hit|{"Operation":"GetFilesOperation","Reference":"","Tag":"cc98569c-9cc8-4b23-a297-7ddc5a91e4e4","ContextTag":"0","ParentContextTag":""}|82432424-0494-11e9-805c-e982204aa8d5
2018-12-20 20:22:30.7981|DEBUG|CLex|QueryCache|Cache hit|{"Operation":"ReadFilesOperation","Reference":"","Tag":"8975884f-ce5c-4554-982d-f2bab81fc6b4","ContextTag":"14","ParentContextTag":"0"}|82432424-0494-11e9-805c-e982204aa8d5
2018-12-20 20:22:30.7981|DEBUG|CLex|QueryCache|Cache hit|{"Operation":"SplitColumnOperation","Reference":"","Tag":"8975884f-ce5c-4554-982d-f2bab81fc6b4","ContextTag":"15","ParentContextTag":"14"}|82432424-0494-11e9-805c-e982204aa8d5
2018-12-20 20:22:30.7981|DEBUG|CLex|QueryCache|Cache hit|{"Operation":"PromoteHeadersOperation","Reference":"","Tag":"8975884f-ce5c-4554-982d-f2bab81fc6b4","ContextTag":"16","ParentContextTag":"15"}|82432424-0494-11e9-805c-e982204aa8d5
2018-12-20 20:22:30.7981|DEBUG|CLex|QueryCache|Cache hit|{"Operation":"RemoveColumnsOperation","Reference":"","Tag":"","ContextTag":"17","ParentContextTag":"16"}|82432424-0494-11e9-805c-e982204aa8d5
2018-12-20 20:22:30.7981|DEBUG|CLex|QueryCache|Cache hit|{"Operation":"TransformColumnsTypesOperation","Reference":"","Tag":"9aa297b4-bf3e-47e9-ac42-a16c99ef7183","ContextTag":"18","ParentContextTag":"17"}|82432424-0494-11e9-805c-e982204aa8d5
2018-12-20 20:22:30.7981|DEBUG|CLex|QueryCache|Cache hit|{"Operation":"SkipOperation","Reference":"","Tag":"b2054ac0-e89c-42f8-806f-fd0e491906bd","ContextTag":"74","ParentContextTag":"18"}|82432424-0494-11e9-805c-e982204aa8d5
2018-12-20 20:22:30.7981|DEBUG|CLex|QueryCache|Cache hit|{"Operation":"FilterOperation","Reference":"","Tag":"b6e156a9-0c87-49c4-b99c-0eb782c9e698","ContextTag":"80","ParentContextTag":"74"}|82432424-0494-11e9-805c-e982204aa8d5
2018-12-20 20:22:30.7981|DEBUG|CLex|QueryCache|Cache hit|{"Operation":"RemoveColumnsOperation","Reference":"","Tag":"","ContextTag":"81","ParentContextTag":"80"}|82432424-0494-11e9-805c-e982204aa8d5
2018-12-20 20:22:30.7981|DEBUG|CLex|QueryCache|Cache hit|{"Operation":"TransformColumnsOperation","Reference":"","Tag":"e1aec95f-d3e2-49b4-98fb-c5948484a6f5","ContextTag":"225","ParentContextTag":"81"}|82432424-0494-11e9-805c-e982204aa8d5
2018-12-20 20:22:30.7981|DEBUG|CLex|QueryCache|Cache hit|{"Operation":"TransformColumnsOperation","Reference":"","Tag":"d1fd4596-f4a3-4dfe-b8bc-659f05b49951","ContextTag":"226","ParentContextTag":"225"}|82432424-0494-11e9-805c-e982204aa8d5
2018-12-20 20:22:30.7981|DEBUG|CLex|QueryCache|Cache hit|{"Operation":"TransformColumnsOperation","Reference":"","Tag":"fd22f95b-d6c4-41bb-aa2c-3b320c1cb276","ContextTag":"229","ParentContextTag":"226"}|82432424-0494-11e9-805c-e982204aa8d5
2018-12-20 20:22:30.7981|DEBUG|CLex|QueryCache|Cache hit|{"Operation":"TransformColumnsOperation","Reference":"","Tag":"e4059836-a2b0-4938-bf7b-9c83c5a07992","ContextTag":"230","ParentContextTag":"229"}|82432424-0494-11e9-805c-e982204aa8d5
2018-12-20 20:22:30.7981|DEBUG|CLex|QueryCache|Cache hit|{"Operation":"TransformColumnsTypesOperation","Reference":"","Tag":"f7ed3900-2db7-43d4-bf9a-ba5868cf3593","ContextTag":"233","ParentContextTag":"230"}|82432424-0494-11e9-805c-e982204aa8d5
2018-12-20 20:22:30.7981|DEBUG|CLex|QueryCache|Cache hit|{"Operation":"TransformColumnsOperation","Reference":"","Tag":"cd7213a7-51ad-4c1a-a8e3-ba1321ba176f","ContextTag":"234","ParentContextTag":"233"}|82432424-0494-11e9-805c-e982204aa8d5
2018-12-20 20:22:30.7981|DEBUG|CLex|QueryCache|Cache hit|{"Operation":"TransformColumnsTypesOperation","Reference":"","Tag":"cd7213a7-51ad-4c1a-a8e3-ba1321ba176f","ContextTag":"235","ParentContextTag":"234"}|82432424-0494-11e9-805c-e982204aa8d5
2018-12-20 20:22:30.7981|DEBUG|CLex|QueryCache|Cache hit|{"Operation":"AddColumnSetOperation","Reference":"","Tag":"891c27d5-3a2c-40d7-a5f7-7297319d5c16","ContextTag":"285","ParentContextTag":"235"}|82432424-0494-11e9-805c-e982204aa8d5
2018-12-20 20:22:30.7981|DEBUG|CLex|QueryCache|Cache hit|{"Operation":"AddColumnSetOperation","Reference":"","Tag":"f6aa4928-3c35-412c-827d-93329f3a4a9a","ContextTag":"333","ParentContextTag":"285"}|82432424-0494-11e9-805c-e982204aa8d5
2018-12-20 20:22:30.7981|DEBUG|CLex|QueryCache|Cache hit|{"Operation":"GetDataProfileOperation","Reference":"","Tag":"","ContextTag":"334","ParentContextTag":"333"}|82432424-0494-11e9-805c-e982204aa8d5
2018-12-20 20:22:30.7981|DEBUG|CLex|MapReduceExecutor|Execution Succeeded|{"ExecutionId":"9b121ad9-7527-481e-8213-f0c1cc632eaf","Main":"qKxu11xGWOhSJJXDcMhDYcLm3DWcwh7V9jPA4s4f6tA="}|82432424-0494-11e9-805c-e982204aa8d5
2018-12-20 20:22:30.8376|DEBUG|CLex|MapReduceExecutor|Execution started|{"ExecutionId":"5ef055d9-1f0e-4480-9ab9-45a509351c24","Main":"qKxu11xGWOhSJJXDcMhDYcLm3DWcwh7V9jPA4s4f6tA="}|82432424-0494-11e9-805c-e982204aa8d5
2018-12-20 20:22:30.8376|DEBUG|CLex|QueryCacheOperationVisitor|Visiting activity. Activity: qKxu11xGWOhSJJXDcMhDYcLm3DWcwh7V9jPA4s4f6tA=|82432424-0494-11e9-805c-e982204aa8d5
2018-12-20 20:22:30.8376|DEBUG|CLex|QueryCache|Cache hit|{"Operation":"GetFilesOperation","Reference":"","Tag":"cc98569c-9cc8-4b23-a297-7ddc5a91e4e4","ContextTag":"0","ParentContextTag":""}|82432424-0494-11e9-805c-e982204aa8d5
2018-12-20 20:22:30.8376|DEBUG|CLex|QueryCache|Cache hit|{"Operation":"ReadFilesOperation","Reference":"","Tag":"8975884f-ce5c-4554-982d-f2bab81fc6b4","ContextTag":"14","ParentContextTag":"0"}|82432424-0494-11e9-805c-e982204aa8d5
2018-12-20 20:22:30.8376|DEBUG|CLex|QueryCache|Cache hit|{"Operation":"SplitColumnOperation","Reference":"","Tag":"8975884f-ce5c-4554-982d-f2bab81fc6b4","ContextTag":"15","ParentContextTag":"14"}|82432424-0494-11e9-805c-e982204aa8d5
2018-12-20 20:22:30.8376|DEBUG|CLex|QueryCache|Cache hit|{"Operation":"PromoteHeadersOperation","Reference":"","Tag":"8975884f-ce5c-4554-982d-f2bab81fc6b4","ContextTag":"16","ParentContextTag":"15"}|82432424-0494-11e9-805c-e982204aa8d5
2018-12-20 20:22:30.8376|DEBUG|CLex|QueryCache|Cache hit|{"Operation":"RemoveColumnsOperation","Reference":"","Tag":"","ContextTag":"17","ParentContextTag":"16"}|82432424-0494-11e9-805c-e982204aa8d5
2018-12-20 20:22:30.8376|DEBUG|CLex|QueryCache|Cache hit|{"Operation":"TransformColumnsTypesOperation","Reference":"","Tag":"9aa297b4-bf3e-47e9-ac42-a16c99ef7183","ContextTag":"18","ParentContextTag":"17"}|82432424-0494-11e9-805c-e982204aa8d5
2018-12-20 20:22:30.8376|DEBUG|CLex|QueryCache|Cache hit|{"Operation":"SkipOperation","Reference":"","Tag":"b2054ac0-e89c-42f8-806f-fd0e491906bd","ContextTag":"74","ParentContextTag":"18"}|82432424-0494-11e9-805c-e982204aa8d5
2018-12-20 20:22:30.8376|DEBUG|CLex|QueryCache|Cache hit|{"Operation":"FilterOperation","Reference":"","Tag":"b6e156a9-0c87-49c4-b99c-0eb782c9e698","ContextTag":"80","ParentContextTag":"74"}|82432424-0494-11e9-805c-e982204aa8d5
2018-12-20 20:22:30.8376|DEBUG|CLex|QueryCache|Cache hit|{"Operation":"RemoveColumnsOperation","Reference":"","Tag":"","ContextTag":"81","ParentContextTag":"80"}|82432424-0494-11e9-805c-e982204aa8d5
2018-12-20 20:22:30.8376|DEBUG|CLex|QueryCache|Cache hit|{"Operation":"TransformColumnsOperation","Reference":"","Tag":"e1aec95f-d3e2-49b4-98fb-c5948484a6f5","ContextTag":"225","ParentContextTag":"81"}|82432424-0494-11e9-805c-e982204aa8d5
2018-12-20 20:22:30.8376|DEBUG|CLex|QueryCache|Cache hit|{"Operation":"TransformColumnsOperation","Reference":"","Tag":"d1fd4596-f4a3-4dfe-b8bc-659f05b49951","ContextTag":"226","ParentContextTag":"225"}|82432424-0494-11e9-805c-e982204aa8d5
2018-12-20 20:22:30.8376|DEBUG|CLex|QueryCache|Cache hit|{"Operation":"TransformColumnsOperation","Reference":"","Tag":"fd22f95b-d6c4-41bb-aa2c-3b320c1cb276","ContextTag":"229","ParentContextTag":"226"}|82432424-0494-11e9-805c-e982204aa8d5
2018-12-20 20:22:30.8376|DEBUG|CLex|QueryCache|Cache hit|{"Operation":"TransformColumnsOperation","Reference":"","Tag":"e4059836-a2b0-4938-bf7b-9c83c5a07992","ContextTag":"230","ParentContextTag":"229"}|82432424-0494-11e9-805c-e982204aa8d5
2018-12-20 20:22:30.8376|DEBUG|CLex|QueryCache|Cache hit|{"Operation":"TransformColumnsTypesOperation","Reference":"","Tag":"f7ed3900-2db7-43d4-bf9a-ba5868cf3593","ContextTag":"233","ParentContextTag":"230"}|82432424-0494-11e9-805c-e982204aa8d5
2018-12-20 20:22:30.8376|DEBUG|CLex|QueryCache|Cache hit|{"Operation":"TransformColumnsOperation","Reference":"","Tag":"cd7213a7-51ad-4c1a-a8e3-ba1321ba176f","ContextTag":"234","ParentContextTag":"233"}|82432424-0494-11e9-805c-e982204aa8d5
2018-12-20 20:22:30.8376|DEBUG|CLex|QueryCache|Cache hit|{"Operation":"TransformColumnsTypesOperation","Reference":"","Tag":"cd7213a7-51ad-4c1a-a8e3-ba1321ba176f","ContextTag":"235","ParentContextTag":"234"}|82432424-0494-11e9-805c-e982204aa8d5
2018-12-20 20:22:30.8376|DEBUG|CLex|QueryCache|Cache hit|{"Operation":"AddColumnSetOperation","Reference":"","Tag":"891c27d5-3a2c-40d7-a5f7-7297319d5c16","ContextTag":"285","ParentContextTag":"235"}|82432424-0494-11e9-805c-e982204aa8d5
2018-12-20 20:22:30.8376|DEBUG|CLex|QueryCache|Cache hit|{"Operation":"AddColumnSetOperation","Reference":"","Tag":"f6aa4928-3c35-412c-827d-93329f3a4a9a","ContextTag":"333","ParentContextTag":"285"}|82432424-0494-11e9-805c-e982204aa8d5
2018-12-20 20:22:30.8376|DEBUG|CLex|QueryCache|Build RDD|{"Operation":"SkipOperation","Reference":"","Tag":"","ContextTag":"769","ParentContextTag":"333"}|82432424-0494-11e9-805c-e982204aa8d5
2018-12-20 20:22:30.8376|DEBUG|CLex|QueryCache|Cache added|{"Operation":"SkipOperation","Reference":"","Tag":"","ContextTag":"769","ParentContextTag":"333"}|82432424-0494-11e9-805c-e982204aa8d5
2018-12-20 20:22:30.8376|DEBUG|CLex|QueryCache|Build RDD|{"Operation":"TakeOperation","Reference":"","Tag":"","ContextTag":"770","ParentContextTag":"769"}|82432424-0494-11e9-805c-e982204aa8d5
2018-12-20 20:22:30.8376|DEBUG|CLex|QueryCache|Cache added|{"Operation":"TakeOperation","Reference":"","Tag":"","ContextTag":"770","ParentContextTag":"769"}|82432424-0494-11e9-805c-e982204aa8d5
2018-12-20 20:22:30.8376|DEBUG|CLex|MapReduceExecutor|Execution Succeeded|{"ExecutionId":"5ef055d9-1f0e-4480-9ab9-45a509351c24","Main":"qKxu11xGWOhSJJXDcMhDYcLm3DWcwh7V9jPA4s4f6tA="}|82432424-0494-11e9-805c-e982204aa8d5
2018-12-20 20:22:30.9097|DEBUG|CLex|MapReduceExecutor|Execution started|{"ExecutionId":"9a22c5da-97e3-4b8b-b146-4a83e707e364","Main":"Etd9m/gQqAXtt8L9Fk8ZotevbY+7mlCotVnCRpJF1HU="}|82432424-0494-11e9-805c-e982204aa8d5
2018-12-20 20:22:30.9097|DEBUG|CLex|QueryCacheOperationVisitor|Visiting activity. Activity: Etd9m/gQqAXtt8L9Fk8ZotevbY+7mlCotVnCRpJF1HU=|82432424-0494-11e9-805c-e982204aa8d5
2018-12-20 20:22:30.9097|DEBUG|CLex|QueryCache|Cache hit|{"Operation":"GetFilesOperation","Reference":"","Tag":"b528fd0d-f378-42a2-9674-4f98a7ab2937","ContextTag":"384","ParentContextTag":""}|82432424-0494-11e9-805c-e982204aa8d5
2018-12-20 20:22:30.9097|DEBUG|CLex|QueryCache|Cache hit|{"Operation":"ReadFilesOperation","Reference":"","Tag":"83b3e377-963f-4af5-b0d8-4560c50d3c10","ContextTag":"399","ParentContextTag":"384"}|82432424-0494-11e9-805c-e982204aa8d5
2018-12-20 20:22:30.9097|DEBUG|CLex|QueryCache|Cache hit|{"Operation":"SplitColumnOperation","Reference":"","Tag":"83b3e377-963f-4af5-b0d8-4560c50d3c10","ContextTag":"400","ParentContextTag":"399"}|82432424-0494-11e9-805c-e982204aa8d5
2018-12-20 20:22:30.9097|DEBUG|CLex|QueryCache|Cache hit|{"Operation":"PromoteHeadersOperation","Reference":"","Tag":"83b3e377-963f-4af5-b0d8-4560c50d3c10","ContextTag":"491","ParentContextTag":"400"}|82432424-0494-11e9-805c-e982204aa8d5
2018-12-20 20:22:30.9097|DEBUG|CLex|QueryCache|Cache hit|{"Operation":"TransformColumnsTypesOperation","Reference":"","Tag":"78369381-446e-4bf3-b141-9ac21b8da8ec","ContextTag":"587","ParentContextTag":"491"}|82432424-0494-11e9-805c-e982204aa8d5
2018-12-20 20:22:30.9097|DEBUG|CLex|QueryCache|Cache hit|{"Operation":"RemoveColumnsOperation","Reference":"","Tag":"","ContextTag":"588","ParentContextTag":"587"}|82432424-0494-11e9-805c-e982204aa8d5
2018-12-20 20:22:30.9097|DEBUG|CLex|QueryCache|Cache hit|{"Operation":"SkipOperation","Reference":"","Tag":"d33cf498-d3bf-4c84-88a3-58b5c00da6c3","ContextTag":"591","ParentContextTag":"588"}|82432424-0494-11e9-805c-e982204aa8d5
2018-12-20 20:22:30.9097|DEBUG|CLex|QueryCache|Cache hit|{"Operation":"TransformColumnsOperation","Reference":"","Tag":"fb12e479-b257-4b1c-9619-35e20d201d67","ContextTag":"678","ParentContextTag":"591"}|82432424-0494-11e9-805c-e982204aa8d5
2018-12-20 20:22:30.9097|DEBUG|CLex|QueryCache|Cache hit|{"Operation":"TransformColumnsOperation","Reference":"","Tag":"0deeb5a1-5f67-44e7-8489-4d027bfa04d2","ContextTag":"679","ParentContextTag":"678"}|82432424-0494-11e9-805c-e982204aa8d5
2018-12-20 20:22:30.9097|DEBUG|CLex|QueryCache|Cache hit|{"Operation":"TransformColumnsTypesOperation","Reference":"","Tag":"1a33f5c1-36a3-4410-92c7-21ddfb18bf6b","ContextTag":"680","ParentContextTag":"679"}|82432424-0494-11e9-805c-e982204aa8d5
2018-12-20 20:22:30.9097|DEBUG|CLex|QueryCache|Cache hit|{"Operation":"TransformColumnsOperation","Reference":"","Tag":"f4492ee4-f4f4-4ee9-935b-dcc45b2a6cd0","ContextTag":"681","ParentContextTag":"680"}|82432424-0494-11e9-805c-e982204aa8d5
2018-12-20 20:22:30.9097|DEBUG|CLex|QueryCache|Cache hit|{"Operation":"TransformColumnsTypesOperation","Reference":"","Tag":"f4492ee4-f4f4-4ee9-935b-dcc45b2a6cd0","ContextTag":"682","ParentContextTag":"681"}|82432424-0494-11e9-805c-e982204aa8d5
2018-12-20 20:22:30.9097|DEBUG|CLex|QueryCache|Cache hit|{"Operation":"GetDataProfileOperation","Reference":"","Tag":"","ContextTag":"685","ParentContextTag":"682"}|82432424-0494-11e9-805c-e982204aa8d5
2018-12-20 20:22:30.9097|DEBUG|CLex|MapReduceExecutor|Execution Succeeded|{"ExecutionId":"9a22c5da-97e3-4b8b-b146-4a83e707e364","Main":"Etd9m/gQqAXtt8L9Fk8ZotevbY+7mlCotVnCRpJF1HU="}|82432424-0494-11e9-805c-e982204aa8d5
2018-12-20 20:22:30.9175|DEBUG|CLex|MapReduceExecutor|Execution started|{"ExecutionId":"eeaab422-955e-43a8-bc6c-edd26670db38","Main":"Etd9m/gQqAXtt8L9Fk8ZotevbY+7mlCotVnCRpJF1HU="}|82432424-0494-11e9-805c-e982204aa8d5
2018-12-20 20:22:30.9175|DEBUG|CLex|QueryCacheOperationVisitor|Visiting activity. Activity: Etd9m/gQqAXtt8L9Fk8ZotevbY+7mlCotVnCRpJF1HU=|82432424-0494-11e9-805c-e982204aa8d5
2018-12-20 20:22:30.9175|DEBUG|CLex|QueryCache|Cache hit|{"Operation":"GetFilesOperation","Reference":"","Tag":"b528fd0d-f378-42a2-9674-4f98a7ab2937","ContextTag":"384","ParentContextTag":""}|82432424-0494-11e9-805c-e982204aa8d5
2018-12-20 20:22:30.9175|DEBUG|CLex|QueryCache|Cache hit|{"Operation":"ReadFilesOperation","Reference":"","Tag":"83b3e377-963f-4af5-b0d8-4560c50d3c10","ContextTag":"399","ParentContextTag":"384"}|82432424-0494-11e9-805c-e982204aa8d5
2018-12-20 20:22:30.9175|DEBUG|CLex|QueryCache|Cache hit|{"Operation":"SplitColumnOperation","Reference":"","Tag":"83b3e377-963f-4af5-b0d8-4560c50d3c10","ContextTag":"400","ParentContextTag":"399"}|82432424-0494-11e9-805c-e982204aa8d5
2018-12-20 20:22:30.9175|DEBUG|CLex|QueryCache|Cache hit|{"Operation":"PromoteHeadersOperation","Reference":"","Tag":"83b3e377-963f-4af5-b0d8-4560c50d3c10","ContextTag":"491","ParentContextTag":"400"}|82432424-0494-11e9-805c-e982204aa8d5
2018-12-20 20:22:30.9175|DEBUG|CLex|QueryCache|Cache hit|{"Operation":"TransformColumnsTypesOperation","Reference":"","Tag":"78369381-446e-4bf3-b141-9ac21b8da8ec","ContextTag":"587","ParentContextTag":"491"}|82432424-0494-11e9-805c-e982204aa8d5
2018-12-20 20:22:30.9175|DEBUG|CLex|QueryCache|Cache hit|{"Operation":"RemoveColumnsOperation","Reference":"","Tag":"","ContextTag":"588","ParentContextTag":"587"}|82432424-0494-11e9-805c-e982204aa8d5
2018-12-20 20:22:30.9175|DEBUG|CLex|QueryCache|Cache hit|{"Operation":"SkipOperation","Reference":"","Tag":"d33cf498-d3bf-4c84-88a3-58b5c00da6c3","ContextTag":"591","ParentContextTag":"588"}|82432424-0494-11e9-805c-e982204aa8d5
2018-12-20 20:22:30.9175|DEBUG|CLex|QueryCache|Cache hit|{"Operation":"TransformColumnsOperation","Reference":"","Tag":"fb12e479-b257-4b1c-9619-35e20d201d67","ContextTag":"678","ParentContextTag":"591"}|82432424-0494-11e9-805c-e982204aa8d5
2018-12-20 20:22:30.9175|DEBUG|CLex|QueryCache|Cache hit|{"Operation":"TransformColumnsOperation","Reference":"","Tag":"0deeb5a1-5f67-44e7-8489-4d027bfa04d2","ContextTag":"679","ParentContextTag":"678"}|82432424-0494-11e9-805c-e982204aa8d5
2018-12-20 20:22:30.9175|DEBUG|CLex|QueryCache|Cache hit|{"Operation":"TransformColumnsTypesOperation","Reference":"","Tag":"1a33f5c1-36a3-4410-92c7-21ddfb18bf6b","ContextTag":"680","ParentContextTag":"679"}|82432424-0494-11e9-805c-e982204aa8d5
2018-12-20 20:22:30.9175|DEBUG|CLex|QueryCache|Cache hit|{"Operation":"TransformColumnsOperation","Reference":"","Tag":"f4492ee4-f4f4-4ee9-935b-dcc45b2a6cd0","ContextTag":"681","ParentContextTag":"680"}|82432424-0494-11e9-805c-e982204aa8d5
2018-12-20 20:22:30.9175|DEBUG|CLex|QueryCache|Cache hit|{"Operation":"TransformColumnsTypesOperation","Reference":"","Tag":"f4492ee4-f4f4-4ee9-935b-dcc45b2a6cd0","ContextTag":"682","ParentContextTag":"681"}|82432424-0494-11e9-805c-e982204aa8d5
2018-12-20 20:22:30.9175|DEBUG|CLex|QueryCache|Build RDD|{"Operation":"SkipOperation","Reference":"","Tag":"","ContextTag":"771","ParentContextTag":"682"}|82432424-0494-11e9-805c-e982204aa8d5
2018-12-20 20:22:30.9175|DEBUG|CLex|QueryCache|Cache added|{"Operation":"SkipOperation","Reference":"","Tag":"","ContextTag":"771","ParentContextTag":"682"}|82432424-0494-11e9-805c-e982204aa8d5
2018-12-20 20:22:30.9175|DEBUG|CLex|QueryCache|Build RDD|{"Operation":"TakeOperation","Reference":"","Tag":"","ContextTag":"772","ParentContextTag":"771"}|82432424-0494-11e9-805c-e982204aa8d5
2018-12-20 20:22:30.9175|DEBUG|CLex|QueryCache|Cache added|{"Operation":"TakeOperation","Reference":"","Tag":"","ContextTag":"772","ParentContextTag":"771"}|82432424-0494-11e9-805c-e982204aa8d5
2018-12-20 20:22:30.9175|DEBUG|CLex|MapReduceExecutor|Execution Succeeded|{"ExecutionId":"eeaab422-955e-43a8-bc6c-edd26670db38","Main":"Etd9m/gQqAXtt8L9Fk8ZotevbY+7mlCotVnCRpJF1HU="}|82432424-0494-11e9-805c-e982204aa8d5
2018-12-20 20:22:31.2330|DEBUG|CLex|MapReduceExecutor|Execution started|{"ExecutionId":"55137b98-3f9b-4c7e-9bac-bbdbbc0887b4","Main":"qKxu11xGWOhSJJXDcMhDYcLm3DWcwh7V9jPA4s4f6tA="}|82432424-0494-11e9-805c-e982204aa8d5
2018-12-20 20:22:31.2330|DEBUG|CLex|QueryCacheOperationVisitor|Visiting activity. Activity: qKxu11xGWOhSJJXDcMhDYcLm3DWcwh7V9jPA4s4f6tA=|82432424-0494-11e9-805c-e982204aa8d5
2018-12-20 20:22:31.2330|DEBUG|CLex|QueryCache|Cache hit|{"Operation":"GetFilesOperation","Reference":"","Tag":"cc98569c-9cc8-4b23-a297-7ddc5a91e4e4","ContextTag":"0","ParentContextTag":""}|82432424-0494-11e9-805c-e982204aa8d5
2018-12-20 20:22:31.2330|DEBUG|CLex|QueryCache|Cache hit|{"Operation":"ReadFilesOperation","Reference":"","Tag":"8975884f-ce5c-4554-982d-f2bab81fc6b4","ContextTag":"14","ParentContextTag":"0"}|82432424-0494-11e9-805c-e982204aa8d5
2018-12-20 20:22:31.2330|DEBUG|CLex|QueryCache|Cache hit|{"Operation":"SplitColumnOperation","Reference":"","Tag":"8975884f-ce5c-4554-982d-f2bab81fc6b4","ContextTag":"15","ParentContextTag":"14"}|82432424-0494-11e9-805c-e982204aa8d5
2018-12-20 20:22:31.2330|DEBUG|CLex|QueryCache|Cache hit|{"Operation":"PromoteHeadersOperation","Reference":"","Tag":"8975884f-ce5c-4554-982d-f2bab81fc6b4","ContextTag":"16","ParentContextTag":"15"}|82432424-0494-11e9-805c-e982204aa8d5
2018-12-20 20:22:31.2330|DEBUG|CLex|QueryCache|Cache hit|{"Operation":"RemoveColumnsOperation","Reference":"","Tag":"","ContextTag":"17","ParentContextTag":"16"}|82432424-0494-11e9-805c-e982204aa8d5
2018-12-20 20:22:31.2330|DEBUG|CLex|QueryCache|Cache hit|{"Operation":"TransformColumnsTypesOperation","Reference":"","Tag":"9aa297b4-bf3e-47e9-ac42-a16c99ef7183","ContextTag":"18","ParentContextTag":"17"}|82432424-0494-11e9-805c-e982204aa8d5
2018-12-20 20:22:31.2330|DEBUG|CLex|QueryCache|Cache hit|{"Operation":"SkipOperation","Reference":"","Tag":"b2054ac0-e89c-42f8-806f-fd0e491906bd","ContextTag":"74","ParentContextTag":"18"}|82432424-0494-11e9-805c-e982204aa8d5
2018-12-20 20:22:31.2330|DEBUG|CLex|QueryCache|Cache hit|{"Operation":"FilterOperation","Reference":"","Tag":"b6e156a9-0c87-49c4-b99c-0eb782c9e698","ContextTag":"80","ParentContextTag":"74"}|82432424-0494-11e9-805c-e982204aa8d5
2018-12-20 20:22:31.2330|DEBUG|CLex|QueryCache|Cache hit|{"Operation":"RemoveColumnsOperation","Reference":"","Tag":"","ContextTag":"81","ParentContextTag":"80"}|82432424-0494-11e9-805c-e982204aa8d5
2018-12-20 20:22:31.2330|DEBUG|CLex|QueryCache|Cache hit|{"Operation":"TransformColumnsOperation","Reference":"","Tag":"e1aec95f-d3e2-49b4-98fb-c5948484a6f5","ContextTag":"225","ParentContextTag":"81"}|82432424-0494-11e9-805c-e982204aa8d5
2018-12-20 20:22:31.2330|DEBUG|CLex|QueryCache|Cache hit|{"Operation":"TransformColumnsOperation","Reference":"","Tag":"d1fd4596-f4a3-4dfe-b8bc-659f05b49951","ContextTag":"226","ParentContextTag":"225"}|82432424-0494-11e9-805c-e982204aa8d5
2018-12-20 20:22:31.2330|DEBUG|CLex|QueryCache|Cache hit|{"Operation":"TransformColumnsOperation","Reference":"","Tag":"fd22f95b-d6c4-41bb-aa2c-3b320c1cb276","ContextTag":"229","ParentContextTag":"226"}|82432424-0494-11e9-805c-e982204aa8d5
2018-12-20 20:22:31.2330|DEBUG|CLex|QueryCache|Cache hit|{"Operation":"TransformColumnsOperation","Reference":"","Tag":"e4059836-a2b0-4938-bf7b-9c83c5a07992","ContextTag":"230","ParentContextTag":"229"}|82432424-0494-11e9-805c-e982204aa8d5
2018-12-20 20:22:31.2330|DEBUG|CLex|QueryCache|Cache hit|{"Operation":"TransformColumnsTypesOperation","Reference":"","Tag":"f7ed3900-2db7-43d4-bf9a-ba5868cf3593","ContextTag":"233","ParentContextTag":"230"}|82432424-0494-11e9-805c-e982204aa8d5
2018-12-20 20:22:31.2330|DEBUG|CLex|QueryCache|Cache hit|{"Operation":"TransformColumnsOperation","Reference":"","Tag":"cd7213a7-51ad-4c1a-a8e3-ba1321ba176f","ContextTag":"234","ParentContextTag":"233"}|82432424-0494-11e9-805c-e982204aa8d5
2018-12-20 20:22:31.2330|DEBUG|CLex|QueryCache|Cache hit|{"Operation":"TransformColumnsTypesOperation","Reference":"","Tag":"cd7213a7-51ad-4c1a-a8e3-ba1321ba176f","ContextTag":"235","ParentContextTag":"234"}|82432424-0494-11e9-805c-e982204aa8d5
2018-12-20 20:22:31.2330|DEBUG|CLex|QueryCache|Cache hit|{"Operation":"AddColumnSetOperation","Reference":"","Tag":"891c27d5-3a2c-40d7-a5f7-7297319d5c16","ContextTag":"285","ParentContextTag":"235"}|82432424-0494-11e9-805c-e982204aa8d5
2018-12-20 20:22:31.2330|DEBUG|CLex|QueryCache|Cache hit|{"Operation":"AddColumnSetOperation","Reference":"","Tag":"f6aa4928-3c35-412c-827d-93329f3a4a9a","ContextTag":"333","ParentContextTag":"285"}|82432424-0494-11e9-805c-e982204aa8d5
2018-12-20 20:22:31.2330|DEBUG|CLex|QueryCache|Cache hit|{"Operation":"GetDataProfileOperation","Reference":"","Tag":"","ContextTag":"334","ParentContextTag":"333"}|82432424-0494-11e9-805c-e982204aa8d5
2018-12-20 20:22:31.2330|DEBUG|CLex|MapReduceExecutor|Execution Succeeded|{"ExecutionId":"55137b98-3f9b-4c7e-9bac-bbdbbc0887b4","Main":"qKxu11xGWOhSJJXDcMhDYcLm3DWcwh7V9jPA4s4f6tA="}|82432424-0494-11e9-805c-e982204aa8d5
2018-12-20 20:22:31.2471|DEBUG|CLex|MapReduceExecutor|Execution started|{"ExecutionId":"e4519082-6796-4223-8038-4d2519d1a968","Main":"qKxu11xGWOhSJJXDcMhDYcLm3DWcwh7V9jPA4s4f6tA="}|82432424-0494-11e9-805c-e982204aa8d5
2018-12-20 20:22:31.2471|DEBUG|CLex|QueryCacheOperationVisitor|Visiting activity. Activity: qKxu11xGWOhSJJXDcMhDYcLm3DWcwh7V9jPA4s4f6tA=|82432424-0494-11e9-805c-e982204aa8d5
2018-12-20 20:22:31.2471|DEBUG|CLex|QueryCache|Cache hit|{"Operation":"GetFilesOperation","Reference":"","Tag":"cc98569c-9cc8-4b23-a297-7ddc5a91e4e4","ContextTag":"0","ParentContextTag":""}|82432424-0494-11e9-805c-e982204aa8d5
2018-12-20 20:22:31.2471|DEBUG|CLex|QueryCache|Cache hit|{"Operation":"ReadFilesOperation","Reference":"","Tag":"8975884f-ce5c-4554-982d-f2bab81fc6b4","ContextTag":"14","ParentContextTag":"0"}|82432424-0494-11e9-805c-e982204aa8d5
2018-12-20 20:22:31.2471|DEBUG|CLex|QueryCache|Cache hit|{"Operation":"SplitColumnOperation","Reference":"","Tag":"8975884f-ce5c-4554-982d-f2bab81fc6b4","ContextTag":"15","ParentContextTag":"14"}|82432424-0494-11e9-805c-e982204aa8d5
2018-12-20 20:22:31.2471|DEBUG|CLex|QueryCache|Cache hit|{"Operation":"PromoteHeadersOperation","Reference":"","Tag":"8975884f-ce5c-4554-982d-f2bab81fc6b4","ContextTag":"16","ParentContextTag":"15"}|82432424-0494-11e9-805c-e982204aa8d5
2018-12-20 20:22:31.2471|DEBUG|CLex|QueryCache|Cache hit|{"Operation":"RemoveColumnsOperation","Reference":"","Tag":"","ContextTag":"17","ParentContextTag":"16"}|82432424-0494-11e9-805c-e982204aa8d5
2018-12-20 20:22:31.2471|DEBUG|CLex|QueryCache|Cache hit|{"Operation":"TransformColumnsTypesOperation","Reference":"","Tag":"9aa297b4-bf3e-47e9-ac42-a16c99ef7183","ContextTag":"18","ParentContextTag":"17"}|82432424-0494-11e9-805c-e982204aa8d5
2018-12-20 20:22:31.2471|DEBUG|CLex|QueryCache|Cache hit|{"Operation":"SkipOperation","Reference":"","Tag":"b2054ac0-e89c-42f8-806f-fd0e491906bd","ContextTag":"74","ParentContextTag":"18"}|82432424-0494-11e9-805c-e982204aa8d5
2018-12-20 20:22:31.2471|DEBUG|CLex|QueryCache|Cache hit|{"Operation":"FilterOperation","Reference":"","Tag":"b6e156a9-0c87-49c4-b99c-0eb782c9e698","ContextTag":"80","ParentContextTag":"74"}|82432424-0494-11e9-805c-e982204aa8d5
2018-12-20 20:22:31.2471|DEBUG|CLex|QueryCache|Cache hit|{"Operation":"RemoveColumnsOperation","Reference":"","Tag":"","ContextTag":"81","ParentContextTag":"80"}|82432424-0494-11e9-805c-e982204aa8d5
2018-12-20 20:22:31.2471|DEBUG|CLex|QueryCache|Cache hit|{"Operation":"TransformColumnsOperation","Reference":"","Tag":"e1aec95f-d3e2-49b4-98fb-c5948484a6f5","ContextTag":"225","ParentContextTag":"81"}|82432424-0494-11e9-805c-e982204aa8d5
2018-12-20 20:22:31.2471|DEBUG|CLex|QueryCache|Cache hit|{"Operation":"TransformColumnsOperation","Reference":"","Tag":"d1fd4596-f4a3-4dfe-b8bc-659f05b49951","ContextTag":"226","ParentContextTag":"225"}|82432424-0494-11e9-805c-e982204aa8d5
2018-12-20 20:22:31.2471|DEBUG|CLex|QueryCache|Cache hit|{"Operation":"TransformColumnsOperation","Reference":"","Tag":"fd22f95b-d6c4-41bb-aa2c-3b320c1cb276","ContextTag":"229","ParentContextTag":"226"}|82432424-0494-11e9-805c-e982204aa8d5
2018-12-20 20:22:31.2471|DEBUG|CLex|QueryCache|Cache hit|{"Operation":"TransformColumnsOperation","Reference":"","Tag":"e4059836-a2b0-4938-bf7b-9c83c5a07992","ContextTag":"230","ParentContextTag":"229"}|82432424-0494-11e9-805c-e982204aa8d5
2018-12-20 20:22:31.2471|DEBUG|CLex|QueryCache|Cache hit|{"Operation":"TransformColumnsTypesOperation","Reference":"","Tag":"f7ed3900-2db7-43d4-bf9a-ba5868cf3593","ContextTag":"233","ParentContextTag":"230"}|82432424-0494-11e9-805c-e982204aa8d5
2018-12-20 20:22:31.2471|DEBUG|CLex|QueryCache|Cache hit|{"Operation":"TransformColumnsOperation","Reference":"","Tag":"cd7213a7-51ad-4c1a-a8e3-ba1321ba176f","ContextTag":"234","ParentContextTag":"233"}|82432424-0494-11e9-805c-e982204aa8d5
2018-12-20 20:22:31.2471|DEBUG|CLex|QueryCache|Cache hit|{"Operation":"TransformColumnsTypesOperation","Reference":"","Tag":"cd7213a7-51ad-4c1a-a8e3-ba1321ba176f","ContextTag":"235","ParentContextTag":"234"}|82432424-0494-11e9-805c-e982204aa8d5
2018-12-20 20:22:31.2471|DEBUG|CLex|QueryCache|Cache hit|{"Operation":"AddColumnSetOperation","Reference":"","Tag":"891c27d5-3a2c-40d7-a5f7-7297319d5c16","ContextTag":"285","ParentContextTag":"235"}|82432424-0494-11e9-805c-e982204aa8d5
2018-12-20 20:22:31.2471|DEBUG|CLex|QueryCache|Cache hit|{"Operation":"AddColumnSetOperation","Reference":"","Tag":"f6aa4928-3c35-412c-827d-93329f3a4a9a","ContextTag":"333","ParentContextTag":"285"}|82432424-0494-11e9-805c-e982204aa8d5
2018-12-20 20:22:31.2471|DEBUG|CLex|QueryCache|Cache hit|{"Operation":"SkipOperation","Reference":"","Tag":"","ContextTag":"769","ParentContextTag":"333"}|82432424-0494-11e9-805c-e982204aa8d5
2018-12-20 20:22:31.2471|DEBUG|CLex|QueryCache|Cache hit|{"Operation":"TakeOperation","Reference":"","Tag":"","ContextTag":"770","ParentContextTag":"769"}|82432424-0494-11e9-805c-e982204aa8d5
2018-12-20 20:22:31.2471|DEBUG|CLex|MapReduceExecutor|Execution Succeeded|{"ExecutionId":"e4519082-6796-4223-8038-4d2519d1a968","Main":"qKxu11xGWOhSJJXDcMhDYcLm3DWcwh7V9jPA4s4f6tA="}|82432424-0494-11e9-805c-e982204aa8d5
2018-12-20 20:22:31.2942|DEBUG|CLex|MapReduceExecutor|Execution started|{"ExecutionId":"7f1b5ccf-f933-4d1e-8dd0-d62bc2b0bd83","Main":"Etd9m/gQqAXtt8L9Fk8ZotevbY+7mlCotVnCRpJF1HU="}|82432424-0494-11e9-805c-e982204aa8d5
2018-12-20 20:22:31.2942|DEBUG|CLex|QueryCacheOperationVisitor|Visiting activity. Activity: Etd9m/gQqAXtt8L9Fk8ZotevbY+7mlCotVnCRpJF1HU=|82432424-0494-11e9-805c-e982204aa8d5
2018-12-20 20:22:31.2942|DEBUG|CLex|QueryCache|Cache hit|{"Operation":"GetFilesOperation","Reference":"","Tag":"b528fd0d-f378-42a2-9674-4f98a7ab2937","ContextTag":"384","ParentContextTag":""}|82432424-0494-11e9-805c-e982204aa8d5
2018-12-20 20:22:31.2942|DEBUG|CLex|QueryCache|Cache hit|{"Operation":"ReadFilesOperation","Reference":"","Tag":"83b3e377-963f-4af5-b0d8-4560c50d3c10","ContextTag":"399","ParentContextTag":"384"}|82432424-0494-11e9-805c-e982204aa8d5
2018-12-20 20:22:31.2942|DEBUG|CLex|QueryCache|Cache hit|{"Operation":"SplitColumnOperation","Reference":"","Tag":"83b3e377-963f-4af5-b0d8-4560c50d3c10","ContextTag":"400","ParentContextTag":"399"}|82432424-0494-11e9-805c-e982204aa8d5
2018-12-20 20:22:31.2942|DEBUG|CLex|QueryCache|Cache hit|{"Operation":"PromoteHeadersOperation","Reference":"","Tag":"83b3e377-963f-4af5-b0d8-4560c50d3c10","ContextTag":"491","ParentContextTag":"400"}|82432424-0494-11e9-805c-e982204aa8d5
2018-12-20 20:22:31.2942|DEBUG|CLex|QueryCache|Cache hit|{"Operation":"TransformColumnsTypesOperation","Reference":"","Tag":"78369381-446e-4bf3-b141-9ac21b8da8ec","ContextTag":"587","ParentContextTag":"491"}|82432424-0494-11e9-805c-e982204aa8d5
2018-12-20 20:22:31.2942|DEBUG|CLex|QueryCache|Cache hit|{"Operation":"RemoveColumnsOperation","Reference":"","Tag":"","ContextTag":"588","ParentContextTag":"587"}|82432424-0494-11e9-805c-e982204aa8d5
2018-12-20 20:22:31.2942|DEBUG|CLex|QueryCache|Cache hit|{"Operation":"SkipOperation","Reference":"","Tag":"d33cf498-d3bf-4c84-88a3-58b5c00da6c3","ContextTag":"591","ParentContextTag":"588"}|82432424-0494-11e9-805c-e982204aa8d5
2018-12-20 20:22:31.2942|DEBUG|CLex|QueryCache|Cache hit|{"Operation":"TransformColumnsOperation","Reference":"","Tag":"fb12e479-b257-4b1c-9619-35e20d201d67","ContextTag":"678","ParentContextTag":"591"}|82432424-0494-11e9-805c-e982204aa8d5
2018-12-20 20:22:31.2942|DEBUG|CLex|QueryCache|Cache hit|{"Operation":"TransformColumnsOperation","Reference":"","Tag":"0deeb5a1-5f67-44e7-8489-4d027bfa04d2","ContextTag":"679","ParentContextTag":"678"}|82432424-0494-11e9-805c-e982204aa8d5
2018-12-20 20:22:31.2942|DEBUG|CLex|QueryCache|Cache hit|{"Operation":"TransformColumnsTypesOperation","Reference":"","Tag":"1a33f5c1-36a3-4410-92c7-21ddfb18bf6b","ContextTag":"680","ParentContextTag":"679"}|82432424-0494-11e9-805c-e982204aa8d5
2018-12-20 20:22:31.2942|DEBUG|CLex|QueryCache|Cache hit|{"Operation":"TransformColumnsOperation","Reference":"","Tag":"f4492ee4-f4f4-4ee9-935b-dcc45b2a6cd0","ContextTag":"681","ParentContextTag":"680"}|82432424-0494-11e9-805c-e982204aa8d5
2018-12-20 20:22:31.2942|DEBUG|CLex|QueryCache|Cache hit|{"Operation":"TransformColumnsTypesOperation","Reference":"","Tag":"f4492ee4-f4f4-4ee9-935b-dcc45b2a6cd0","ContextTag":"682","ParentContextTag":"681"}|82432424-0494-11e9-805c-e982204aa8d5
2018-12-20 20:22:31.2942|DEBUG|CLex|QueryCache|Cache hit|{"Operation":"GetDataProfileOperation","Reference":"","Tag":"","ContextTag":"685","ParentContextTag":"682"}|82432424-0494-11e9-805c-e982204aa8d5
2018-12-20 20:22:31.2942|DEBUG|CLex|MapReduceExecutor|Execution Succeeded|{"ExecutionId":"7f1b5ccf-f933-4d1e-8dd0-d62bc2b0bd83","Main":"Etd9m/gQqAXtt8L9Fk8ZotevbY+7mlCotVnCRpJF1HU="}|82432424-0494-11e9-805c-e982204aa8d5
2018-12-20 20:22:31.3188|DEBUG|CLex|MapReduceExecutor|Execution started|{"ExecutionId":"bf6a65a9-22a6-4a9c-ad6e-47ad0eb56f06","Main":"Etd9m/gQqAXtt8L9Fk8ZotevbY+7mlCotVnCRpJF1HU="}|82432424-0494-11e9-805c-e982204aa8d5
2018-12-20 20:22:31.3188|DEBUG|CLex|QueryCacheOperationVisitor|Visiting activity. Activity: Etd9m/gQqAXtt8L9Fk8ZotevbY+7mlCotVnCRpJF1HU=|82432424-0494-11e9-805c-e982204aa8d5
2018-12-20 20:22:31.3188|DEBUG|CLex|QueryCache|Cache hit|{"Operation":"GetFilesOperation","Reference":"","Tag":"b528fd0d-f378-42a2-9674-4f98a7ab2937","ContextTag":"384","ParentContextTag":""}|82432424-0494-11e9-805c-e982204aa8d5
2018-12-20 20:22:31.3188|DEBUG|CLex|QueryCache|Cache hit|{"Operation":"ReadFilesOperation","Reference":"","Tag":"83b3e377-963f-4af5-b0d8-4560c50d3c10","ContextTag":"399","ParentContextTag":"384"}|82432424-0494-11e9-805c-e982204aa8d5
2018-12-20 20:22:31.3188|DEBUG|CLex|QueryCache|Cache hit|{"Operation":"SplitColumnOperation","Reference":"","Tag":"83b3e377-963f-4af5-b0d8-4560c50d3c10","ContextTag":"400","ParentContextTag":"399"}|82432424-0494-11e9-805c-e982204aa8d5
2018-12-20 20:22:31.3188|DEBUG|CLex|QueryCache|Cache hit|{"Operation":"PromoteHeadersOperation","Reference":"","Tag":"83b3e377-963f-4af5-b0d8-4560c50d3c10","ContextTag":"491","ParentContextTag":"400"}|82432424-0494-11e9-805c-e982204aa8d5
2018-12-20 20:22:31.3188|DEBUG|CLex|QueryCache|Cache hit|{"Operation":"TransformColumnsTypesOperation","Reference":"","Tag":"78369381-446e-4bf3-b141-9ac21b8da8ec","ContextTag":"587","ParentContextTag":"491"}|82432424-0494-11e9-805c-e982204aa8d5
2018-12-20 20:22:31.3188|DEBUG|CLex|QueryCache|Cache hit|{"Operation":"RemoveColumnsOperation","Reference":"","Tag":"","ContextTag":"588","ParentContextTag":"587"}|82432424-0494-11e9-805c-e982204aa8d5
2018-12-20 20:22:31.3188|DEBUG|CLex|QueryCache|Cache hit|{"Operation":"SkipOperation","Reference":"","Tag":"d33cf498-d3bf-4c84-88a3-58b5c00da6c3","ContextTag":"591","ParentContextTag":"588"}|82432424-0494-11e9-805c-e982204aa8d5
2018-12-20 20:22:31.3188|DEBUG|CLex|QueryCache|Cache hit|{"Operation":"TransformColumnsOperation","Reference":"","Tag":"fb12e479-b257-4b1c-9619-35e20d201d67","ContextTag":"678","ParentContextTag":"591"}|82432424-0494-11e9-805c-e982204aa8d5
2018-12-20 20:22:31.3188|DEBUG|CLex|QueryCache|Cache hit|{"Operation":"TransformColumnsOperation","Reference":"","Tag":"0deeb5a1-5f67-44e7-8489-4d027bfa04d2","ContextTag":"679","ParentContextTag":"678"}|82432424-0494-11e9-805c-e982204aa8d5
2018-12-20 20:22:31.3188|DEBUG|CLex|QueryCache|Cache hit|{"Operation":"TransformColumnsTypesOperation","Reference":"","Tag":"1a33f5c1-36a3-4410-92c7-21ddfb18bf6b","ContextTag":"680","ParentContextTag":"679"}|82432424-0494-11e9-805c-e982204aa8d5
2018-12-20 20:22:31.3188|DEBUG|CLex|QueryCache|Cache hit|{"Operation":"TransformColumnsOperation","Reference":"","Tag":"f4492ee4-f4f4-4ee9-935b-dcc45b2a6cd0","ContextTag":"681","ParentContextTag":"680"}|82432424-0494-11e9-805c-e982204aa8d5
2018-12-20 20:22:31.3188|DEBUG|CLex|QueryCache|Cache hit|{"Operation":"TransformColumnsTypesOperation","Reference":"","Tag":"f4492ee4-f4f4-4ee9-935b-dcc45b2a6cd0","ContextTag":"682","ParentContextTag":"681"}|82432424-0494-11e9-805c-e982204aa8d5
2018-12-20 20:22:31.3188|DEBUG|CLex|QueryCache|Cache hit|{"Operation":"SkipOperation","Reference":"","Tag":"","ContextTag":"771","ParentContextTag":"682"}|82432424-0494-11e9-805c-e982204aa8d5
2018-12-20 20:22:31.3188|DEBUG|CLex|QueryCache|Cache hit|{"Operation":"TakeOperation","Reference":"","Tag":"","ContextTag":"772","ParentContextTag":"771"}|82432424-0494-11e9-805c-e982204aa8d5
2018-12-20 20:22:31.3188|DEBUG|CLex|MapReduceExecutor|Execution Succeeded|{"ExecutionId":"bf6a65a9-22a6-4a9c-ad6e-47ad0eb56f06","Main":"Etd9m/gQqAXtt8L9Fk8ZotevbY+7mlCotVnCRpJF1HU="}|82432424-0494-11e9-805c-e982204aa8d5
2018-12-20 20:22:32.5920|DEBUG|CLex|MapReduceExecutor|Execution started|{"ExecutionId":"4c4f4425-cf24-44ae-83c7-470f0226b5d5","Main":"FXlUDCDMWUMXl4mv+24biPPpWtPxOyfEGQEJK2RKDXA="}|82432424-0494-11e9-805c-e982204aa8d5
2018-12-20 20:22:32.5920|DEBUG|CLex|QueryCacheOperationVisitor|Visiting activity. Activity: FXlUDCDMWUMXl4mv+24biPPpWtPxOyfEGQEJK2RKDXA=|82432424-0494-11e9-805c-e982204aa8d5
2018-12-20 20:22:32.5920|DEBUG|CLex|QueryCacheOperationVisitor|Visiting activity. Activity: Etd9m/gQqAXtt8L9Fk8ZotevbY+7mlCotVnCRpJF1HU=|82432424-0494-11e9-805c-e982204aa8d5
2018-12-20 20:22:32.5920|DEBUG|CLex|QueryCache|Cache hit|{"Operation":"GetFilesOperation","Reference":"","Tag":"b528fd0d-f378-42a2-9674-4f98a7ab2937","ContextTag":"384","ParentContextTag":""}|82432424-0494-11e9-805c-e982204aa8d5
2018-12-20 20:22:32.5920|DEBUG|CLex|QueryCache|Cache hit|{"Operation":"ReadFilesOperation","Reference":"","Tag":"83b3e377-963f-4af5-b0d8-4560c50d3c10","ContextTag":"399","ParentContextTag":"384"}|82432424-0494-11e9-805c-e982204aa8d5
2018-12-20 20:22:32.5920|DEBUG|CLex|QueryCache|Cache hit|{"Operation":"SplitColumnOperation","Reference":"","Tag":"83b3e377-963f-4af5-b0d8-4560c50d3c10","ContextTag":"400","ParentContextTag":"399"}|82432424-0494-11e9-805c-e982204aa8d5
2018-12-20 20:22:32.5920|DEBUG|CLex|QueryCache|Cache hit|{"Operation":"PromoteHeadersOperation","Reference":"","Tag":"83b3e377-963f-4af5-b0d8-4560c50d3c10","ContextTag":"491","ParentContextTag":"400"}|82432424-0494-11e9-805c-e982204aa8d5
2018-12-20 20:22:32.5920|DEBUG|CLex|QueryCache|Cache hit|{"Operation":"TransformColumnsTypesOperation","Reference":"","Tag":"78369381-446e-4bf3-b141-9ac21b8da8ec","ContextTag":"587","ParentContextTag":"491"}|82432424-0494-11e9-805c-e982204aa8d5
2018-12-20 20:22:32.5920|DEBUG|CLex|QueryCache|Cache hit|{"Operation":"RemoveColumnsOperation","Reference":"","Tag":"","ContextTag":"588","ParentContextTag":"587"}|82432424-0494-11e9-805c-e982204aa8d5
2018-12-20 20:22:32.5920|DEBUG|CLex|QueryCache|Cache hit|{"Operation":"SkipOperation","Reference":"","Tag":"d33cf498-d3bf-4c84-88a3-58b5c00da6c3","ContextTag":"591","ParentContextTag":"588"}|82432424-0494-11e9-805c-e982204aa8d5
2018-12-20 20:22:32.5920|DEBUG|CLex|QueryCache|Cache hit|{"Operation":"TransformColumnsOperation","Reference":"","Tag":"fb12e479-b257-4b1c-9619-35e20d201d67","ContextTag":"678","ParentContextTag":"591"}|82432424-0494-11e9-805c-e982204aa8d5
2018-12-20 20:22:32.5920|DEBUG|CLex|QueryCache|Cache hit|{"Operation":"TransformColumnsOperation","Reference":"","Tag":"0deeb5a1-5f67-44e7-8489-4d027bfa04d2","ContextTag":"679","ParentContextTag":"678"}|82432424-0494-11e9-805c-e982204aa8d5
2018-12-20 20:22:32.5920|DEBUG|CLex|QueryCache|Cache hit|{"Operation":"TransformColumnsTypesOperation","Reference":"","Tag":"1a33f5c1-36a3-4410-92c7-21ddfb18bf6b","ContextTag":"680","ParentContextTag":"679"}|82432424-0494-11e9-805c-e982204aa8d5
2018-12-20 20:22:32.5920|DEBUG|CLex|QueryCache|Cache hit|{"Operation":"TransformColumnsOperation","Reference":"","Tag":"f4492ee4-f4f4-4ee9-935b-dcc45b2a6cd0","ContextTag":"681","ParentContextTag":"680"}|82432424-0494-11e9-805c-e982204aa8d5
2018-12-20 20:22:32.5920|DEBUG|CLex|QueryCache|Cache hit|{"Operation":"TransformColumnsTypesOperation","Reference":"","Tag":"f4492ee4-f4f4-4ee9-935b-dcc45b2a6cd0","ContextTag":"682","ParentContextTag":"681"}|82432424-0494-11e9-805c-e982204aa8d5
2018-12-20 20:22:32.5920|DEBUG|CLex|QueryCache|Cache hit|{"Operation":"GetFilesOperation","Reference":"","Tag":"cc98569c-9cc8-4b23-a297-7ddc5a91e4e4","ContextTag":"0","ParentContextTag":""}|82432424-0494-11e9-805c-e982204aa8d5
2018-12-20 20:22:32.5920|DEBUG|CLex|QueryCache|Cache hit|{"Operation":"ReadFilesOperation","Reference":"","Tag":"8975884f-ce5c-4554-982d-f2bab81fc6b4","ContextTag":"14","ParentContextTag":"0"}|82432424-0494-11e9-805c-e982204aa8d5
2018-12-20 20:22:32.5920|DEBUG|CLex|QueryCache|Cache hit|{"Operation":"SplitColumnOperation","Reference":"","Tag":"8975884f-ce5c-4554-982d-f2bab81fc6b4","ContextTag":"15","ParentContextTag":"14"}|82432424-0494-11e9-805c-e982204aa8d5
2018-12-20 20:22:32.5920|DEBUG|CLex|QueryCache|Cache hit|{"Operation":"PromoteHeadersOperation","Reference":"","Tag":"8975884f-ce5c-4554-982d-f2bab81fc6b4","ContextTag":"16","ParentContextTag":"15"}|82432424-0494-11e9-805c-e982204aa8d5
2018-12-20 20:22:32.5920|DEBUG|CLex|QueryCache|Cache hit|{"Operation":"RemoveColumnsOperation","Reference":"","Tag":"","ContextTag":"17","ParentContextTag":"16"}|82432424-0494-11e9-805c-e982204aa8d5
2018-12-20 20:22:32.5920|DEBUG|CLex|QueryCache|Cache hit|{"Operation":"TransformColumnsTypesOperation","Reference":"","Tag":"9aa297b4-bf3e-47e9-ac42-a16c99ef7183","ContextTag":"18","ParentContextTag":"17"}|82432424-0494-11e9-805c-e982204aa8d5
2018-12-20 20:22:32.5920|DEBUG|CLex|QueryCache|Cache hit|{"Operation":"SkipOperation","Reference":"","Tag":"b2054ac0-e89c-42f8-806f-fd0e491906bd","ContextTag":"74","ParentContextTag":"18"}|82432424-0494-11e9-805c-e982204aa8d5
2018-12-20 20:22:32.5920|DEBUG|CLex|QueryCache|Cache hit|{"Operation":"FilterOperation","Reference":"","Tag":"b6e156a9-0c87-49c4-b99c-0eb782c9e698","ContextTag":"80","ParentContextTag":"74"}|82432424-0494-11e9-805c-e982204aa8d5
2018-12-20 20:22:32.5920|DEBUG|CLex|QueryCache|Cache hit|{"Operation":"RemoveColumnsOperation","Reference":"","Tag":"","ContextTag":"81","ParentContextTag":"80"}|82432424-0494-11e9-805c-e982204aa8d5
2018-12-20 20:22:32.5920|DEBUG|CLex|QueryCache|Cache hit|{"Operation":"TransformColumnsOperation","Reference":"","Tag":"e1aec95f-d3e2-49b4-98fb-c5948484a6f5","ContextTag":"225","ParentContextTag":"81"}|82432424-0494-11e9-805c-e982204aa8d5
2018-12-20 20:22:32.5920|DEBUG|CLex|QueryCache|Cache hit|{"Operation":"TransformColumnsOperation","Reference":"","Tag":"d1fd4596-f4a3-4dfe-b8bc-659f05b49951","ContextTag":"226","ParentContextTag":"225"}|82432424-0494-11e9-805c-e982204aa8d5
2018-12-20 20:22:32.5920|DEBUG|CLex|QueryCache|Cache hit|{"Operation":"TransformColumnsOperation","Reference":"","Tag":"fd22f95b-d6c4-41bb-aa2c-3b320c1cb276","ContextTag":"229","ParentContextTag":"226"}|82432424-0494-11e9-805c-e982204aa8d5
2018-12-20 20:22:32.5920|DEBUG|CLex|QueryCache|Cache hit|{"Operation":"TransformColumnsOperation","Reference":"","Tag":"e4059836-a2b0-4938-bf7b-9c83c5a07992","ContextTag":"230","ParentContextTag":"229"}|82432424-0494-11e9-805c-e982204aa8d5
2018-12-20 20:22:32.5920|DEBUG|CLex|QueryCache|Cache hit|{"Operation":"TransformColumnsTypesOperation","Reference":"","Tag":"f7ed3900-2db7-43d4-bf9a-ba5868cf3593","ContextTag":"233","ParentContextTag":"230"}|82432424-0494-11e9-805c-e982204aa8d5
2018-12-20 20:22:32.5920|DEBUG|CLex|QueryCache|Cache hit|{"Operation":"TransformColumnsOperation","Reference":"","Tag":"cd7213a7-51ad-4c1a-a8e3-ba1321ba176f","ContextTag":"234","ParentContextTag":"233"}|82432424-0494-11e9-805c-e982204aa8d5
2018-12-20 20:22:32.5920|DEBUG|CLex|QueryCache|Cache hit|{"Operation":"TransformColumnsTypesOperation","Reference":"","Tag":"cd7213a7-51ad-4c1a-a8e3-ba1321ba176f","ContextTag":"235","ParentContextTag":"234"}|82432424-0494-11e9-805c-e982204aa8d5
2018-12-20 20:22:32.5920|DEBUG|CLex|QueryCache|Cache hit|{"Operation":"AddColumnSetOperation","Reference":"","Tag":"891c27d5-3a2c-40d7-a5f7-7297319d5c16","ContextTag":"285","ParentContextTag":"235"}|82432424-0494-11e9-805c-e982204aa8d5
2018-12-20 20:22:32.5920|DEBUG|CLex|QueryCache|Cache hit|{"Operation":"AddColumnSetOperation","Reference":"","Tag":"f6aa4928-3c35-412c-827d-93329f3a4a9a","ContextTag":"333","ParentContextTag":"285"}|82432424-0494-11e9-805c-e982204aa8d5
2018-12-20 20:22:32.5920|DEBUG|CLex|QueryCache|Build RDD|{"Operation":"JoinOperation","Reference":"682","Tag":"2b4303ee-c03a-4774-9548-eac2f4e7cfb4","ContextTag":"773","ParentContextTag":"333"}|82432424-0494-11e9-805c-e982204aa8d5
2018-12-20 20:22:32.6088|DEBUG|CLex|QueryCache|Cache added|{"Operation":"JoinOperation","Reference":"682","Tag":"2b4303ee-c03a-4774-9548-eac2f4e7cfb4","ContextTag":"773","ParentContextTag":"333"}|82432424-0494-11e9-805c-e982204aa8d5
2018-12-20 20:22:32.6088|DEBUG|CLex|QueryCache|Build RDD|{"Operation":"TakeOperation","Reference":"","Tag":"f4e025c5-2049-4726-a2d0-18477269419a","ContextTag":"774","ParentContextTag":"773"}|82432424-0494-11e9-805c-e982204aa8d5
2018-12-20 20:22:32.6088|DEBUG|CLex|QueryCache|Cache added|{"Operation":"TakeOperation","Reference":"","Tag":"f4e025c5-2049-4726-a2d0-18477269419a","ContextTag":"774","ParentContextTag":"773"}|82432424-0494-11e9-805c-e982204aa8d5
2018-12-20 20:22:32.6088|DEBUG|CLex|QueryCache|Build RDD|{"Operation":"WriteFilesOperation","Reference":"","Tag":"0ba43cee-c4ac-4099-975d-99fcdfe16678","ContextTag":"775","ParentContextTag":"774"}|82432424-0494-11e9-805c-e982204aa8d5
2018-12-20 20:22:36.7063|DEBUG|CLex|QueryCache|Cache added|{"Operation":"WriteFilesOperation","Reference":"","Tag":"0ba43cee-c4ac-4099-975d-99fcdfe16678","ContextTag":"775","ParentContextTag":"774"}|82432424-0494-11e9-805c-e982204aa8d5
2018-12-20 20:22:36.7063|DEBUG|CLex|MapReduceExecutor|Execution Succeeded|{"ExecutionId":"4c4f4425-cf24-44ae-83c7-470f0226b5d5","Main":"FXlUDCDMWUMXl4mv+24biPPpWtPxOyfEGQEJK2RKDXA="}|82432424-0494-11e9-805c-e982204aa8d5
